[04/05/18, 11:10:41:630] info: ╔══════════════════════════════════════════════════════════════════════════════╗
[04/05/18, 11:10:41:634] info: ║      Slack 3.1.0, linux 4.15.14-1-ARCH on x64 at 04/05/18, 11:10:41:623      ║
[04/05/18, 11:10:41:634] info: ╚══════════════════════════════════════════════════════════════════════════════╝
[04/05/18, 11:10:42:173] info: Initializing local storage instance at path: /home/mbeach/.config/Slack/local-settings.json
[04/05/18, 11:10:43:428] error: Calls failed to load, bailing
[04/05/18, 11:10:43:437] info: cld3::loadModule: loading cld3 module
[04/05/18, 11:10:43:544] info: cld3Loader::loadModule: running environment is NODE
[04/05/18, 11:10:43:544] info: cld3Loader::loadModule: constructed module object for runtime
[04/05/18, 11:10:44:479] info: cld3Loader::initializeRuntime: successfully initialized module
[04/05/18, 11:10:44:480] info: cld3Loader::loadModule: initialized wasm binary Runtime
[04/05/18, 11:10:44:484] warn: updateSpellcheckerLanguage: Tried to update language, but spellchecker not initialized
[04/05/18, 11:10:44:484] info: SSBIntegration: Main window preload script loaded 3968.227109
[04/05/18, 11:10:52:209] info: Store: SELECT_CHANNEL D70F6V6BA
[04/05/18, 11:10:52:212] info: Store: UPDATE_TEAM_LOCALE
{
  "locale": "en-US"
}
[04/05/18, 11:10:52:212] info: Store: UPDATE_SETTINGS
{
  "locale": "en-US"
}
[04/05/18, 11:10:52:220] info: Store: UPSERT_WEB_CONTENTS
{
  "id": 3,
  "state": "loaded",
  "teamId": "T70J8333P"
}
[04/05/18, 11:10:52:232] info: Store: MAIN_WINDOW_SHOWN
[04/05/18, 11:10:52:292] info: Store: SET_FULL_SCREEN
[04/05/18, 11:10:52:292] info: Store: SET_FULL_SCREEN
[04/05/18, 11:10:52:293] info: Store: SET_FULL_SCREEN
[04/05/18, 11:10:52:305] info: Store: UPDATE_SESSION_STATUS
{
  "hasValidSession": true,
  "teamId": "T70J8333P"
}
[04/05/18, 11:10:52:432] info: Store: SAVE_WINDOW_SETTINGS
{
  "isMaximized": false,
  "position": [
    18,
    18
  ],
  "size": [
    1884,
    1114
  ]
}
[04/05/18, 11:10:52:433] info: Store: UPDATE_TEAM_LOCALE
{
  "locale": "en-US"
}
[04/05/18, 11:10:52:434] info: Store: UPSERT_WEB_CONTENTS
{
  "id": 3,
  "state": "webapp-loaded",
  "teamId": "T70J8333P"
}
[04/05/18, 11:10:52:494] info: Store: UPDATE_TEAM_THEME
{
  "teamId": "T70J8333P",
  "theme": {
    "active_item": "#4C9689",
    "active_item_text": "#FFFFFF",
    "active_presence": "#38978D",
    "badge": "#EB4D5C",
    "column_bg": "#4D394B",
    "hover_item": "#3E313C",
    "menu_bg": "#3E313C",
    "text_color": "#FFFFFF"
  }
}
[04/05/18, 11:10:52:502] info: Store: STORE_API_TOKEN
{
  "teamId": "T70J8333P",
  "token": "xoxs-⋯"
}
[04/05/18, 11:10:52:727] info: Store: UPDATE_TEAM_ICONS
{
  "icons": {
    "image_102": "https://slack-files2.s3-us-west-2.amazonaws.com/avatars/2017-09-08/238498482194_b1fd671c2dae558fbfa3_102.gif",
    "image_132": "https://slack-files2.s3-us-west-2.amazonaws.com/avatars/2017-09-08/238498482194_b1fd671c2dae558fbfa3_132.gif",
    "image_230": "https://slack-files2.s3-us-west-2.amazonaws.com/avatars/2017-09-08/238498482194_b1fd671c2dae558fbfa3_230.gif",
    "image_34": "https://slack-files2.s3-us-west-2.amazonaws.com/avatars/2017-09-08/238498482194_b1fd671c2dae558fbfa3_34.gif",
    "image_44": "https://slack-files2.s3-us-west-2.amazonaws.com/avatars/2017-09-08/238498482194_b1fd671c2dae558fbfa3_44.gif",
    "image_68": "https://slack-files2.s3-us-west-2.amazonaws.com/avatars/2017-09-08/238498482194_b1fd671c2dae558fbfa3_68.gif",
    "image_88": "https://slack-files2.s3-us-west-2.amazonaws.com/avatars/2017-09-08/238498482194_b1fd671c2dae558fbfa3_88.gif",
    "image_original": "https://slack-files2.s3-us-west-2.amazonaws.com/avatars/2017-09-08/238498482194_b1fd671c2dae558fbfa3_original.gif"
  },
  "teamId": "T70J8333P"
}
[04/05/18, 11:10:53:792] info: Raw Locale list: ["C","POSIX","en_CA.utf8","","/usr/bin/locale: Cannot set LC_CTYPE to default locale: No such file or directory","/usr/bin/locale: Cannot set LC_MESSAGES to default locale: No such file or directory","/usr/bin/locale: Cannot set LC_COLLATE to default locale: No such file or directory",""]
[04/05/18, 11:10:53:792] info: Filtered Locale list: ["en_CA"]
[04/05/18, 11:10:53:793] info: Counts: {"en":["en_CA"]}
[04/05/18, 11:10:53:793] info: Setting en
[04/05/18, 11:10:53:794] info: Result: {"en":"en-US"}
[04/05/18, 11:10:53:796] info: Requesting to load en-US, alternatives are ["en-US","en-US","en-US"]
[04/05/18, 11:10:53:798] info: Loading dictionary for language en-US
[04/05/18, 11:10:53:799] info: Returning local copy: /home/mbeach/.config/Slack/dictionaries/en-US.bdic
[04/05/18, 11:10:53:821] info: Setting current spellchecker to en-US, requested language was en-US
[04/05/18, 11:10:53:822] info: Creating node-spellchecker instance
[04/05/18, 11:10:53:834] info: Actually installing spell check provider to Electron
[04/05/18, 11:11:00:727] info: Store: SELECT_CHANNEL D70K3N1L1
[04/05/18, 11:11:03:034] info: Loading dictionary for language en-US
[04/05/18, 11:11:03:034] info: Returning local copy: /home/mbeach/.config/Slack/dictionaries/en-US.bdic
[04/05/18, 11:11:03:035] info: Setting current spellchecker to en-US, requested language was en-US
[04/05/18, 11:11:04:543] info: Unloading spellchecker
[04/05/18, 11:11:04:545] info: Store: SET_FULL_SCREEN
[04/05/18, 11:11:04:545] info: Store: SET_FULL_SCREEN
[04/05/18, 11:11:04:547] info: Unloading spellchecker
[04/05/18, 11:18:56:652] info: Restoring spellchecker
[04/05/18, 11:18:56:654] info: Loading dictionary for language en-US
[04/05/18, 11:18:56:655] info: Returning local copy: /home/mbeach/.config/Slack/dictionaries/en-US.bdic
[04/05/18, 11:18:56:724] info: Store: SET_FULL_SCREEN
[04/05/18, 11:18:56:730] info: Setting current spellchecker to en-US, requested language was en-US
[04/05/18, 11:18:56:730] info: Creating node-spellchecker instance
[04/05/18, 11:18:58:068] info: Store: SELECT_CHANNEL D71TMRGR2
[04/05/18, 11:19:00:422] info: Loading dictionary for language en-US
[04/05/18, 11:19:00:422] info: Returning local copy: /home/mbeach/.config/Slack/dictionaries/en-US.bdic
[04/05/18, 11:19:00:436] info: Setting current spellchecker to en-US, requested language was en-US
[04/05/18, 11:19:05:938] info: Store: SET_FULL_SCREEN
[04/05/18, 11:19:05:939] info: Store: SET_FULL_SCREEN
[04/05/18, 11:19:06:165] info: Unloading spellchecker
[04/05/18, 11:19:06:232] info: Unloading spellchecker
[04/05/18, 11:21:15:809] info: Restoring spellchecker
[04/05/18, 11:21:15:810] info: Loading dictionary for language en-US
[04/05/18, 11:21:15:811] info: Returning local copy: /home/mbeach/.config/Slack/dictionaries/en-US.bdic
[04/05/18, 11:21:15:891] info: Store: SET_FULL_SCREEN
[04/05/18, 11:21:15:899] info: Setting current spellchecker to en-US, requested language was en-US
[04/05/18, 11:21:15:899] info: Creating node-spellchecker instance
[04/05/18, 11:21:17:486] info: Store: SET_FULL_SCREEN
[04/05/18, 11:21:17:495] info: Unloading spellchecker
[04/05/18, 11:21:17:557] info: Store: SET_FULL_SCREEN
[04/05/18, 11:21:17:559] info: Unloading spellchecker
[04/05/18, 11:21:18:008] info: Restoring spellchecker
[04/05/18, 11:21:18:009] info: Loading dictionary for language en-US
[04/05/18, 11:21:18:010] info: Returning local copy: /home/mbeach/.config/Slack/dictionaries/en-US.bdic
[04/05/18, 11:21:18:112] info: Store: SET_FULL_SCREEN
[04/05/18, 11:21:18:113] info: Store: SET_FULL_SCREEN
[04/05/18, 11:21:18:118] info: Store: SET_FULL_SCREEN
[04/05/18, 11:21:18:134] info: Setting current spellchecker to en-US, requested language was en-US
[04/05/18, 11:21:18:134] info: Creating node-spellchecker instance
[04/05/18, 11:21:18:460] info: Unloading spellchecker
[04/05/18, 11:21:18:460] info: Store: SET_FULL_SCREEN
[04/05/18, 11:21:18:461] info: Store: SET_FULL_SCREEN
[04/05/18, 11:21:18:525] info: Unloading spellchecker
[04/05/18, 11:23:07:158] warn: Unable to read quiet hours setting: windows-quiet-hours works only on Windows
[04/05/18, 11:23:07:158] warn: Unable to read quiet hours setting: windows-quiet-hours works only on Windows
[04/05/18, 11:23:07:263] info: Store: NEW_NOTIFICATION
{
  "avatarImage": "https://ca.slack-edge.com/T70J8333P-U72ULH4VD-gb634e37e8c4-512",
  "channel": "D71TMRGR2",
  "content": "[REDACTED]",
  "id": "0Vg5f2hWQkzOwW7",
  "imageUri": null,
  "launchUri": "slack://channel?id=D71TMRGR2&message=1522941786.000903&team=T70J8333P",
  "msg": "1522941786.000903",
  "silent": true,
  "subtitle": "",
  "teamId": "T70J8333P",
  "title": "[REDACTED]"
}
[04/05/18, 11:23:09:943] info: Restoring spellchecker
[04/05/18, 11:23:09:944] info: Loading dictionary for language en-US
[04/05/18, 11:23:09:944] info: Returning local copy: /home/mbeach/.config/Slack/dictionaries/en-US.bdic
[04/05/18, 11:23:09:947] info: Store: SET_FULL_SCREEN
[04/05/18, 11:23:10:029] info: Setting current spellchecker to en-US, requested language was en-US
[04/05/18, 11:23:10:029] info: Creating node-spellchecker instance
[04/05/18, 11:23:25:922] info: Unloading spellchecker
[04/05/18, 11:23:25:976] info: Store: SET_FULL_SCREEN
[04/05/18, 11:23:25:977] info: Store: SET_FULL_SCREEN
[04/05/18, 11:23:25:983] info: Unloading spellchecker
[04/05/18, 11:23:30:347] info: Restoring spellchecker
[04/05/18, 11:23:30:348] info: Loading dictionary for language en-US
[04/05/18, 11:23:30:348] info: Returning local copy: /home/mbeach/.config/Slack/dictionaries/en-US.bdic
[04/05/18, 11:23:30:425] info: Store: SET_FULL_SCREEN
[04/05/18, 11:23:30:428] info: Setting current spellchecker to en-US, requested language was en-US
[04/05/18, 11:23:30:428] info: Creating node-spellchecker instance
[04/05/18, 11:23:45:365] info: Store: SET_FULL_SCREEN
[04/05/18, 11:23:45:369] info: Store: SET_FULL_SCREEN
[04/05/18, 11:23:45:400] info: Unloading spellchecker
[04/05/18, 11:23:45:403] info: Unloading spellchecker
[04/05/18, 11:26:16:431] info: Restoring spellchecker
[04/05/18, 11:26:16:431] info: Loading dictionary for language en-US
[04/05/18, 11:26:16:432] info: Returning local copy: /home/mbeach/.config/Slack/dictionaries/en-US.bdic
[04/05/18, 11:26:16:536] info: Store: SET_FULL_SCREEN
[04/05/18, 11:26:16:539] info: Setting current spellchecker to en-US, requested language was en-US
[04/05/18, 11:26:16:540] info: Creating node-spellchecker instance
[04/05/18, 11:26:17:043] info: Store: SET_FULL_SCREEN
[04/05/18, 11:26:17:047] info: Store: SET_FULL_SCREEN
[04/05/18, 11:26:17:204] info: Unloading spellchecker
[04/05/18, 11:26:17:216] info: Unloading spellchecker
[04/05/18, 11:27:48:471] info: Restoring spellchecker
[04/05/18, 11:27:48:474] info: Loading dictionary for language en-US
[04/05/18, 11:27:48:474] info: Returning local copy: /home/mbeach/.config/Slack/dictionaries/en-US.bdic
[04/05/18, 11:27:48:565] info: Store: SET_FULL_SCREEN
[04/05/18, 11:27:48:589] info: Setting current spellchecker to en-US, requested language was en-US
[04/05/18, 11:27:48:589] info: Creating node-spellchecker instance
[04/05/18, 11:27:48:877] info: Store: SET_FULL_SCREEN
[04/05/18, 11:27:48:878] info: Store: SET_FULL_SCREEN
[04/05/18, 11:27:48:940] info: Unloading spellchecker
[04/05/18, 11:27:49:010] info: Unloading spellchecker
[04/05/18, 11:27:49:396] info: Restoring spellchecker
[04/05/18, 11:27:49:397] info: Loading dictionary for language en-US
[04/05/18, 11:27:49:397] info: Returning local copy: /home/mbeach/.config/Slack/dictionaries/en-US.bdic
[04/05/18, 11:27:49:511] info: Store: SET_FULL_SCREEN
[04/05/18, 11:27:49:514] info: Setting current spellchecker to en-US, requested language was en-US
[04/05/18, 11:27:49:515] info: Creating node-spellchecker instance
[04/05/18, 11:27:49:869] info: Store: SET_FULL_SCREEN
[04/05/18, 11:27:49:878] info: Unloading spellchecker
[04/05/18, 11:27:49:914] info: Store: SET_FULL_SCREEN
[04/05/18, 11:27:49:916] info: Unloading spellchecker
[04/05/18, 11:29:34:088] info: Restoring spellchecker
[04/05/18, 11:29:34:089] info: Loading dictionary for language en-US
[04/05/18, 11:29:34:089] info: Returning local copy: /home/mbeach/.config/Slack/dictionaries/en-US.bdic
[04/05/18, 11:29:34:140] info: Store: SET_FULL_SCREEN
[04/05/18, 11:29:34:150] info: Setting current spellchecker to en-US, requested language was en-US
[04/05/18, 11:29:34:150] info: Creating node-spellchecker instance
[04/05/18, 11:29:34:464] info: Store: SET_FULL_SCREEN
[04/05/18, 11:29:34:469] info: Unloading spellchecker
[04/05/18, 11:29:34:470] info: Store: SET_FULL_SCREEN
[04/05/18, 11:29:34:552] info: Unloading spellchecker
[04/05/18, 11:38:11:879] info: Restoring spellchecker
[04/05/18, 11:38:11:880] info: Loading dictionary for language en-US
[04/05/18, 11:38:11:881] info: Returning local copy: /home/mbeach/.config/Slack/dictionaries/en-US.bdic
[04/05/18, 11:38:11:962] info: Store: SET_FULL_SCREEN
[04/05/18, 11:38:11:967] info: Setting current spellchecker to en-US, requested language was en-US
[04/05/18, 11:38:11:967] info: Creating node-spellchecker instance
[04/05/18, 11:38:12:144] info: Unloading spellchecker
[04/05/18, 11:38:12:201] info: Store: SET_FULL_SCREEN
[04/05/18, 11:38:12:202] info: Store: SET_FULL_SCREEN
[04/05/18, 11:38:12:204] info: Unloading spellchecker
[04/05/18, 11:38:12:957] info: Restoring spellchecker
[04/05/18, 11:38:12:958] info: Loading dictionary for language en-US
[04/05/18, 11:38:12:958] info: Returning local copy: /home/mbeach/.config/Slack/dictionaries/en-US.bdic
[04/05/18, 11:38:13:019] info: Store: SET_FULL_SCREEN
[04/05/18, 11:38:13:024] info: Setting current spellchecker to en-US, requested language was en-US
[04/05/18, 11:38:13:024] info: Creating node-spellchecker instance
[04/05/18, 11:38:13:279] info: Store: SET_FULL_SCREEN
[04/05/18, 11:38:13:280] info: Store: SET_FULL_SCREEN
[04/05/18, 11:38:13:286] info: Unloading spellchecker
[04/05/18, 11:38:13:356] info: Unloading spellchecker
[04/05/18, 11:40:15:090] info: Restoring spellchecker
[04/05/18, 11:40:15:091] info: Loading dictionary for language en-US
[04/05/18, 11:40:15:091] info: Returning local copy: /home/mbeach/.config/Slack/dictionaries/en-US.bdic
[04/05/18, 11:40:15:157] info: Store: SET_FULL_SCREEN
[04/05/18, 11:40:15:174] info: Setting current spellchecker to en-US, requested language was en-US
[04/05/18, 11:40:15:175] info: Creating node-spellchecker instance
[04/05/18, 11:40:15:759] info: Unloading spellchecker
[04/05/18, 11:40:15:759] info: Store: SET_FULL_SCREEN
[04/05/18, 11:40:15:760] info: Store: SET_FULL_SCREEN
[04/05/18, 11:40:15:762] info: Unloading spellchecker
[04/05/18, 11:40:46:283] info: Restoring spellchecker
[04/05/18, 11:40:46:284] info: Loading dictionary for language en-US
[04/05/18, 11:40:46:284] info: Returning local copy: /home/mbeach/.config/Slack/dictionaries/en-US.bdic
[04/05/18, 11:40:46:353] info: Store: SET_FULL_SCREEN
[04/05/18, 11:40:46:355] info: Setting current spellchecker to en-US, requested language was en-US
[04/05/18, 11:40:46:356] info: Creating node-spellchecker instance
[04/05/18, 11:40:46:698] info: Unloading spellchecker
[04/05/18, 11:40:46:741] info: Store: SET_FULL_SCREEN
[04/05/18, 11:40:46:742] info: Store: SET_FULL_SCREEN
[04/05/18, 11:40:46:744] info: Unloading spellchecker
[04/05/18, 11:41:00:904] info: Restoring spellchecker
[04/05/18, 11:41:00:905] info: Loading dictionary for language en-US
[04/05/18, 11:41:00:905] info: Returning local copy: /home/mbeach/.config/Slack/dictionaries/en-US.bdic
[04/05/18, 11:41:00:964] info: Store: SET_FULL_SCREEN
[04/05/18, 11:41:00:979] info: Setting current spellchecker to en-US, requested language was en-US
[04/05/18, 11:41:00:979] info: Creating node-spellchecker instance
[04/05/18, 11:41:01:753] info: Unloading spellchecker
[04/05/18, 11:41:01:754] info: Store: SET_FULL_SCREEN
[04/05/18, 11:41:01:754] info: Store: SET_FULL_SCREEN
[04/05/18, 11:41:01:756] info: Unloading spellchecker
[04/05/18, 11:41:33:561] info: Restoring spellchecker
[04/05/18, 11:41:33:561] info: Loading dictionary for language en-US
[04/05/18, 11:41:33:562] info: Returning local copy: /home/mbeach/.config/Slack/dictionaries/en-US.bdic
[04/05/18, 11:41:33:565] info: Store: SET_FULL_SCREEN
[04/05/18, 11:41:33:619] info: Setting current spellchecker to en-US, requested language was en-US
[04/05/18, 11:41:33:620] info: Creating node-spellchecker instance
[04/05/18, 11:41:34:298] info: Unloading spellchecker
[04/05/18, 11:41:34:299] info: Store: SET_FULL_SCREEN
[04/05/18, 11:41:34:302] info: Store: SET_FULL_SCREEN
[04/05/18, 11:41:34:307] info: Unloading spellchecker
[04/05/18, 11:42:00:726] info: Restoring spellchecker
[04/05/18, 11:42:00:727] info: Loading dictionary for language en-US
[04/05/18, 11:42:00:727] info: Returning local copy: /home/mbeach/.config/Slack/dictionaries/en-US.bdic
[04/05/18, 11:42:00:797] info: Store: SET_FULL_SCREEN
[04/05/18, 11:42:00:800] info: Setting current spellchecker to en-US, requested language was en-US
[04/05/18, 11:42:00:800] info: Creating node-spellchecker instance
[04/05/18, 11:42:01:307] info: Store: SET_FULL_SCREEN
[04/05/18, 11:42:01:310] info: Store: SET_FULL_SCREEN
[04/05/18, 11:42:02:402] info: Store: SET_FULL_SCREEN
[04/05/18, 11:42:02:407] info: Store: SET_FULL_SCREEN
[04/05/18, 11:42:02:949] info: Store: SET_FULL_SCREEN
[04/05/18, 11:42:02:950] info: Store: SET_FULL_SCREEN
[04/05/18, 11:42:03:496] info: Store: SET_FULL_SCREEN
[04/05/18, 11:42:03:497] info: Store: SET_FULL_SCREEN
[04/05/18, 11:42:03:505] info: Unloading spellchecker
[04/05/18, 11:42:03:597] info: Unloading spellchecker
[04/05/18, 11:43:49:017] info: Restoring spellchecker
[04/05/18, 11:43:49:025] info: Loading dictionary for language en-US
[04/05/18, 11:43:49:026] info: Returning local copy: /home/mbeach/.config/Slack/dictionaries/en-US.bdic
[04/05/18, 11:43:49:089] info: Store: SET_FULL_SCREEN
[04/05/18, 11:43:49:093] info: Setting current spellchecker to en-US, requested language was en-US
[04/05/18, 11:43:49:093] info: Creating node-spellchecker instance
[04/05/18, 11:43:49:374] info: Store: SET_FULL_SCREEN
[04/05/18, 11:43:49:375] info: Store: SET_FULL_SCREEN
[04/05/18, 11:43:49:441] info: Unloading spellchecker
[04/05/18, 11:43:49:501] info: Unloading spellchecker
[04/05/18, 11:46:17:329] info: Restoring spellchecker
[04/05/18, 11:46:17:330] info: Loading dictionary for language en-US
[04/05/18, 11:46:17:330] info: Returning local copy: /home/mbeach/.config/Slack/dictionaries/en-US.bdic
[04/05/18, 11:46:17:425] info: Store: SET_FULL_SCREEN
[04/05/18, 11:46:17:428] info: Setting current spellchecker to en-US, requested language was en-US
[04/05/18, 11:46:17:429] info: Creating node-spellchecker instance
[04/05/18, 11:46:18:072] info: Unloading spellchecker
[04/05/18, 11:46:18:073] info: Store: SET_FULL_SCREEN
[04/05/18, 11:46:18:074] info: Store: SET_FULL_SCREEN
[04/05/18, 11:46:18:075] info: Unloading spellchecker
[04/05/18, 12:00:14:510] info: Store: SET_FULL_SCREEN
[04/05/18, 12:00:14:517] info: Restoring spellchecker
[04/05/18, 12:00:14:518] info: Loading dictionary for language en-US
[04/05/18, 12:00:14:520] info: Returning local copy: /home/mbeach/.config/Slack/dictionaries/en-US.bdic
[04/05/18, 12:00:14:593] info: Setting current spellchecker to en-US, requested language was en-US
[04/05/18, 12:00:14:593] info: Creating node-spellchecker instance
[04/05/18, 12:00:15:092] info: Store: SET_FULL_SCREEN
[04/05/18, 12:00:15:093] info: Store: SET_FULL_SCREEN
[04/05/18, 12:00:15:551] info: Unloading spellchecker
[04/05/18, 12:00:15:552] info: Store: SET_FULL_SCREEN
[04/05/18, 12:00:15:553] info: Store: SET_FULL_SCREEN
[04/05/18, 12:00:15:555] info: Unloading spellchecker
[04/05/18, 12:01:09:756] info: Restoring spellchecker
[04/05/18, 12:01:09:756] info: Loading dictionary for language en-US
[04/05/18, 12:01:09:756] info: Returning local copy: /home/mbeach/.config/Slack/dictionaries/en-US.bdic
[04/05/18, 12:01:09:759] info: Store: SET_FULL_SCREEN
[04/05/18, 12:01:09:836] info: Setting current spellchecker to en-US, requested language was en-US
[04/05/18, 12:01:09:836] info: Creating node-spellchecker instance
[04/05/18, 12:01:10:075] info: Unloading spellchecker
[04/05/18, 12:01:10:076] info: Store: SET_FULL_SCREEN
[04/05/18, 12:01:10:079] info: Store: SET_FULL_SCREEN
[04/05/18, 12:01:10:128] info: Unloading spellchecker
[04/05/18, 12:01:33:237] info: Restoring spellchecker
[04/05/18, 12:01:33:238] info: Loading dictionary for language en-US
[04/05/18, 12:01:33:238] info: Returning local copy: /home/mbeach/.config/Slack/dictionaries/en-US.bdic
[04/05/18, 12:01:33:295] info: Store: SET_FULL_SCREEN
[04/05/18, 12:01:33:297] info: Setting current spellchecker to en-US, requested language was en-US
[04/05/18, 12:01:33:297] info: Creating node-spellchecker instance
[04/05/18, 12:01:33:752] info: Unloading spellchecker
[04/05/18, 12:01:33:753] info: Store: SET_FULL_SCREEN
[04/05/18, 12:01:33:754] info: Store: SET_FULL_SCREEN
[04/05/18, 12:01:33:804] info: Unloading spellchecker
[04/05/18, 12:01:57:875] info: Restoring spellchecker
[04/05/18, 12:01:57:876] info: Loading dictionary for language en-US
[04/05/18, 12:01:57:876] info: Returning local copy: /home/mbeach/.config/Slack/dictionaries/en-US.bdic
[04/05/18, 12:01:57:930] info: Store: SET_FULL_SCREEN
[04/05/18, 12:01:57:932] info: Setting current spellchecker to en-US, requested language was en-US
[04/05/18, 12:01:57:932] info: Creating node-spellchecker instance
[04/05/18, 12:01:58:435] info: Store: SET_FULL_SCREEN
[04/05/18, 12:01:58:442] info: Store: SET_FULL_SCREEN
[04/05/18, 12:01:58:500] info: Unloading spellchecker
[04/05/18, 12:01:58:551] info: Unloading spellchecker
[04/05/18, 12:02:53:459] info: Restoring spellchecker
[04/05/18, 12:02:53:459] info: Loading dictionary for language en-US
[04/05/18, 12:02:53:460] info: Returning local copy: /home/mbeach/.config/Slack/dictionaries/en-US.bdic
[04/05/18, 12:02:53:462] info: Store: SET_FULL_SCREEN
[04/05/18, 12:02:53:522] info: Setting current spellchecker to en-US, requested language was en-US
[04/05/18, 12:02:53:522] info: Creating node-spellchecker instance
[04/05/18, 12:02:55:231] info: Unloading spellchecker
[04/05/18, 12:02:55:232] info: Store: SET_FULL_SCREEN
[04/05/18, 12:02:55:232] info: Store: SET_FULL_SCREEN
[04/05/18, 12:02:55:234] info: Unloading spellchecker
[04/05/18, 12:03:36:811] info: Restoring spellchecker
[04/05/18, 12:03:36:812] info: Loading dictionary for language en-US
[04/05/18, 12:03:36:812] info: Returning local copy: /home/mbeach/.config/Slack/dictionaries/en-US.bdic
[04/05/18, 12:03:36:866] info: Store: SET_FULL_SCREEN
[04/05/18, 12:03:36:881] info: Setting current spellchecker to en-US, requested language was en-US
[04/05/18, 12:03:36:881] info: Creating node-spellchecker instance
[04/05/18, 12:03:37:440] info: Store: SET_FULL_SCREEN
[04/05/18, 12:03:37:441] info: Store: SET_FULL_SCREEN
[04/05/18, 12:03:37:443] info: Unloading spellchecker
[04/05/18, 12:03:37:447] info: Unloading spellchecker
[04/05/18, 12:04:59:908] info: Restoring spellchecker
[04/05/18, 12:04:59:908] info: Loading dictionary for language en-US
[04/05/18, 12:04:59:909] info: Returning local copy: /home/mbeach/.config/Slack/dictionaries/en-US.bdic
[04/05/18, 12:04:59:965] info: Store: SET_FULL_SCREEN
[04/05/18, 12:04:59:968] info: Setting current spellchecker to en-US, requested language was en-US
[04/05/18, 12:04:59:968] info: Creating node-spellchecker instance
[04/05/18, 12:05:00:721] info: Unloading spellchecker
[04/05/18, 12:05:00:721] info: Store: SET_FULL_SCREEN
[04/05/18, 12:05:00:722] info: Store: SET_FULL_SCREEN
[04/05/18, 12:05:00:780] info: Unloading spellchecker
[04/05/18, 12:05:18:950] info: Restoring spellchecker
[04/05/18, 12:05:18:951] info: Loading dictionary for language en-US
[04/05/18, 12:05:18:952] info: Returning local copy: /home/mbeach/.config/Slack/dictionaries/en-US.bdic
[04/05/18, 12:05:18:993] info: Store: SET_FULL_SCREEN
[04/05/18, 12:05:18:997] info: Setting current spellchecker to en-US, requested language was en-US
[04/05/18, 12:05:18:997] info: Creating node-spellchecker instance
[04/05/18, 12:05:19:618] info: Unloading spellchecker
[04/05/18, 12:05:19:618] info: Store: SET_FULL_SCREEN
[04/05/18, 12:05:19:619] info: Store: SET_FULL_SCREEN
[04/05/18, 12:05:19:620] info: Unloading spellchecker
[04/05/18, 12:06:01:566] info: Restoring spellchecker
[04/05/18, 12:06:01:568] info: Loading dictionary for language en-US
[04/05/18, 12:06:01:568] info: Returning local copy: /home/mbeach/.config/Slack/dictionaries/en-US.bdic
[04/05/18, 12:06:01:637] info: Store: SET_FULL_SCREEN
[04/05/18, 12:06:01:644] info: Setting current spellchecker to en-US, requested language was en-US
[04/05/18, 12:06:01:644] info: Creating node-spellchecker instance
[04/05/18, 12:06:02:321] info: Store: SET_FULL_SCREEN
[04/05/18, 12:06:02:321] info: Store: SET_FULL_SCREEN
[04/05/18, 12:06:02:326] info: Unloading spellchecker
[04/05/18, 12:06:02:370] info: Unloading spellchecker
[04/05/18, 12:06:56:740] info: Restoring spellchecker
[04/05/18, 12:06:56:741] info: Loading dictionary for language en-US
[04/05/18, 12:06:56:741] info: Returning local copy: /home/mbeach/.config/Slack/dictionaries/en-US.bdic
[04/05/18, 12:06:56:790] info: Store: SET_FULL_SCREEN
[04/05/18, 12:06:56:797] info: Setting current spellchecker to en-US, requested language was en-US
[04/05/18, 12:06:56:797] info: Creating node-spellchecker instance
[04/05/18, 12:06:58:397] info: Unloading spellchecker
[04/05/18, 12:06:58:398] info: Store: SET_FULL_SCREEN
[04/05/18, 12:06:58:398] info: Store: SET_FULL_SCREEN
[04/05/18, 12:06:58:464] info: Unloading spellchecker
[04/05/18, 12:06:58:882] info: Restoring spellchecker
[04/05/18, 12:06:58:883] info: Loading dictionary for language en-US
[04/05/18, 12:06:58:883] info: Returning local copy: /home/mbeach/.config/Slack/dictionaries/en-US.bdic
[04/05/18, 12:06:58:935] info: Store: SET_FULL_SCREEN
[04/05/18, 12:06:58:938] info: Setting current spellchecker to en-US, requested language was en-US
[04/05/18, 12:06:58:938] info: Creating node-spellchecker instance
[04/05/18, 12:06:59:238] info: Store: SET_FULL_SCREEN
[04/05/18, 12:06:59:243] info: Store: SET_FULL_SCREEN
[04/05/18, 12:06:59:314] info: Unloading spellchecker
[04/05/18, 12:06:59:359] info: Unloading spellchecker
[04/05/18, 12:07:02:967] info: Restoring spellchecker
[04/05/18, 12:07:02:968] info: Loading dictionary for language en-US
[04/05/18, 12:07:02:968] info: Returning local copy: /home/mbeach/.config/Slack/dictionaries/en-US.bdic
[04/05/18, 12:07:02:985] info: Store: SET_FULL_SCREEN
[04/05/18, 12:07:03:072] info: Setting current spellchecker to en-US, requested language was en-US
[04/05/18, 12:07:03:073] info: Creating node-spellchecker instance
[04/05/18, 12:07:03:908] info: Store: SET_FULL_SCREEN
[04/05/18, 12:07:03:910] info: Store: SET_FULL_SCREEN
[04/05/18, 12:07:05:169] info: Unloading spellchecker
[04/05/18, 12:07:05:176] info: Store: SET_FULL_SCREEN
[04/05/18, 12:07:05:177] info: Store: SET_FULL_SCREEN
[04/05/18, 12:07:05:181] info: Unloading spellchecker
[04/05/18, 12:09:07:017] info: Restoring spellchecker
[04/05/18, 12:09:07:024] info: Loading dictionary for language en-US
[04/05/18, 12:09:07:024] info: Returning local copy: /home/mbeach/.config/Slack/dictionaries/en-US.bdic
[04/05/18, 12:09:07:082] info: Store: SET_FULL_SCREEN
[04/05/18, 12:09:07:083] info: Setting current spellchecker to en-US, requested language was en-US
[04/05/18, 12:09:07:083] info: Creating node-spellchecker instance
[04/05/18, 12:09:07:645] info: Store: SET_FULL_SCREEN
[04/05/18, 12:09:07:652] info: Unloading spellchecker
[04/05/18, 12:09:07:652] info: Store: SET_FULL_SCREEN
[04/05/18, 12:09:07:736] info: Unloading spellchecker
[04/05/18, 12:09:31:797] info: Restoring spellchecker
[04/05/18, 12:09:31:798] info: Loading dictionary for language en-US
[04/05/18, 12:09:31:798] info: Returning local copy: /home/mbeach/.config/Slack/dictionaries/en-US.bdic
[04/05/18, 12:09:31:844] info: Store: SET_FULL_SCREEN
[04/05/18, 12:09:31:855] info: Setting current spellchecker to en-US, requested language was en-US
[04/05/18, 12:09:31:856] info: Creating node-spellchecker instance
[04/05/18, 12:09:32:241] info: Store: SET_FULL_SCREEN
[04/05/18, 12:09:32:243] info: Store: SET_FULL_SCREEN
[04/05/18, 12:09:32:294] info: Unloading spellchecker
[04/05/18, 12:09:32:347] info: Unloading spellchecker
[04/05/18, 12:13:46:867] info: Restoring spellchecker
[04/05/18, 12:13:46:868] info: Loading dictionary for language en-US
[04/05/18, 12:13:46:868] info: Returning local copy: /home/mbeach/.config/Slack/dictionaries/en-US.bdic
[04/05/18, 12:13:46:921] info: Store: SET_FULL_SCREEN
[04/05/18, 12:13:46:924] info: Setting current spellchecker to en-US, requested language was en-US
[04/05/18, 12:13:46:925] info: Creating node-spellchecker instance
[04/05/18, 12:13:47:953] info: Unloading spellchecker
[04/05/18, 12:13:47:953] info: Store: SET_FULL_SCREEN
[04/05/18, 12:13:47:953] info: Store: SET_FULL_SCREEN
[04/05/18, 12:13:48:024] info: Unloading spellchecker
[04/05/18, 12:13:48:486] info: Restoring spellchecker
[04/05/18, 12:13:48:487] info: Loading dictionary for language en-US
[04/05/18, 12:13:48:488] info: Returning local copy: /home/mbeach/.config/Slack/dictionaries/en-US.bdic
[04/05/18, 12:13:48:555] info: Store: SET_FULL_SCREEN
[04/05/18, 12:13:48:556] info: Setting current spellchecker to en-US, requested language was en-US
[04/05/18, 12:13:48:557] info: Creating node-spellchecker instance
[04/05/18, 12:13:48:969] info: Unloading spellchecker
[04/05/18, 12:13:48:973] info: Store: SET_FULL_SCREEN
[04/05/18, 12:13:48:976] info: Store: SET_FULL_SCREEN
[04/05/18, 12:13:48:977] info: Unloading spellchecker
[04/05/18, 12:17:30:949] info: Restoring spellchecker
[04/05/18, 12:17:30:950] info: Loading dictionary for language en-US
[04/05/18, 12:17:30:950] info: Returning local copy: /home/mbeach/.config/Slack/dictionaries/en-US.bdic
[04/05/18, 12:17:31:007] info: Store: SET_FULL_SCREEN
[04/05/18, 12:17:31:017] info: Setting current spellchecker to en-US, requested language was en-US
[04/05/18, 12:17:31:018] info: Creating node-spellchecker instance
[04/05/18, 12:17:31:834] info: Unloading spellchecker
[04/05/18, 12:17:31:836] info: Store: SET_FULL_SCREEN
[04/05/18, 12:17:31:837] info: Store: SET_FULL_SCREEN
[04/05/18, 12:17:31:838] info: Unloading spellchecker
[04/05/18, 12:25:22:392] error: Apr-5 12:25:22.391 T70J8333P SOCKET-MANAGER: Closing socket due to unknown error
[04/05/18, 12:33:22:629] error: Apr-5 12:33:22.629 T70J8333P SOCKET-MANAGER: Closing socket due to unknown error
[04/05/18, 12:36:37:406] info: Restoring spellchecker
[04/05/18, 12:36:37:407] info: Loading dictionary for language en-US
[04/05/18, 12:36:37:407] info: Returning local copy: /home/mbeach/.config/Slack/dictionaries/en-US.bdic
[04/05/18, 12:36:37:411] info: Store: SET_FULL_SCREEN
[04/05/18, 12:36:37:578] info: Setting current spellchecker to en-US, requested language was en-US
[04/05/18, 12:36:37:578] info: Creating node-spellchecker instance
[04/05/18, 12:36:38:002] info: Unloading spellchecker
[04/05/18, 12:36:38:003] info: Store: SET_FULL_SCREEN
[04/05/18, 12:36:38:003] info: Store: SET_FULL_SCREEN
[04/05/18, 12:36:38:005] info: Unloading spellchecker
[04/05/18, 12:40:13:896] info: Restoring spellchecker
[04/05/18, 12:40:13:898] info: Loading dictionary for language en-US
[04/05/18, 12:40:13:898] info: Returning local copy: /home/mbeach/.config/Slack/dictionaries/en-US.bdic
[04/05/18, 12:40:13:938] info: Store: SET_FULL_SCREEN
[04/05/18, 12:40:14:143] info: Setting current spellchecker to en-US, requested language was en-US
[04/05/18, 12:40:14:145] info: Creating node-spellchecker instance
[04/05/18, 12:40:14:645] info: Unloading spellchecker
[04/05/18, 12:40:14:646] info: Store: SET_FULL_SCREEN
[04/05/18, 12:40:14:647] info: Store: SET_FULL_SCREEN
[04/05/18, 12:40:14:649] info: Unloading spellchecker
[04/05/18, 12:44:01:516] info: Restoring spellchecker
[04/05/18, 12:44:01:522] info: Loading dictionary for language en-US
[04/05/18, 12:44:01:523] info: Returning local copy: /home/mbeach/.config/Slack/dictionaries/en-US.bdic
[04/05/18, 12:44:01:528] info: Store: SET_FULL_SCREEN
[04/05/18, 12:44:01:588] info: Setting current spellchecker to en-US, requested language was en-US
[04/05/18, 12:44:01:589] info: Creating node-spellchecker instance
[04/05/18, 12:44:01:958] info: Unloading spellchecker
[04/05/18, 12:44:02:009] info: Store: SET_FULL_SCREEN
[04/05/18, 12:44:02:010] info: Store: SET_FULL_SCREEN
[04/05/18, 12:44:02:013] info: Unloading spellchecker
[04/05/18, 12:50:11:322] info: Restoring spellchecker
[04/05/18, 12:50:11:323] info: Loading dictionary for language en-US
[04/05/18, 12:50:11:323] info: Returning local copy: /home/mbeach/.config/Slack/dictionaries/en-US.bdic
[04/05/18, 12:50:11:439] info: Store: SET_FULL_SCREEN
[04/05/18, 12:50:11:451] info: Setting current spellchecker to en-US, requested language was en-US
[04/05/18, 12:50:11:452] info: Creating node-spellchecker instance
[04/05/18, 12:50:11:954] info: Store: SET_FULL_SCREEN
[04/05/18, 12:50:11:955] info: Store: SET_FULL_SCREEN
[04/05/18, 12:50:11:960] info: Unloading spellchecker
[04/05/18, 12:50:12:006] info: Unloading spellchecker
[04/05/18, 12:57:27:035] info: Restoring spellchecker
[04/05/18, 12:57:27:036] info: Loading dictionary for language en-US
[04/05/18, 12:57:27:037] info: Returning local copy: /home/mbeach/.config/Slack/dictionaries/en-US.bdic
[04/05/18, 12:57:27:111] info: Store: SET_FULL_SCREEN
[04/05/18, 12:57:27:130] info: Setting current spellchecker to en-US, requested language was en-US
[04/05/18, 12:57:27:130] info: Creating node-spellchecker instance
[04/05/18, 12:57:29:085] info: Unloading spellchecker
[04/05/18, 12:57:29:089] info: Store: SET_FULL_SCREEN
[04/05/18, 12:57:29:090] info: Store: SET_FULL_SCREEN
[04/05/18, 12:57:29:092] info: Unloading spellchecker
[04/05/18, 13:07:28:747] info: Restoring spellchecker
[04/05/18, 13:07:28:748] info: Loading dictionary for language en-US
[04/05/18, 13:07:28:748] info: Returning local copy: /home/mbeach/.config/Slack/dictionaries/en-US.bdic
[04/05/18, 13:07:28:838] info: Store: SET_FULL_SCREEN
[04/05/18, 13:07:28:839] info: Setting current spellchecker to en-US, requested language was en-US
[04/05/18, 13:07:28:840] info: Creating node-spellchecker instance
[04/05/18, 13:07:29:190] info: Unloading spellchecker
[04/05/18, 13:07:29:233] info: Store: SET_FULL_SCREEN
[04/05/18, 13:07:29:237] info: Store: SET_FULL_SCREEN
[04/05/18, 13:07:29:240] info: Unloading spellchecker
[04/05/18, 13:07:29:932] info: Restoring spellchecker
[04/05/18, 13:07:29:933] info: Loading dictionary for language en-US
[04/05/18, 13:07:29:933] info: Returning local copy: /home/mbeach/.config/Slack/dictionaries/en-US.bdic
[04/05/18, 13:07:30:023] info: Store: SET_FULL_SCREEN
[04/05/18, 13:07:30:034] info: Setting current spellchecker to en-US, requested language was en-US
[04/05/18, 13:07:30:034] info: Creating node-spellchecker instance
[04/05/18, 13:07:30:282] info: Store: SET_FULL_SCREEN
[04/05/18, 13:07:30:283] info: Store: SET_FULL_SCREEN
[04/05/18, 13:07:30:321] info: Unloading spellchecker
[04/05/18, 13:07:30:322] info: Unloading spellchecker
[04/05/18, 13:09:05:362] warn: Unable to read quiet hours setting: windows-quiet-hours works only on Windows
[04/05/18, 13:09:05:362] warn: Unable to read quiet hours setting: windows-quiet-hours works only on Windows
[04/05/18, 13:09:05:445] info: Store: NEW_NOTIFICATION
{
  "avatarImage": "https://ca.slack-edge.com/T70J8333P-U721R15PG-99b251406867-512",
  "channel": "D71935Z7F",
  "content": "[REDACTED]",
  "id": "9Q8qFziOm5AyAx9",
  "imageUri": null,
  "launchUri": "slack://channel?id=D71935Z7F&message=1522948145.000198&team=T70J8333P",
  "msg": "1522948145.000198",
  "silent": true,
  "subtitle": "",
  "teamId": "T70J8333P",
  "title": "[REDACTED]"
}
[04/05/18, 13:29:05:391] info: Restoring spellchecker
[04/05/18, 13:29:05:392] info: Loading dictionary for language en-US
[04/05/18, 13:29:05:393] info: Returning local copy: /home/mbeach/.config/Slack/dictionaries/en-US.bdic
[04/05/18, 13:29:05:444] info: Store: SET_FULL_SCREEN
[04/05/18, 13:29:05:447] info: Setting current spellchecker to en-US, requested language was en-US
[04/05/18, 13:29:05:447] info: Creating node-spellchecker instance
[04/05/18, 13:29:07:270] info: Unloading spellchecker
[04/05/18, 13:29:07:270] info: Store: SET_FULL_SCREEN
[04/05/18, 13:29:07:271] info: Store: SET_FULL_SCREEN
[04/05/18, 13:29:07:316] info: Unloading spellchecker
[04/05/18, 15:00:13:900] info: Restoring spellchecker
[04/05/18, 15:00:13:901] info: Loading dictionary for language en-US
[04/05/18, 15:00:13:901] info: Returning local copy: /home/mbeach/.config/Slack/dictionaries/en-US.bdic
[04/05/18, 15:00:14:120] info: Store: SET_FULL_SCREEN
[04/05/18, 15:00:14:127] info: Setting current spellchecker to en-US, requested language was en-US
[04/05/18, 15:00:14:127] info: Creating node-spellchecker instance
[04/05/18, 15:00:16:606] info: Store: SELECT_CHANNEL D71935Z7F
[04/05/18, 15:00:17:292] info: Loading dictionary for language en-US
[04/05/18, 15:00:17:292] info: Returning local copy: /home/mbeach/.config/Slack/dictionaries/en-US.bdic
[04/05/18, 15:00:17:294] info: Setting current spellchecker to en-US, requested language was en-US
[04/05/18, 15:00:17:517] info: Store: SELECT_CHANNEL D71GQLQ1K
[04/05/18, 15:00:19:501] info: Loading dictionary for language en-US
[04/05/18, 15:00:19:501] info: Returning local copy: /home/mbeach/.config/Slack/dictionaries/en-US.bdic
[04/05/18, 15:00:19:507] info: Setting current spellchecker to en-US, requested language was en-US
[04/05/18, 15:00:19:769] info: Store: SELECT_CHANNEL D71935Z7F
[04/05/18, 15:00:19:834] info: Loading dictionary for language en-US
[04/05/18, 15:00:19:835] info: Returning local copy: /home/mbeach/.config/Slack/dictionaries/en-US.bdic
[04/05/18, 15:00:19:837] info: Setting current spellchecker to en-US, requested language was en-US
[04/05/18, 15:00:31:278] info: Store: UPDATE_SETTINGS
{
  "hasRunFromTray": true
}
[04/05/18, 15:00:31:282] info: Store: SHOW_TRAY_BALLOON
{
  "content": "Slack’s set to stay running in the notification area. To change this, visit Preferences > Linux App.",
  "title": "Why didn’t Slack quit?"
}
[04/05/18, 15:00:31:306] info: Unloading spellchecker
[04/05/18, 15:00:31:306] info: Store: SET_FULL_SCREEN
[04/05/18, 15:00:31:307] info: Store: SET_FULL_SCREEN
[04/05/18, 15:00:31:310] info: Store: SET_FULL_SCREEN
[04/05/18, 15:38:04:575] warn: Unable to read quiet hours setting: windows-quiet-hours works only on Windows
[04/05/18, 15:38:04:576] warn: Unable to read quiet hours setting: windows-quiet-hours works only on Windows
[04/05/18, 15:38:04:819] info: Store: NEW_NOTIFICATION
{
  "avatarImage": "https://ca.slack-edge.com/T70J8333P-U721R15PG-99b251406867-512",
  "channel": "D71935Z7F",
  "content": "[REDACTED]",
  "id": "zKm1I8sKQkPMDzV",
  "imageUri": null,
  "launchUri": "slack://channel?id=D71935Z7F&message=1522957084.000393&team=T70J8333P",
  "msg": "1522957084.000393",
  "silent": true,
  "subtitle": "",
  "teamId": "T70J8333P",
  "title": "[REDACTED]"
}
[04/05/18, 15:38:13:058] warn: Unable to read quiet hours setting: windows-quiet-hours works only on Windows
[04/05/18, 15:38:13:058] warn: Unable to read quiet hours setting: windows-quiet-hours works only on Windows
[04/05/18, 15:38:13:065] info: Store: NEW_NOTIFICATION
{
  "avatarImage": "https://ca.slack-edge.com/T70J8333P-U721R15PG-99b251406867-512",
  "channel": "D71935Z7F",
  "content": "[REDACTED]",
  "id": "RogZIgtOnl5039m",
  "imageUri": null,
  "launchUri": "slack://channel?id=D71935Z7F&message=1522957093.000013&team=T70J8333P",
  "msg": "1522957093.000013",
  "silent": true,
  "subtitle": "",
  "teamId": "T70J8333P",
  "title": "[REDACTED]"
}
[04/05/18, 15:49:19:952] info: Store: SET_NETWORK_STATUS offline
[04/05/18, 15:49:48:952] error: Apr-5 15:49:48.952 T70J8333P SOCKET-MANAGER: Closing socket due to unknown error
[04/05/18, 15:50:20:949] error: Apr-5 15:50:20.949 T70J8333P SOCKET-MANAGER: Closing socket due to unknown error
[04/05/18, 15:50:52:952] error: Apr-5 15:50:52.952 T70J8333P SOCKET-MANAGER: Closing socket due to unknown error
[04/05/18, 15:51:24:951] error: Apr-5 15:51:24.950 T70J8333P SOCKET-MANAGER: Closing socket due to unknown error
[04/05/18, 15:51:56:949] error: Apr-5 15:51:56.948 T70J8333P SOCKET-MANAGER: Closing socket due to unknown error
[04/05/18, 15:52:28:949] error: Apr-5 15:52:28.949 T70J8333P SOCKET-MANAGER: Closing socket due to unknown error
[04/05/18, 15:53:00:950] error: Apr-5 15:53:00.949 T70J8333P SOCKET-MANAGER: Closing socket due to unknown error
[04/05/18, 15:53:32:950] error: Apr-5 15:53:32.949 T70J8333P SOCKET-MANAGER: Closing socket due to unknown error
[04/05/18, 15:54:04:950] error: Apr-5 15:54:04.950 T70J8333P SOCKET-MANAGER: Closing socket due to unknown error
[04/05/18, 15:54:36:953] error: Apr-5 15:54:36.953 T70J8333P SOCKET-MANAGER: Closing socket due to unknown error
[04/05/18, 15:55:03:949] info: Store: SET_NETWORK_STATUS online
[04/05/18, 15:55:04:186] error: Apr-5 15:55:04.185 T70J8333P SOCKET-MANAGER: Closing socket due to unknown error
[04/05/18, 15:55:06:211] info: Store: UPDATE_TEAM_ICONS
{
  "icons": {
    "image_102": "https://slack-files2.s3-us-west-2.amazonaws.com/avatars/2017-09-08/238498482194_b1fd671c2dae558fbfa3_102.gif",
    "image_132": "https://slack-files2.s3-us-west-2.amazonaws.com/avatars/2017-09-08/238498482194_b1fd671c2dae558fbfa3_132.gif",
    "image_230": "https://slack-files2.s3-us-west-2.amazonaws.com/avatars/2017-09-08/238498482194_b1fd671c2dae558fbfa3_230.gif",
    "image_34": "https://slack-files2.s3-us-west-2.amazonaws.com/avatars/2017-09-08/238498482194_b1fd671c2dae558fbfa3_34.gif",
    "image_44": "https://slack-files2.s3-us-west-2.amazonaws.com/avatars/2017-09-08/238498482194_b1fd671c2dae558fbfa3_44.gif",
    "image_68": "https://slack-files2.s3-us-west-2.amazonaws.com/avatars/2017-09-08/238498482194_b1fd671c2dae558fbfa3_68.gif",
    "image_88": "https://slack-files2.s3-us-west-2.amazonaws.com/avatars/2017-09-08/238498482194_b1fd671c2dae558fbfa3_88.gif",
    "image_original": "https://slack-files2.s3-us-west-2.amazonaws.com/avatars/2017-09-08/238498482194_b1fd671c2dae558fbfa3_original.gif"
  },
  "teamId": "T70J8333P"
}
[04/05/18, 15:55:06:225] info: Store: UPDATE_TEAM_LOCALE
{
  "locale": "en-US",
  "teamId": "T70J8333P"
}
[04/05/18, 15:57:08:948] info: Store: SET_NETWORK_STATUS offline
[04/05/18, 15:57:12:964] info: Store: SET_NETWORK_STATUS online
