[04/05/18, 11:10:41:626] info: ╔══════════════════════════════════════════════════════════════════════════════╗
[04/05/18, 11:10:41:632] info: ║      Slack 3.1.0, linux 4.15.14-1-ARCH on x64 at 04/05/18, 11:10:41:622      ║
[04/05/18, 11:10:41:632] info: ╚══════════════════════════════════════════════════════════════════════════════╝
[04/05/18, 11:10:42:187] info: Initializing local storage instance at path: /home/mbeach/.config/Slack/local-settings.json
[04/05/18, 11:10:43:780] info: Store: SET_NETWORK_STATUS online
[04/05/18, 11:10:50:455] info: Store: SELECT_CHANNEL D70F6V6BA
[04/05/18, 11:10:50:465] info: Store: UPDATE_TEAM_LOCALE
{
  "locale": "en-US"
}
[04/05/18, 11:10:50:472] info: Store: UPDATE_SETTINGS
{
  "locale": "en-US"
}
[04/05/18, 11:10:50:856] info: Store: UPSERT_WEB_CONTENTS
{
  "id": 3,
  "state": "loaded",
  "teamId": "T70J8333P"
}
[04/05/18, 11:10:50:899] info: Store: MAIN_WINDOW_SHOWN
