[06/13/18, 08:45:20:540] info: ╔══════════════════════════════════════════════════════════════════════════════╗
[06/13/18, 08:45:20:541] info: ║      Slack 3.2.1, linux 4.16.13-2-ARCH on x64 at 06/13/18, 08:45:20:537      ║
[06/13/18, 08:45:20:541] info: ╚══════════════════════════════════════════════════════════════════════════════╝
[06/13/18, 08:45:20:614] info: Initializing local storage instance at path: /home/meach/.config/Slack/local-settings.json
[06/13/18, 08:45:20:727] info: Main window preload script finished
{
  "readyTime": 432.99859
}
[06/13/18, 08:45:20:731] info: Store: BACKGROUND_CLIENTS_INITIALIZED
[06/13/18, 08:45:20:731] info: Store: BACKGROUND_CLIENTS_INITIALIZED true
[06/13/18, 08:45:20:732] info: Store: UPDATE_SESSION_STATUS
{
  "hasValidSession": null,
  "teamId": "T70J8333P"
}
[06/13/18, 08:45:20:732] info: Store: SET_NETWORK_STATUS offline
[06/13/18, 08:45:20:732] info: Store: UPSERT_WEB_CONTENTS
{
  "id": 3,
  "state": "loaded",
  "teamId": "T70J8333P"
}
[06/13/18, 08:45:20:734] info: Store: UPSERT_WEB_CONTENTS
{
  "id": 3,
  "state": "empty-page",
  "teamId": "T70J8333P"
}
[06/13/18, 08:45:20:862] info: Store: UPDATE_SESSION_STATUS
{
  "hasValidSession": null,
  "teamId": "T70J8333P"
}
[06/13/18, 08:47:19:141] info: Store: SET_NETWORK_STATUS online
[06/13/18, 08:47:19:149] info: Store: MAIN_WINDOW_SHOWN
[06/13/18, 08:47:19:178] info: Store: SET_FULL_SCREEN
[06/13/18, 08:47:19:181] info: Store: SET_FULL_SCREEN
[06/13/18, 08:47:19:184] info: Store: SET_FULL_SCREEN
[06/13/18, 08:47:19:209] info: Store: UPSERT_WEB_CONTENTS
{
  "id": 3,
  "state": "page-will-navigate",
  "teamId": "T70J8333P"
}
[06/13/18, 08:47:19:214] info: Window is unloading, window.desktop is no longer accessible
[06/13/18, 08:47:19:374] info: Store: SET_FULL_SCREEN
[06/13/18, 08:47:19:449] info: Store: UPDATE_SESSION_STATUS
{
  "hasValidSession": true,
  "teamId": "T70J8333P"
}
