[06/16/18, 08:41:09:530] info: ╔══════════════════════════════════════════════════════════════════════════════╗
[06/16/18, 08:41:09:531] info: ║      Slack 3.2.1, linux 4.16.13-2-ARCH on x64 at 06/16/18, 08:41:09:526      ║
[06/16/18, 08:41:09:531] info: ╚══════════════════════════════════════════════════════════════════════════════╝
[06/16/18, 08:41:09:743] info: Initializing local storage instance at path: /home/meach/.config/Slack/local-settings.json
[06/16/18, 08:41:09:931] info: NetworkStatus: Waiting for network online…
[06/16/18, 08:41:10:250] info: Store: BACKGROUND_CLIENTS_INITIALIZED
[06/16/18, 08:41:10:252] info: Don't start background client because T70J8333P is selected team
[06/16/18, 08:41:10:260] info: Store: BACKGROUND_CLIENTS_INITIALIZED true
[06/16/18, 08:41:10:409] info: NetworkStatus: Response from api.test
{
  "status": "online"
}
[06/16/18, 08:41:10:811] info: Store: SET_NETWORK_STATUS online
[06/16/18, 08:41:13:600] info: Store: UPSERT_WEB_CONTENTS
{
  "id": 3,
  "state": "loaded",
  "teamId": "T70J8333P"
}
[06/16/18, 08:41:13:608] info: Store: MAIN_WINDOW_SHOWN
[06/16/18, 08:41:13:868] info: Store: UPDATE_SESSION_STATUS
{
  "hasValidSession": true,
  "teamId": "T70J8333P"
}
[06/16/18, 08:41:14:380] info: Store: SELECT_CHANNEL D71AT5NQG
[06/16/18, 08:41:14:383] info: Store: UPDATE_TEAM_LOCALE
{
  "locale": "en-US"
}
[06/16/18, 08:41:14:387] info: Store: UPDATE_SETTINGS
{
  "locale": "en-US"
}
[06/16/18, 08:41:14:621] info: Store: SAVE_WINDOW_SETTINGS
{
  "isMaximized": false,
  "position": [
    812,
    25
  ],
  "size": [
    763,
    830
  ]
}
[06/16/18, 08:41:15:188] info: Store: UPDATE_TEAM_ICONS
{
  "icons": {
    "image_102": "https://slack-files2.s3-us-west-2.amazonaws.com/avatars/2017-09-08/238498482194_b1fd671c2dae558fbfa3_102.gif",
    "image_132": "https://slack-files2.s3-us-west-2.amazonaws.com/avatars/2017-09-08/238498482194_b1fd671c2dae558fbfa3_132.gif",
    "image_230": "https://slack-files2.s3-us-west-2.amazonaws.com/avatars/2017-09-08/238498482194_b1fd671c2dae558fbfa3_230.gif",
    "image_34": "https://slack-files2.s3-us-west-2.amazonaws.com/avatars/2017-09-08/238498482194_b1fd671c2dae558fbfa3_34.gif",
    "image_44": "https://slack-files2.s3-us-west-2.amazonaws.com/avatars/2017-09-08/238498482194_b1fd671c2dae558fbfa3_44.gif",
    "image_68": "https://slack-files2.s3-us-west-2.amazonaws.com/avatars/2017-09-08/238498482194_b1fd671c2dae558fbfa3_68.gif",
    "image_88": "https://slack-files2.s3-us-west-2.amazonaws.com/avatars/2017-09-08/238498482194_b1fd671c2dae558fbfa3_88.gif",
    "image_original": "https://slack-files2.s3-us-west-2.amazonaws.com/avatars/2017-09-08/238498482194_b1fd671c2dae558fbfa3_original.gif"
  },
  "teamId": "T70J8333P"
}
[06/16/18, 08:41:15:325] info: Store: UPDATE_TEAM_LOCALE
{
  "locale": "en-US",
  "teamId": "T70J8333P"
}
[06/16/18, 08:41:15:331] info: Store: UPSERT_WEB_CONTENTS
{
  "id": 3,
  "state": "webapp-loaded",
  "teamId": "T70J8333P"
}
[06/16/18, 08:41:15:415] info: Store: UPDATE_TEAM_THEME
{
  "teamId": "T70J8333P",
  "theme": {
    "active_item": "#4C9689",
    "active_item_text": "#FFFFFF",
    "active_presence": "#38978D",
    "badge": "#EB4D5C",
    "column_bg": "#4D394B",
    "hover_item": "#3E313C",
    "menu_bg": "#3E313C",
    "text_color": "#FFFFFF"
  }
}
[06/16/18, 08:41:15:493] info: Store: STORE_ENTERPRISE_ID_PAIR
{
  "enterpriseId": "",
  "teamId": "T70J8333P"
}
[06/16/18, 08:41:15:494] info: Store: STORE_API_TOKEN
{
  "teamId": "T70J8333P",
  "token": "xoxs-⋯"
}
[06/16/18, 08:48:44:054] info: Store: SET_FULL_SCREEN
[06/16/18, 08:48:44:482] info: Store: SET_FULL_SCREEN
[06/16/18, 08:48:45:193] info: Store: SET_FULL_SCREEN
[06/16/18, 08:48:47:106] info: Store: SET_FULL_SCREEN
[06/16/18, 08:48:57:014] info: Store: SET_FULL_SCREEN
[06/16/18, 08:48:57:419] info: Store: SET_FULL_SCREEN
[06/16/18, 08:49:01:451] info: Store: SAVE_WINDOW_SETTINGS
{
  "isMaximized": false,
  "position": [
    1079,
    25
  ],
  "size": [
    496,
    830
  ]
}
[06/16/18, 08:49:04:885] info: Store: SAVE_WINDOW_SETTINGS
{
  "isMaximized": false,
  "position": [
    812,
    25
  ],
  "size": [
    763,
    830
  ]
}
[06/16/18, 09:08:11:998] info: Store: SET_FULL_SCREEN
[06/16/18, 09:08:15:734] info: Store: SET_FULL_SCREEN
[06/16/18, 09:08:15:735] info: Store: SET_FULL_SCREEN
[06/16/18, 09:17:40:520] info: Store: SET_FULL_SCREEN
[06/16/18, 09:17:42:558] info: Store: SET_FULL_SCREEN
[06/16/18, 09:17:42:561] info: Store: SET_FULL_SCREEN
[06/16/18, 09:47:10:696] info: Store: SET_SUSPEND_STATUS
[06/16/18, 10:49:48:547] info: Store: SET_NETWORK_STATUS offline
[06/16/18, 10:49:48:557] info: Store: SET_SUSPEND_STATUS true
[06/16/18, 10:49:54:500] info: NetworkStatus: Waiting for network online…
[06/16/18, 10:49:54:506] info: NetworkStatus: Network check failed
{
  "error": {
    "message": "Failed to fetch",
    "stack": "TypeError: Failed to fetch"
  }
}
[06/16/18, 10:49:54:506] info: NetworkStatus: Response from api.test
{
  "status": "offline"
}
[06/16/18, 10:49:58:952] info: Store: UPDATE_TEAM_ICONS
{
  "icons": {
    "image_102": "https://slack-files2.s3-us-west-2.amazonaws.com/avatars/2017-09-08/238498482194_b1fd671c2dae558fbfa3_102.gif",
    "image_132": "https://slack-files2.s3-us-west-2.amazonaws.com/avatars/2017-09-08/238498482194_b1fd671c2dae558fbfa3_132.gif",
    "image_230": "https://slack-files2.s3-us-west-2.amazonaws.com/avatars/2017-09-08/238498482194_b1fd671c2dae558fbfa3_230.gif",
    "image_34": "https://slack-files2.s3-us-west-2.amazonaws.com/avatars/2017-09-08/238498482194_b1fd671c2dae558fbfa3_34.gif",
    "image_44": "https://slack-files2.s3-us-west-2.amazonaws.com/avatars/2017-09-08/238498482194_b1fd671c2dae558fbfa3_44.gif",
    "image_68": "https://slack-files2.s3-us-west-2.amazonaws.com/avatars/2017-09-08/238498482194_b1fd671c2dae558fbfa3_68.gif",
    "image_88": "https://slack-files2.s3-us-west-2.amazonaws.com/avatars/2017-09-08/238498482194_b1fd671c2dae558fbfa3_88.gif",
    "image_original": "https://slack-files2.s3-us-west-2.amazonaws.com/avatars/2017-09-08/238498482194_b1fd671c2dae558fbfa3_original.gif"
  },
  "teamId": "T70J8333P"
}
[06/16/18, 10:49:59:069] info: Store: UPDATE_TEAM_LOCALE
{
  "locale": "en-US",
  "teamId": "T70J8333P"
}
[06/16/18, 10:49:59:580] info: NetworkStatus: Response from api.test
{
  "status": "online"
}
[06/16/18, 10:49:59:982] info: Store: SET_NETWORK_STATUS online
[06/16/18, 10:49:59:983] warn: Base Component: Attempting to update LoadingScreen when unmounted.
[06/16/18, 10:57:55:876] info: Store: SET_FULL_SCREEN
[06/16/18, 10:57:56:579] info: Store: SET_FULL_SCREEN
[06/16/18, 11:48:08:764] info: Store: SET_SUSPEND_STATUS
[06/16/18, 13:00:51:751] info: Store: SET_NETWORK_STATUS offline
[06/16/18, 13:01:48:028] info: Store: SAVE_WINDOW_SETTINGS
{
  "isMaximized": false,
  "position": [
    812,
    25
  ],
  "size": [
    763,
    850
  ]
}
[06/16/18, 13:03:46:981] info: Store: SAVE_WINDOW_SETTINGS
{
  "isMaximized": false,
  "position": [
    812,
    25
  ],
  "size": [
    763,
    830
  ]
}
