[06/15/18, 14:12:25:407] info: ╔══════════════════════════════════════════════════════════════════════════════╗
[06/15/18, 14:12:25:409] info: ║      Slack 3.2.1, linux 4.16.13-2-ARCH on x64 at 06/15/18, 14:12:25:401      ║
[06/15/18, 14:12:25:409] info: ╚══════════════════════════════════════════════════════════════════════════════╝
[06/15/18, 14:12:25:539] info: Initializing local storage instance at path: /home/meach/.config/Slack/local-settings.json
[06/15/18, 14:12:26:018] info: Store: UPSERT_WEB_CONTENTS
{
  "id": 3,
  "state": "loaded",
  "teamId": "T70J8333P"
}
[06/15/18, 14:12:26:022] info: Store: UPSERT_WEB_CONTENTS
{
  "id": 3,
  "state": "empty-page",
  "teamId": "T70J8333P"
}
[06/15/18, 14:12:26:023] info: Store: UPSERT_WEB_CONTENTS
{
  "id": 3,
  "state": "page-will-navigate",
  "teamId": "T70J8333P"
}
[06/15/18, 14:12:26:152] info: Store: BACKGROUND_CLIENTS_INITIALIZED
[06/15/18, 14:12:26:153] info: Store: BACKGROUND_CLIENTS_INITIALIZED true
[06/15/18, 14:12:26:232] info: Store: UPDATE_SESSION_STATUS
{
  "hasValidSession": null,
  "teamId": "T70J8333P"
}
[06/15/18, 14:12:26:542] info: Store: SET_NETWORK_STATUS offline
[06/15/18, 14:12:26:648] info: Store: UPSERT_WEB_CONTENTS
{
  "id": 3,
  "state": "loaded",
  "teamId": "T70J8333P"
}
[06/15/18, 14:12:26:648] info: Store: UPSERT_WEB_CONTENTS
{
  "id": 3,
  "state": "empty-page",
  "teamId": "T70J8333P"
}
[06/15/18, 14:12:26:867] info: Store: UPDATE_SESSION_STATUS
{
  "hasValidSession": null,
  "teamId": "T70J8333P"
}
[06/15/18, 14:12:31:813] info: Store: SET_NETWORK_STATUS online
[06/15/18, 14:12:31:815] info: Store: MAIN_WINDOW_SHOWN
