[06/12/18, 20:54:25:906] info: ╔══════════════════════════════════════════════════════════════════════════════╗
[06/12/18, 20:54:25:906] info: ║      Slack 3.2.1, linux 4.16.13-2-ARCH on x64 at 06/12/18, 20:54:25:903      ║
[06/12/18, 20:54:25:906] info: ╚══════════════════════════════════════════════════════════════════════════════╝
[06/12/18, 20:54:25:964] info: Initializing local storage instance at path: /home/meach/.config/Slack/local-settings.json
[06/12/18, 20:54:26:169] error: Desktop module calls failed to load
{
  "error": {
    "message": "libCallsCore.so: cannot open shared object file: No such file or directory",
    "stack": "Error: libCallsCore.so: cannot open shared object file: No such file or directory\n    at process.module.(anonymous function) [as dlopen] (ELECTRON_ASAR.js:172:20)\n    at Object.Module._extensions..node (module.js:671:18)\n    at Object.module.(anonymous function) [as .node] (ELECTRON_ASAR.js:186:18)\n    at Module.load (module.js:561:32)\n    at tryModuleLoad (module.js:504:12)\n    at Function.Module._load (module.js:496:3)\n    at Module.require (module.js:586:17)\n    at require (internal/module.js:11:18)\n    at bindings (/usr/lib/slack/resources/app.asar/node_modules/@slack/slack-calls-prebuilt/modules/@slack/slack-calls/node_modules/bindings/bindings.js:81:44)\n    at Object.<anonymous> (/usr/lib/slack/resources/app.asar/node_modules/@slack/slack-calls-prebuilt/modules/@slack/slack-calls/index.js:1:192)"
  }
}
[06/12/18, 20:54:26:169] error: Desktop module calls failed to load
[06/12/18, 20:54:26:184] info: cld3::loadModule: loading cld3 module
[06/12/18, 20:54:26:198] info: cld3Loader::loadModule: running environment is NODE
[06/12/18, 20:54:26:198] info: cld3Loader::loadModule: constructed module object for runtime
[06/12/18, 20:54:26:283] info: cld3Loader::initializeRuntime: successfully initialized module
[06/12/18, 20:54:26:283] info: cld3Loader::loadModule: initialized wasm binary Runtime
[06/12/18, 20:54:26:290] info: SpellChecker:: updateSpellcheckerLanguage: Skip to set new language null, v2 spellchecker is not available
[06/12/18, 20:54:26:299] info: Main window preload script finished
{
  "readyTime": 624.220119
}
[06/12/18, 20:54:29:324] info: Skipping request to provide hint content for channel for spellchecker
{
  "version": "V2"
}
[06/12/18, 20:54:29:478] info: Store: UPSERT_WEB_CONTENTS
{
  "id": 3,
  "state": "loaded",
  "teamId": "T70J8333P"
}
[06/12/18, 20:54:29:480] info: Store: MAIN_WINDOW_SHOWN
[06/12/18, 20:54:29:611] info: Store: SET_FULL_SCREEN
[06/12/18, 20:54:29:611] info: Store: SET_FULL_SCREEN
[06/12/18, 20:54:29:611] info: Store: SET_FULL_SCREEN
[06/12/18, 20:54:29:902] info: Store: SET_FULL_SCREEN
[06/12/18, 20:54:29:903] info: Store: SET_FULL_SCREEN
[06/12/18, 20:54:29:905] info: Store: UPDATE_SESSION_STATUS
{
  "hasValidSession": true,
  "teamId": "T70J8333P"
}
[06/12/18, 20:54:30:030] info: Store: SET_FULL_SCREEN
[06/12/18, 20:54:30:032] info: Store: SELECT_CHANNEL D71935Z7F
[06/12/18, 20:54:30:033] info: Store: UPDATE_TEAM_LOCALE
{
  "locale": "en-US"
}
[06/12/18, 20:54:30:034] info: Store: UPDATE_SETTINGS
{
  "locale": "en-US"
}
[06/12/18, 20:54:30:045] info: Store: SAVE_WINDOW_SETTINGS
{
  "isMaximized": false,
  "position": [
    1717,
    15
  ],
  "size": [
    828,
    1382
  ]
}
[06/12/18, 20:54:30:046] info: Store: SET_FULL_SCREEN
[06/12/18, 20:54:30:048] info: Store: SET_FULL_SCREEN
[06/12/18, 20:54:30:128] info: Store: UPDATE_TEAM_ICONS
{
  "icons": {
    "image_102": "https://slack-files2.s3-us-west-2.amazonaws.com/avatars/2017-09-08/238498482194_b1fd671c2dae558fbfa3_102.gif",
    "image_132": "https://slack-files2.s3-us-west-2.amazonaws.com/avatars/2017-09-08/238498482194_b1fd671c2dae558fbfa3_132.gif",
    "image_230": "https://slack-files2.s3-us-west-2.amazonaws.com/avatars/2017-09-08/238498482194_b1fd671c2dae558fbfa3_230.gif",
    "image_34": "https://slack-files2.s3-us-west-2.amazonaws.com/avatars/2017-09-08/238498482194_b1fd671c2dae558fbfa3_34.gif",
    "image_44": "https://slack-files2.s3-us-west-2.amazonaws.com/avatars/2017-09-08/238498482194_b1fd671c2dae558fbfa3_44.gif",
    "image_68": "https://slack-files2.s3-us-west-2.amazonaws.com/avatars/2017-09-08/238498482194_b1fd671c2dae558fbfa3_68.gif",
    "image_88": "https://slack-files2.s3-us-west-2.amazonaws.com/avatars/2017-09-08/238498482194_b1fd671c2dae558fbfa3_88.gif",
    "image_original": "https://slack-files2.s3-us-west-2.amazonaws.com/avatars/2017-09-08/238498482194_b1fd671c2dae558fbfa3_original.gif"
  },
  "teamId": "T70J8333P"
}
[06/12/18, 20:54:30:129] info: Store: SET_FULL_SCREEN
[06/12/18, 20:54:30:196] info: Store: UPDATE_TEAM_THEME
{
  "teamId": "T70J8333P",
  "theme": {
    "active_item": "#4C9689",
    "active_item_text": "#FFFFFF",
    "active_presence": "#38978D",
    "badge": "#EB4D5C",
    "column_bg": "#4D394B",
    "hover_item": "#3E313C",
    "menu_bg": "#3E313C",
    "text_color": "#FFFFFF"
  }
}
[06/12/18, 20:54:30:306] info: postLoadTaskSetup: Desktop client fully loaded
{
  "loadedTime": 6566.436854
}
[06/12/18, 20:54:30:446] info: Store: UPDATE_TEAM_LOCALE
{
  "locale": "en-US",
  "teamId": "T70J8333P"
}
[06/12/18, 20:54:30:447] info: Store: UPSERT_WEB_CONTENTS
{
  "id": 3,
  "state": "webapp-loaded",
  "teamId": "T70J8333P"
}
[06/12/18, 20:54:30:464] info: Store: STORE_ENTERPRISE_ID_PAIR
{
  "enterpriseId": "",
  "teamId": "T70J8333P"
}
[06/12/18, 20:54:30:465] info: Store: STORE_API_TOKEN
{
  "teamId": "T70J8333P",
  "token": "xoxs-⋯"
}
[06/12/18, 20:54:30:466] info: Store: SET_FULL_SCREEN
[06/12/18, 20:54:30:467] info: Store: SET_FULL_SCREEN
[06/12/18, 20:54:30:467] info: Store: SET_FULL_SCREEN
[06/12/18, 20:54:30:479] info: postLoadTaskSetup: Setup spellchecker
{
  "version": "V2"
}
[06/12/18, 20:54:30:491] info: loadAsmModule: loading hunspell-asm module
[06/12/18, 20:54:30:703] info: loadAsmModule: asm module loaded successfully
[06/12/18, 20:54:30:704] info: SpellChecker: Starting spellchecker with language detector
[06/12/18, 20:54:30:704] info: SpellChecker::enableSpellCheckerLanguageDetector: enable spellchecker language detector
[06/12/18, 20:54:30:704] info: SpellChecker::startWithDictionary: Starting language detector with English by default
[06/12/18, 20:54:30:720] info: download: downloading dictionary for 'en-us'
[06/12/18, 20:54:30:720] info: fetchResourceAsBuffer: downloading
{
  "filePath": "https://spellcheck.slack-edge.com/dictionaries/en-us/1/en-us.aff",
  "cachePolicy": "default"
}
[06/12/18, 20:54:31:171] info: fetchResourceAsBuffer: downloading
{
  "filePath": "https://spellcheck.slack-edge.com/dictionaries/en-us/1/en-us.dic",
  "cachePolicy": "default"
}
[06/12/18, 20:54:32:005] info: dictionaryDownloader: verifying hash
[06/12/18, 20:54:32:052] info: SpellChecker::downloadDictionary: Dictionary is ready for 
{
  "language": "en"
}
[06/12/18, 20:54:32:095] info: assignSpellchecker: spellCheckerTable added new checker for 'en'
[06/12/18, 20:54:32:102] info: SpellChecker::prepareDictionary: Dictionary buffer for 'en' is loaded into spellchecker
[06/12/18, 20:54:32:103] info: switchDictionary: switching dictionary to check spell from 'null' to 'en'
[06/12/18, 20:54:32:103] info: SpellChecker::switchDictionary: SpellChecker enabled for language
{
  "language": "en"
}
[06/12/18, 20:54:34:540] info: Store: FOREGROUND_APP
[06/12/18, 20:54:34:708] info: Store: SET_FULL_SCREEN
[06/12/18, 20:54:35:548] info: Store: SAVE_WINDOW_SETTINGS
{
  "isMaximized": false,
  "position": [
    15,
    15
  ],
  "size": [
    2530,
    1382
  ]
}
[06/12/18, 20:54:36:151] info: Store: SET_FULL_SCREEN
[06/12/18, 20:54:36:152] info: Store: SET_FULL_SCREEN
[06/12/18, 20:54:36:289] info: Store: SET_FULL_SCREEN
[06/12/18, 20:54:36:291] info: Store: SET_FULL_SCREEN
[06/12/18, 20:54:46:692] info: Store: SET_FULL_SCREEN
[06/12/18, 20:54:46:693] info: Store: SET_FULL_SCREEN
[06/12/18, 20:54:46:831] info: Store: SET_FULL_SCREEN
[06/12/18, 20:54:46:832] info: Store: SET_FULL_SCREEN
[06/12/18, 20:54:51:466] info: Store: SET_FULL_SCREEN
[06/12/18, 20:54:51:466] info: Store: SET_FULL_SCREEN
[06/12/18, 20:55:20:699] info: Store: SET_FULL_SCREEN
[06/12/18, 20:55:20:700] info: Store: SET_FULL_SCREEN
[06/12/18, 20:55:21:848] info: Store: SET_FULL_SCREEN
[06/12/18, 20:55:21:851] info: Store: SET_FULL_SCREEN
[06/12/18, 20:55:21:977] info: Store: SET_FULL_SCREEN
[06/12/18, 20:55:21:977] info: Store: SET_FULL_SCREEN
[06/12/18, 20:55:25:598] info: Store: SET_FULL_SCREEN
[06/12/18, 20:55:25:598] info: Store: SET_FULL_SCREEN
