[06/15/18, 08:04:46:012] info: ╔══════════════════════════════════════════════════════════════════════════════╗
[06/15/18, 08:04:46:013] info: ║      Slack 3.2.1, linux 4.16.13-2-ARCH on x64 at 06/15/18, 08:04:46:006      ║
[06/15/18, 08:04:46:013] info: ╚══════════════════════════════════════════════════════════════════════════════╝
[06/15/18, 08:04:46:158] info: Initializing local storage instance at path: /home/meach/.config/Slack/local-settings.json
[06/15/18, 08:04:46:485] error: Desktop module calls failed to load
{
  "error": {
    "message": "libCallsCore.so: cannot open shared object file: No such file or directory",
    "stack": "Error: libCallsCore.so: cannot open shared object file: No such file or directory\n    at process.module.(anonymous function) [as dlopen] (ELECTRON_ASAR.js:172:20)\n    at Object.Module._extensions..node (module.js:671:18)\n    at Object.module.(anonymous function) [as .node] (ELECTRON_ASAR.js:186:18)\n    at Module.load (module.js:561:32)\n    at tryModuleLoad (module.js:504:12)\n    at Function.Module._load (module.js:496:3)\n    at Module.require (module.js:586:17)\n    at require (internal/module.js:11:18)\n    at bindings (/usr/lib/slack/resources/app.asar/node_modules/@slack/slack-calls-prebuilt/modules/@slack/slack-calls/node_modules/bindings/bindings.js:81:44)\n    at Object.<anonymous> (/usr/lib/slack/resources/app.asar/node_modules/@slack/slack-calls-prebuilt/modules/@slack/slack-calls/index.js:1:192)"
  }
}
[06/15/18, 08:04:46:485] error: Desktop module calls failed to load
[06/15/18, 08:04:46:502] info: cld3::loadModule: loading cld3 module
[06/15/18, 08:04:46:519] info: cld3Loader::loadModule: running environment is NODE
[06/15/18, 08:04:46:519] info: cld3Loader::loadModule: constructed module object for runtime
[06/15/18, 08:04:46:619] info: cld3Loader::initializeRuntime: successfully initialized module
[06/15/18, 08:04:46:619] info: cld3Loader::loadModule: initialized wasm binary Runtime
[06/15/18, 08:04:46:628] info: SpellChecker:: updateSpellcheckerLanguage: Skip to set new language null, v2 spellchecker is not available
[06/15/18, 08:04:46:639] info: Main window preload script finished
{
  "readyTime": 1074.478084
}
[06/15/18, 08:04:47:013] info: Store: SET_NETWORK_STATUS online
[06/15/18, 08:04:50:600] info: Skipping request to provide hint content for channel for spellchecker
{
  "version": "V2"
}
[06/15/18, 08:04:50:737] info: Store: UPSERT_WEB_CONTENTS
{
  "id": 3,
  "state": "loaded",
  "teamId": "T70J8333P"
}
[06/15/18, 08:04:50:738] info: Store: MAIN_WINDOW_SHOWN
[06/15/18, 08:04:50:914] info: Store: SET_FULL_SCREEN
[06/15/18, 08:04:50:915] info: Store: SET_FULL_SCREEN
[06/15/18, 08:04:50:915] info: Store: SET_FULL_SCREEN
[06/15/18, 08:04:51:308] info: Store: UPDATE_SESSION_STATUS
{
  "hasValidSession": true,
  "teamId": "T70J8333P"
}
[06/15/18, 08:04:51:568] info: postLoadTaskSetup: Desktop client fully loaded
{
  "loadedTime": 8937.863358
}
[06/15/18, 08:04:51:737] info: Store: SET_FULL_SCREEN
[06/15/18, 08:04:51:738] info: Store: SET_FULL_SCREEN
[06/15/18, 08:04:51:742] info: Store: SELECT_CHANNEL D70F6V6BA
[06/15/18, 08:04:51:743] info: Store: UPDATE_TEAM_LOCALE
{
  "locale": "en-US"
}
[06/15/18, 08:04:51:743] info: Store: UPDATE_SETTINGS
{
  "locale": "en-US"
}
[06/15/18, 08:04:51:757] info: Store: SAVE_WINDOW_SETTINGS
{
  "isMaximized": false,
  "position": [
    1290,
    15
  ],
  "size": [
    1255,
    1378
  ]
}
[06/15/18, 08:04:51:791] info: Store: UPDATE_TEAM_ICONS
{
  "icons": {
    "image_102": "https://slack-files2.s3-us-west-2.amazonaws.com/avatars/2017-09-08/238498482194_b1fd671c2dae558fbfa3_102.gif",
    "image_132": "https://slack-files2.s3-us-west-2.amazonaws.com/avatars/2017-09-08/238498482194_b1fd671c2dae558fbfa3_132.gif",
    "image_230": "https://slack-files2.s3-us-west-2.amazonaws.com/avatars/2017-09-08/238498482194_b1fd671c2dae558fbfa3_230.gif",
    "image_34": "https://slack-files2.s3-us-west-2.amazonaws.com/avatars/2017-09-08/238498482194_b1fd671c2dae558fbfa3_34.gif",
    "image_44": "https://slack-files2.s3-us-west-2.amazonaws.com/avatars/2017-09-08/238498482194_b1fd671c2dae558fbfa3_44.gif",
    "image_68": "https://slack-files2.s3-us-west-2.amazonaws.com/avatars/2017-09-08/238498482194_b1fd671c2dae558fbfa3_68.gif",
    "image_88": "https://slack-files2.s3-us-west-2.amazonaws.com/avatars/2017-09-08/238498482194_b1fd671c2dae558fbfa3_88.gif",
    "image_original": "https://slack-files2.s3-us-west-2.amazonaws.com/avatars/2017-09-08/238498482194_b1fd671c2dae558fbfa3_original.gif"
  },
  "teamId": "T70J8333P"
}
[06/15/18, 08:04:51:793] info: Store: UPDATE_TEAM_LOCALE
{
  "locale": "en-US",
  "teamId": "T70J8333P"
}
[06/15/18, 08:04:51:794] info: Store: UPSERT_WEB_CONTENTS
{
  "id": 3,
  "state": "webapp-loaded",
  "teamId": "T70J8333P"
}
[06/15/18, 08:04:51:822] info: Store: UPDATE_TEAM_THEME
{
  "teamId": "T70J8333P",
  "theme": {
    "active_item": "#4C9689",
    "active_item_text": "#FFFFFF",
    "active_presence": "#38978D",
    "badge": "#EB4D5C",
    "column_bg": "#4D394B",
    "hover_item": "#3E313C",
    "menu_bg": "#3E313C",
    "text_color": "#FFFFFF"
  }
}
[06/15/18, 08:04:51:932] info: Store: STORE_ENTERPRISE_ID_PAIR
{
  "enterpriseId": "",
  "teamId": "T70J8333P"
}
[06/15/18, 08:04:51:933] info: Store: STORE_API_TOKEN
{
  "teamId": "T70J8333P",
  "token": "xoxs-⋯"
}
[06/15/18, 08:04:52:187] info: postLoadTaskSetup: Setup spellchecker
{
  "version": "V2"
}
[06/15/18, 08:04:52:200] info: loadAsmModule: loading hunspell-asm module
[06/15/18, 08:04:52:531] info: loadAsmModule: asm module loaded successfully
[06/15/18, 08:04:52:532] info: SpellChecker: Starting spellchecker with language detector
[06/15/18, 08:04:52:532] info: SpellChecker::enableSpellCheckerLanguageDetector: enable spellchecker language detector
[06/15/18, 08:04:52:532] info: SpellChecker::startWithDictionary: Starting language detector with preloaded dict from last used language en
[06/15/18, 08:04:52:539] info: download: downloading dictionary for 'en-us'
[06/15/18, 08:04:52:539] info: fetchResourceAsBuffer: downloading
{
  "filePath": "https://spellcheck.slack-edge.com/dictionaries/en-us/1/en-us.aff",
  "cachePolicy": "default"
}
[06/15/18, 08:04:52:545] info: fetchResourceAsBuffer: downloading
{
  "filePath": "https://spellcheck.slack-edge.com/dictionaries/en-us/1/en-us.dic",
  "cachePolicy": "default"
}
[06/15/18, 08:04:52:549] info: dictionaryDownloader: verifying hash
[06/15/18, 08:04:52:579] info: SpellChecker::downloadDictionary: Dictionary is ready for 
{
  "language": "en"
}
[06/15/18, 08:04:52:618] info: assignSpellchecker: spellCheckerTable added new checker for 'en'
[06/15/18, 08:04:52:627] info: SpellChecker::prepareDictionary: Dictionary buffer for 'en' is loaded into spellchecker
[06/15/18, 08:04:52:628] info: switchDictionary: switching dictionary to check spell from 'null' to 'en'
[06/15/18, 08:04:52:629] info: SpellChecker::switchDictionary: SpellChecker enabled for language
{
  "language": "en"
}
[06/15/18, 08:04:57:503] info: Store: SET_FULL_SCREEN
[06/15/18, 08:04:58:940] info: Store: SET_FULL_SCREEN
[06/15/18, 08:04:58:943] info: Store: SET_FULL_SCREEN
[06/15/18, 08:05:03:371] info: Store: SET_FULL_SCREEN
[06/15/18, 08:05:03:788] info: Store: SET_FULL_SCREEN
[06/15/18, 08:05:04:072] info: Store: SET_FULL_SCREEN
[06/15/18, 08:05:04:349] info: Store: SET_FULL_SCREEN
[06/15/18, 08:05:06:124] info: Store: SET_FULL_SCREEN
[06/15/18, 08:05:06:428] info: Store: SET_FULL_SCREEN
[06/15/18, 08:05:06:738] info: Store: SET_FULL_SCREEN
[06/15/18, 08:05:07:809] info: Store: SET_FULL_SCREEN
[06/15/18, 08:05:08:280] info: Store: SET_FULL_SCREEN
[06/15/18, 08:05:09:637] info: Store: SET_FULL_SCREEN
[06/15/18, 08:05:09:638] info: Store: SET_FULL_SCREEN
