[06/16/18, 13:04:49:952] info: ╔══════════════════════════════════════════════════════════════════════════════╗
[06/16/18, 13:04:49:953] info: ║      Slack 3.2.1, linux 4.16.13-2-ARCH on x64 at 06/16/18, 13:04:49:936      ║
[06/16/18, 13:04:49:953] info: ╚══════════════════════════════════════════════════════════════════════════════╝
[06/16/18, 13:04:50:064] info: Initializing local storage instance at path: /home/meach/.config/Slack/local-settings.json
[06/16/18, 13:04:50:367] error: Desktop module calls failed to load
{
  "error": {
    "message": "libCallsCore.so: cannot open shared object file: No such file or directory",
    "stack": "Error: libCallsCore.so: cannot open shared object file: No such file or directory\n    at process.module.(anonymous function) [as dlopen] (ELECTRON_ASAR.js:172:20)\n    at Object.Module._extensions..node (module.js:671:18)\n    at Object.module.(anonymous function) [as .node] (ELECTRON_ASAR.js:186:18)\n    at Module.load (module.js:561:32)\n    at tryModuleLoad (module.js:504:12)\n    at Function.Module._load (module.js:496:3)\n    at Module.require (module.js:586:17)\n    at require (internal/module.js:11:18)\n    at bindings (/usr/lib/slack/resources/app.asar/node_modules/@slack/slack-calls-prebuilt/modules/@slack/slack-calls/node_modules/bindings/bindings.js:81:44)\n    at Object.<anonymous> (/usr/lib/slack/resources/app.asar/node_modules/@slack/slack-calls-prebuilt/modules/@slack/slack-calls/index.js:1:192)"
  }
}
[06/16/18, 13:04:50:368] error: Desktop module calls failed to load
[06/16/18, 13:04:50:384] info: cld3::loadModule: loading cld3 module
[06/16/18, 13:04:50:400] info: cld3Loader::loadModule: running environment is NODE
[06/16/18, 13:04:50:400] info: cld3Loader::loadModule: constructed module object for runtime
[06/16/18, 13:04:50:516] info: cld3Loader::initializeRuntime: successfully initialized module
[06/16/18, 13:04:50:516] info: cld3Loader::loadModule: initialized wasm binary Runtime
[06/16/18, 13:04:50:525] info: SpellChecker:: updateSpellcheckerLanguage: Skip to set new language null, v2 spellchecker is not available
[06/16/18, 13:04:50:537] info: Main window preload script finished
{
  "readyTime": 948.183086
}
[06/16/18, 13:04:53:452] info: Skipping request to provide hint content for channel for spellchecker
{
  "version": "V2"
}
[06/16/18, 13:04:53:572] info: Store: UPSERT_WEB_CONTENTS
{
  "id": 3,
  "state": "loaded",
  "teamId": "T70J8333P"
}
[06/16/18, 13:04:53:574] info: Store: MAIN_WINDOW_SHOWN
[06/16/18, 13:04:53:892] info: postLoadTaskSetup: Desktop client fully loaded
{
  "loadedTime": 7739.956021
}
[06/16/18, 13:04:53:965] info: Store: UPDATE_SESSION_STATUS
{
  "hasValidSession": true,
  "teamId": "T70J8333P"
}
[06/16/18, 13:04:53:972] info: Store: SELECT_CHANNEL D71AT5NQG
[06/16/18, 13:04:53:973] info: Store: UPDATE_TEAM_LOCALE
{
  "locale": "en-US"
}
[06/16/18, 13:04:53:973] info: Store: UPDATE_SETTINGS
{
  "locale": "en-US"
}
[06/16/18, 13:04:54:026] info: Store: UPDATE_TEAM_ICONS
{
  "icons": {
    "image_102": "https://slack-files2.s3-us-west-2.amazonaws.com/avatars/2017-09-08/238498482194_b1fd671c2dae558fbfa3_102.gif",
    "image_132": "https://slack-files2.s3-us-west-2.amazonaws.com/avatars/2017-09-08/238498482194_b1fd671c2dae558fbfa3_132.gif",
    "image_230": "https://slack-files2.s3-us-west-2.amazonaws.com/avatars/2017-09-08/238498482194_b1fd671c2dae558fbfa3_230.gif",
    "image_34": "https://slack-files2.s3-us-west-2.amazonaws.com/avatars/2017-09-08/238498482194_b1fd671c2dae558fbfa3_34.gif",
    "image_44": "https://slack-files2.s3-us-west-2.amazonaws.com/avatars/2017-09-08/238498482194_b1fd671c2dae558fbfa3_44.gif",
    "image_68": "https://slack-files2.s3-us-west-2.amazonaws.com/avatars/2017-09-08/238498482194_b1fd671c2dae558fbfa3_68.gif",
    "image_88": "https://slack-files2.s3-us-west-2.amazonaws.com/avatars/2017-09-08/238498482194_b1fd671c2dae558fbfa3_88.gif",
    "image_original": "https://slack-files2.s3-us-west-2.amazonaws.com/avatars/2017-09-08/238498482194_b1fd671c2dae558fbfa3_original.gif"
  },
  "teamId": "T70J8333P"
}
[06/16/18, 13:04:54:026] info: Store: SAVE_WINDOW_SETTINGS
{
  "isMaximized": false,
  "position": [
    812,
    25
  ],
  "size": [
    763,
    830
  ]
}
[06/16/18, 13:04:54:028] info: Store: UPDATE_TEAM_LOCALE
{
  "locale": "en-US",
  "teamId": "T70J8333P"
}
[06/16/18, 13:04:54:028] info: Store: UPSERT_WEB_CONTENTS
{
  "id": 3,
  "state": "webapp-loaded",
  "teamId": "T70J8333P"
}
[06/16/18, 13:04:54:216] info: Store: STORE_ENTERPRISE_ID_PAIR
{
  "enterpriseId": "",
  "teamId": "T70J8333P"
}
[06/16/18, 13:04:54:217] info: Store: STORE_API_TOKEN
{
  "teamId": "T70J8333P",
  "token": "xoxs-⋯"
}
[06/16/18, 13:04:54:229] info: Store: UPDATE_TEAM_THEME
{
  "teamId": "T70J8333P",
  "theme": {
    "active_item": "#4C9689",
    "active_item_text": "#FFFFFF",
    "active_presence": "#38978D",
    "badge": "#EB4D5C",
    "column_bg": "#4D394B",
    "hover_item": "#3E313C",
    "menu_bg": "#3E313C",
    "text_color": "#FFFFFF"
  }
}
[06/16/18, 13:04:54:345] info: postLoadTaskSetup: Setup spellchecker
{
  "version": "V2"
}
[06/16/18, 13:04:54:364] info: loadAsmModule: loading hunspell-asm module
[06/16/18, 13:04:54:647] info: loadAsmModule: asm module loaded successfully
[06/16/18, 13:04:54:647] info: SpellChecker: Starting spellchecker with language detector
[06/16/18, 13:04:54:647] info: SpellChecker::enableSpellCheckerLanguageDetector: enable spellchecker language detector
[06/16/18, 13:04:54:647] info: SpellChecker::startWithDictionary: Starting language detector with preloaded dict from last used language en
[06/16/18, 13:04:54:709] info: download: downloading dictionary for 'en-us'
[06/16/18, 13:04:54:709] info: fetchResourceAsBuffer: downloading
{
  "filePath": "https://spellcheck.slack-edge.com/dictionaries/en-us/1/en-us.aff",
  "cachePolicy": "default"
}
[06/16/18, 13:04:54:713] info: fetchResourceAsBuffer: downloading
{
  "filePath": "https://spellcheck.slack-edge.com/dictionaries/en-us/1/en-us.dic",
  "cachePolicy": "default"
}
[06/16/18, 13:04:54:732] info: dictionaryDownloader: verifying hash
[06/16/18, 13:04:54:764] info: SpellChecker::downloadDictionary: Dictionary is ready for 
{
  "language": "en"
}
[06/16/18, 13:04:54:809] info: assignSpellchecker: spellCheckerTable added new checker for 'en'
[06/16/18, 13:04:54:832] info: SpellChecker::prepareDictionary: Dictionary buffer for 'en' is loaded into spellchecker
[06/16/18, 13:04:54:832] info: switchDictionary: switching dictionary to check spell from 'null' to 'en'
[06/16/18, 13:04:54:834] info: SpellChecker::switchDictionary: SpellChecker enabled for language
{
  "language": "en"
}
[06/16/18, 13:31:37:769] info: Store: SET_FULL_SCREEN
[06/16/18, 13:31:39:350] info: Store: SET_FULL_SCREEN
[06/16/18, 13:31:39:352] info: Store: SET_FULL_SCREEN
[06/16/18, 14:05:34:430] info: Store: SET_FULL_SCREEN
[06/16/18, 14:05:34:432] info: Store: SET_FULL_SCREEN
[06/16/18, 14:05:36:480] info: Store: SET_FULL_SCREEN
[06/16/18, 14:05:37:066] info: Store: SET_FULL_SCREEN
[06/16/18, 14:05:39:664] info: Store: SET_FULL_SCREEN
[06/16/18, 14:05:39:665] info: Store: SET_FULL_SCREEN
[06/16/18, 14:06:58:164] info: Store: SET_SUSPEND_STATUS
[06/16/18, 14:06:58:168] error: Jun-16 14:06:58.168 SOCKET-MANAGER (T70J8333P) Closing socket because #4102: client is going to sleep
[06/16/18, 17:33:49:573] info: Store: SET_NETWORK_STATUS offline
[06/16/18, 17:33:49:651] info: Store: SET_SUSPEND_STATUS true
[06/16/18, 17:33:49:675] error: Jun-16 17:33:49.675 SOCKET-MANAGER (T70J8333P) Closing socket because #4108: unexpected socket closure
[06/16/18, 17:33:57:029] info: Store: UPDATE_TEAM_ICONS
{
  "icons": {
    "image_102": "https://slack-files2.s3-us-west-2.amazonaws.com/avatars/2017-09-08/238498482194_b1fd671c2dae558fbfa3_102.gif",
    "image_132": "https://slack-files2.s3-us-west-2.amazonaws.com/avatars/2017-09-08/238498482194_b1fd671c2dae558fbfa3_132.gif",
    "image_230": "https://slack-files2.s3-us-west-2.amazonaws.com/avatars/2017-09-08/238498482194_b1fd671c2dae558fbfa3_230.gif",
    "image_34": "https://slack-files2.s3-us-west-2.amazonaws.com/avatars/2017-09-08/238498482194_b1fd671c2dae558fbfa3_34.gif",
    "image_44": "https://slack-files2.s3-us-west-2.amazonaws.com/avatars/2017-09-08/238498482194_b1fd671c2dae558fbfa3_44.gif",
    "image_68": "https://slack-files2.s3-us-west-2.amazonaws.com/avatars/2017-09-08/238498482194_b1fd671c2dae558fbfa3_68.gif",
    "image_88": "https://slack-files2.s3-us-west-2.amazonaws.com/avatars/2017-09-08/238498482194_b1fd671c2dae558fbfa3_88.gif",
    "image_original": "https://slack-files2.s3-us-west-2.amazonaws.com/avatars/2017-09-08/238498482194_b1fd671c2dae558fbfa3_original.gif"
  },
  "teamId": "T70J8333P"
}
[06/16/18, 17:33:57:033] info: Store: UPDATE_TEAM_LOCALE
{
  "locale": "en-US",
  "teamId": "T70J8333P"
}
[06/16/18, 17:33:59:236] info: Store: SET_FULL_SCREEN
[06/16/18, 17:34:00:060] info: Store: SET_FULL_SCREEN
[06/16/18, 17:34:00:061] info: Store: SET_FULL_SCREEN
[06/16/18, 17:34:01:578] info: Store: SET_NETWORK_STATUS online
[06/16/18, 17:34:08:521] info: Store: SET_FULL_SCREEN
[06/16/18, 17:34:08:521] info: Store: SET_FULL_SCREEN
[06/16/18, 17:34:09:188] info: Store: SET_FULL_SCREEN
