[06/15/18, 14:12:25:133] info: ╔══════════════════════════════════════════════════════════════════════════════╗
[06/15/18, 14:12:25:134] info: ║      Slack 3.2.1, linux 4.16.13-2-ARCH on x64 at 06/15/18, 14:12:25:129      ║
[06/15/18, 14:12:25:134] info: ╚══════════════════════════════════════════════════════════════════════════════╝
[06/15/18, 14:12:25:305] info: Initializing local storage instance at path: /home/meach/.config/Slack/local-settings.json
[06/15/18, 14:12:25:563] info: Main window preload script finished
{
  "readyTime": 811.870973
}
[06/15/18, 14:12:25:571] info: Store: UPSERT_WEB_CONTENTS
{
  "id": 3,
  "state": "loaded",
  "teamId": "T70J8333P"
}
[06/15/18, 14:12:25:577] info: Store: UPSERT_WEB_CONTENTS
{
  "id": 3,
  "state": "empty-page",
  "teamId": "T70J8333P"
}
[06/15/18, 14:12:25:580] info: Store: UPSERT_WEB_CONTENTS
{
  "id": 3,
  "state": "page-will-navigate",
  "teamId": "T70J8333P"
}
