[06/15/18, 14:12:32:645] info: ╔══════════════════════════════════════════════════════════════════════════════╗
[06/15/18, 14:12:32:645] info: ║      Slack 3.2.1, linux 4.16.13-2-ARCH on x64 at 06/15/18, 14:12:32:643      ║
[06/15/18, 14:12:32:645] info: ╚══════════════════════════════════════════════════════════════════════════════╝
[06/15/18, 14:12:32:707] info: Initializing local storage instance at path: /home/meach/.config/Slack/local-settings.json
[06/15/18, 14:12:32:925] error: Desktop module calls failed to load
{
  "error": {
    "message": "libCallsCore.so: cannot open shared object file: No such file or directory",
    "stack": "Error: libCallsCore.so: cannot open shared object file: No such file or directory\n    at process.module.(anonymous function) [as dlopen] (ELECTRON_ASAR.js:172:20)\n    at Object.Module._extensions..node (module.js:671:18)\n    at Object.module.(anonymous function) [as .node] (ELECTRON_ASAR.js:186:18)\n    at Module.load (module.js:561:32)\n    at tryModuleLoad (module.js:504:12)\n    at Function.Module._load (module.js:496:3)\n    at Module.require (module.js:586:17)\n    at require (internal/module.js:11:18)\n    at bindings (/usr/lib/slack/resources/app.asar/node_modules/@slack/slack-calls-prebuilt/modules/@slack/slack-calls/node_modules/bindings/bindings.js:81:44)\n    at Object.<anonymous> (/usr/lib/slack/resources/app.asar/node_modules/@slack/slack-calls-prebuilt/modules/@slack/slack-calls/index.js:1:192)"
  }
}
[06/15/18, 14:12:32:925] error: Desktop module calls failed to load
[06/15/18, 14:12:32:943] info: cld3::loadModule: loading cld3 module
[06/15/18, 14:12:32:960] info: cld3Loader::loadModule: running environment is NODE
[06/15/18, 14:12:32:960] info: cld3Loader::loadModule: constructed module object for runtime
[06/15/18, 14:12:33:054] info: cld3Loader::initializeRuntime: successfully initialized module
[06/15/18, 14:12:33:055] info: cld3Loader::loadModule: initialized wasm binary Runtime
[06/15/18, 14:12:33:062] info: SpellChecker:: updateSpellcheckerLanguage: Skip to set new language null, v2 spellchecker is not available
[06/15/18, 14:12:33:070] info: Main window preload script finished
{
  "readyTime": 643.510564
}
[06/15/18, 14:12:35:509] info: Store: UPSERT_WEB_CONTENTS
{
  "id": 3,
  "state": "loaded",
  "teamId": "T70J8333P"
}
[06/15/18, 14:12:36:055] info: Skipping request to provide hint content for channel for spellchecker
{
  "version": "V2"
}
[06/15/18, 14:12:36:750] info: Store: UPDATE_SESSION_STATUS
{
  "hasValidSession": true,
  "teamId": "T70J8333P"
}
[06/15/18, 14:12:36:769] info: Store: SELECT_CHANNEL CAJFPPJFN
[06/15/18, 14:12:36:770] info: Store: UPDATE_TEAM_LOCALE
{
  "locale": "en-US"
}
[06/15/18, 14:12:36:770] info: Store: UPDATE_SETTINGS
{
  "locale": "en-US"
}
[06/15/18, 14:12:36:984] info: Store: UPDATE_TEAM_ICONS
{
  "icons": {
    "image_102": "https://slack-files2.s3-us-west-2.amazonaws.com/avatars/2017-09-08/238498482194_b1fd671c2dae558fbfa3_102.gif",
    "image_132": "https://slack-files2.s3-us-west-2.amazonaws.com/avatars/2017-09-08/238498482194_b1fd671c2dae558fbfa3_132.gif",
    "image_230": "https://slack-files2.s3-us-west-2.amazonaws.com/avatars/2017-09-08/238498482194_b1fd671c2dae558fbfa3_230.gif",
    "image_34": "https://slack-files2.s3-us-west-2.amazonaws.com/avatars/2017-09-08/238498482194_b1fd671c2dae558fbfa3_34.gif",
    "image_44": "https://slack-files2.s3-us-west-2.amazonaws.com/avatars/2017-09-08/238498482194_b1fd671c2dae558fbfa3_44.gif",
    "image_68": "https://slack-files2.s3-us-west-2.amazonaws.com/avatars/2017-09-08/238498482194_b1fd671c2dae558fbfa3_68.gif",
    "image_88": "https://slack-files2.s3-us-west-2.amazonaws.com/avatars/2017-09-08/238498482194_b1fd671c2dae558fbfa3_88.gif",
    "image_original": "https://slack-files2.s3-us-west-2.amazonaws.com/avatars/2017-09-08/238498482194_b1fd671c2dae558fbfa3_original.gif"
  },
  "teamId": "T70J8333P"
}
[06/15/18, 14:12:36:986] info: Store: UPDATE_TEAM_LOCALE
{
  "locale": "en-US",
  "teamId": "T70J8333P"
}
[06/15/18, 14:12:36:986] info: Store: UPSERT_WEB_CONTENTS
{
  "id": 3,
  "state": "webapp-loaded",
  "teamId": "T70J8333P"
}
[06/15/18, 14:12:37:139] info: Store: UPDATE_TEAM_THEME
{
  "teamId": "T70J8333P",
  "theme": {
    "active_item": "#4C9689",
    "active_item_text": "#FFFFFF",
    "active_presence": "#38978D",
    "badge": "#EB4D5C",
    "column_bg": "#4D394B",
    "hover_item": "#3E313C",
    "menu_bg": "#3E313C",
    "text_color": "#FFFFFF"
  }
}
[06/15/18, 14:12:37:141] info: Store: STORE_ENTERPRISE_ID_PAIR
{
  "enterpriseId": "",
  "teamId": "T70J8333P"
}
[06/15/18, 14:12:37:141] info: Store: STORE_API_TOKEN
{
  "teamId": "T70J8333P",
  "token": "xoxs-⋯"
}
[06/15/18, 14:12:37:211] info: postLoadTaskSetup: Setup spellchecker
{
  "version": "V2"
}
[06/15/18, 14:12:37:223] info: loadAsmModule: loading hunspell-asm module
[06/15/18, 14:12:37:398] info: loadAsmModule: asm module loaded successfully
[06/15/18, 14:12:37:398] info: SpellChecker: Starting spellchecker with language detector
[06/15/18, 14:12:37:398] info: SpellChecker::enableSpellCheckerLanguageDetector: enable spellchecker language detector
[06/15/18, 14:12:37:399] info: SpellChecker::startWithDictionary: Starting language detector with preloaded dict from last used language en
[06/15/18, 14:12:37:843] info: download: downloading dictionary for 'en-us'
[06/15/18, 14:12:37:843] info: fetchResourceAsBuffer: downloading
{
  "filePath": "https://spellcheck.slack-edge.com/dictionaries/en-us/1/en-us.aff",
  "cachePolicy": "default"
}
[06/15/18, 14:12:38:386] info: fetchResourceAsBuffer: downloading
{
  "filePath": "https://spellcheck.slack-edge.com/dictionaries/en-us/1/en-us.dic",
  "cachePolicy": "default"
}
[06/15/18, 14:12:38:937] info: dictionaryDownloader: verifying hash
[06/15/18, 14:12:39:295] info: SpellChecker::downloadDictionary: Dictionary is ready for 
{
  "language": "en"
}
[06/15/18, 14:12:39:352] info: assignSpellchecker: spellCheckerTable added new checker for 'en'
[06/15/18, 14:12:39:353] info: SpellChecker::prepareDictionary: Dictionary buffer for 'en' is loaded into spellchecker
[06/15/18, 14:12:39:354] info: switchDictionary: switching dictionary to check spell from 'null' to 'en'
[06/15/18, 14:12:39:357] info: SpellChecker::switchDictionary: SpellChecker enabled for language
{
  "language": "en"
}
[06/15/18, 14:13:17:977] info: Store: SET_FULL_SCREEN
[06/15/18, 14:13:18:509] info: Store: SET_FULL_SCREEN
[06/15/18, 14:13:18:510] info: Store: SET_FULL_SCREEN
[06/15/18, 14:13:18:925] info: Store: SET_FULL_SCREEN
[06/15/18, 14:13:19:266] info: Store: SET_FULL_SCREEN
[06/15/18, 14:13:19:267] info: Store: SET_FULL_SCREEN
[06/15/18, 14:13:19:631] info: Store: SET_FULL_SCREEN
[06/15/18, 14:13:20:210] info: Store: SET_FULL_SCREEN
[06/15/18, 14:13:20:212] info: Store: SET_FULL_SCREEN
[06/15/18, 14:21:44:531] info: Store: SET_FULL_SCREEN
[06/15/18, 14:21:44:532] info: Store: SET_FULL_SCREEN
[06/15/18, 14:21:48:536] info: Store: SET_FULL_SCREEN
[06/15/18, 14:21:48:537] info: Store: SET_FULL_SCREEN
[06/15/18, 14:48:06:912] info: Store: SET_FULL_SCREEN
[06/15/18, 14:48:09:840] info: Store: SET_FULL_SCREEN
[06/15/18, 14:55:06:569] info: Store: SET_SUSPEND_STATUS
[06/15/18, 14:55:06:584] error: Jun-15 14:55:06.583 SOCKET-MANAGER (T70J8333P) Closing socket because #4102: client is going to sleep
[06/15/18, 14:55:26:411] info: Store: SET_NETWORK_STATUS offline
[06/15/18, 14:55:26:412] info: Store: SET_SUSPEND_STATUS true
[06/15/18, 14:55:26:419] error: Jun-15 14:55:26.419 SOCKET-MANAGER (T70J8333P) Closing socket because #4108: unexpected socket closure
[06/15/18, 14:55:43:104] info: Store: SET_NETWORK_STATUS online
[06/15/18, 15:05:09:433] info: Store: SET_SUSPEND_STATUS
[06/15/18, 15:05:09:442] error: Jun-15 15:05:09.441 SOCKET-MANAGER (T70J8333P) Closing socket because #4102: client is going to sleep
[06/15/18, 15:05:55:933] info: Store: SET_NETWORK_STATUS offline
[06/15/18, 15:05:56:031] info: Store: SET_SUSPEND_STATUS true
[06/15/18, 15:05:56:037] error: Jun-15 15:05:56.037 SOCKET-MANAGER (T70J8333P) Closing socket because #4108: unexpected socket closure
[06/15/18, 15:06:11:107] info: Store: SET_SUSPEND_STATUS
[06/15/18, 15:07:50:774] info: Store: SET_SUSPEND_STATUS true
[06/15/18, 15:07:50:785] error: Jun-15 15:07:50.785 SOCKET-MANAGER (T70J8333P) Closing socket because #4108: unexpected socket closure
[06/15/18, 15:08:12:537] info: Store: SET_NETWORK_STATUS online
[06/15/18, 15:24:08:485] info: Store: SET_SUSPEND_STATUS
[06/15/18, 15:24:08:496] error: Jun-15 15:24:08.495 SOCKET-MANAGER (T70J8333P) Closing socket because #4102: client is going to sleep
[06/15/18, 15:28:24:241] info: Store: SET_NETWORK_STATUS offline
[06/15/18, 15:28:24:242] info: Store: SET_SUSPEND_STATUS true
[06/15/18, 15:28:24:248] error: Jun-15 15:28:24.248 SOCKET-MANAGER (T70J8333P) Closing socket because #4108: unexpected socket closure
[06/15/18, 15:28:45:597] info: Store: SET_NETWORK_STATUS online
[06/15/18, 15:28:57:171] error: Jun-15 15:28:57.171 SOCKET-MANAGER (T70J8333P) Closing socket because #4106: received an "error" message from socket
[06/15/18, 15:29:00:074] info: Store: UPDATE_TEAM_ICONS
{
  "icons": {
    "image_102": "https://slack-files2.s3-us-west-2.amazonaws.com/avatars/2017-09-08/238498482194_b1fd671c2dae558fbfa3_102.gif",
    "image_132": "https://slack-files2.s3-us-west-2.amazonaws.com/avatars/2017-09-08/238498482194_b1fd671c2dae558fbfa3_132.gif",
    "image_230": "https://slack-files2.s3-us-west-2.amazonaws.com/avatars/2017-09-08/238498482194_b1fd671c2dae558fbfa3_230.gif",
    "image_34": "https://slack-files2.s3-us-west-2.amazonaws.com/avatars/2017-09-08/238498482194_b1fd671c2dae558fbfa3_34.gif",
    "image_44": "https://slack-files2.s3-us-west-2.amazonaws.com/avatars/2017-09-08/238498482194_b1fd671c2dae558fbfa3_44.gif",
    "image_68": "https://slack-files2.s3-us-west-2.amazonaws.com/avatars/2017-09-08/238498482194_b1fd671c2dae558fbfa3_68.gif",
    "image_88": "https://slack-files2.s3-us-west-2.amazonaws.com/avatars/2017-09-08/238498482194_b1fd671c2dae558fbfa3_88.gif",
    "image_original": "https://slack-files2.s3-us-west-2.amazonaws.com/avatars/2017-09-08/238498482194_b1fd671c2dae558fbfa3_original.gif"
  },
  "teamId": "T70J8333P"
}
[06/15/18, 15:29:00:079] info: Store: UPDATE_TEAM_LOCALE
{
  "locale": "en-US",
  "teamId": "T70J8333P"
}
[06/15/18, 15:30:01:826] info: Store: SET_SUSPEND_STATUS
[06/15/18, 15:30:01:836] error: Jun-15 15:30:01.835 SOCKET-MANAGER (T70J8333P) Closing socket because #4102: client is going to sleep
[06/15/18, 15:32:43:007] info: Store: SET_NETWORK_STATUS offline
[06/15/18, 15:32:43:014] info: Store: SET_SUSPEND_STATUS true
[06/15/18, 15:32:43:040] error: Jun-15 15:32:43.040 SOCKET-MANAGER (T70J8333P) Closing socket because #4108: unexpected socket closure
[06/15/18, 15:32:53:188] info: Store: SET_FULL_SCREEN
[06/15/18, 15:32:53:189] info: Store: SET_FULL_SCREEN
[06/15/18, 15:32:53:189] info: Store: SET_FULL_SCREEN
[06/15/18, 15:32:53:197] info: Store: SET_FULL_SCREEN
[06/15/18, 15:32:53:198] info: Store: SET_FULL_SCREEN
[06/15/18, 15:32:53:198] info: Store: SET_FULL_SCREEN
[06/15/18, 15:32:53:198] info: Store: SET_FULL_SCREEN
[06/15/18, 15:32:53:198] info: Store: SET_FULL_SCREEN
[06/15/18, 15:32:53:198] info: Store: SET_FULL_SCREEN
[06/15/18, 15:32:53:199] info: Store: SET_FULL_SCREEN
[06/15/18, 15:32:53:199] info: Store: SET_FULL_SCREEN
[06/15/18, 15:32:53:199] info: Store: SET_FULL_SCREEN
[06/15/18, 15:32:53:199] info: Store: SET_FULL_SCREEN
[06/15/18, 15:32:53:301] info: Store: SET_FULL_SCREEN
[06/15/18, 15:32:53:302] info: Store: SET_FULL_SCREEN
[06/15/18, 15:32:53:302] info: Store: SET_FULL_SCREEN
[06/15/18, 15:32:54:039] info: Store: SAVE_WINDOW_SETTINGS
{
  "isMaximized": false,
  "position": [
    24,
    24
  ],
  "size": [
    2512,
    1360
  ]
}
[06/15/18, 15:33:01:781] info: Store: SET_NETWORK_STATUS online
[06/15/18, 15:40:41:537] info: Store: NEW_NOTIFICATION
{
  "avatarImage": "https://ca.slack-edge.com/T70J8333P-UAJUXS849-9dd4781ca676-512",
  "channel": "CAJFPPJFN",
  "content": "[REDACTED]",
  "id": "Q9PI6hkWD3RJW8",
  "launchUri": "slack://channel?id=CAJFPPJFN&message=1529091641.000229&team=T70J8333P",
  "msg": "1529091641.000229",
  "silent": true,
  "subtitle": "",
  "teamId": "T70J8333P",
  "title": "[REDACTED]"
}
