[06/14/18, 21:19:29:258] info: ╔══════════════════════════════════════════════════════════════════════════════╗
[06/14/18, 21:19:29:259] info: ║      Slack 3.2.1, linux 4.16.13-2-ARCH on x64 at 06/14/18, 21:19:29:256      ║
[06/14/18, 21:19:29:259] info: ╚══════════════════════════════════════════════════════════════════════════════╝
[06/14/18, 21:19:29:492] info: Initializing local storage instance at path: /home/meach/.config/Slack/local-settings.json
[06/14/18, 21:19:29:692] info: NetworkStatus: Waiting for network online…
[06/14/18, 21:19:30:354] info: Don't start background client because T70J8333P is selected team
[06/14/18, 21:19:30:413] info: Store: BACKGROUND_CLIENTS_INITIALIZED
[06/14/18, 21:19:30:441] info: Store: BACKGROUND_CLIENTS_INITIALIZED true
[06/14/18, 21:19:30:459] info: NetworkStatus: Response from api.test
{
  "status": "online"
}
[06/14/18, 21:19:30:869] info: Store: SET_NETWORK_STATUS online
[06/14/18, 21:19:37:148] info: Store: UPSERT_WEB_CONTENTS
{
  "id": 3,
  "state": "loaded",
  "teamId": "T70J8333P"
}
[06/14/18, 21:19:37:156] info: Store: MAIN_WINDOW_SHOWN
[06/14/18, 21:19:37:186] info: Store: SET_FULL_SCREEN
[06/14/18, 21:19:37:188] info: Store: SET_FULL_SCREEN
[06/14/18, 21:19:37:197] info: Store: SET_FULL_SCREEN
[06/14/18, 21:19:37:332] info: Store: UPDATE_SESSION_STATUS
{
  "hasValidSession": true,
  "teamId": "T70J8333P"
}
[06/14/18, 21:19:37:865] info: Store: SELECT_CHANNEL D70F6V6BA
[06/14/18, 21:19:37:868] info: Store: UPDATE_TEAM_LOCALE
{
  "locale": "en-US"
}
[06/14/18, 21:19:37:869] info: Store: UPDATE_SETTINGS
{
  "locale": "en-US"
}
[06/14/18, 21:19:38:176] info: Store: SAVE_WINDOW_SETTINGS
{
  "isMaximized": false,
  "position": [
    1290,
    15
  ],
  "size": [
    1255,
    1378
  ]
}
[06/14/18, 21:19:38:322] info: Store: SET_FULL_SCREEN
[06/14/18, 21:19:38:753] info: Store: UPDATE_TEAM_ICONS
{
  "icons": {
    "image_102": "https://slack-files2.s3-us-west-2.amazonaws.com/avatars/2017-09-08/238498482194_b1fd671c2dae558fbfa3_102.gif",
    "image_132": "https://slack-files2.s3-us-west-2.amazonaws.com/avatars/2017-09-08/238498482194_b1fd671c2dae558fbfa3_132.gif",
    "image_230": "https://slack-files2.s3-us-west-2.amazonaws.com/avatars/2017-09-08/238498482194_b1fd671c2dae558fbfa3_230.gif",
    "image_34": "https://slack-files2.s3-us-west-2.amazonaws.com/avatars/2017-09-08/238498482194_b1fd671c2dae558fbfa3_34.gif",
    "image_44": "https://slack-files2.s3-us-west-2.amazonaws.com/avatars/2017-09-08/238498482194_b1fd671c2dae558fbfa3_44.gif",
    "image_68": "https://slack-files2.s3-us-west-2.amazonaws.com/avatars/2017-09-08/238498482194_b1fd671c2dae558fbfa3_68.gif",
    "image_88": "https://slack-files2.s3-us-west-2.amazonaws.com/avatars/2017-09-08/238498482194_b1fd671c2dae558fbfa3_88.gif",
    "image_original": "https://slack-files2.s3-us-west-2.amazonaws.com/avatars/2017-09-08/238498482194_b1fd671c2dae558fbfa3_original.gif"
  },
  "teamId": "T70J8333P"
}
[06/14/18, 21:19:38:872] info: Store: UPDATE_TEAM_LOCALE
{
  "locale": "en-US",
  "teamId": "T70J8333P"
}
[06/14/18, 21:19:38:881] info: Store: UPSERT_WEB_CONTENTS
{
  "id": 3,
  "state": "webapp-loaded",
  "teamId": "T70J8333P"
}
[06/14/18, 21:19:39:094] info: Store: UPDATE_TEAM_THEME
{
  "teamId": "T70J8333P",
  "theme": {
    "active_item": "#4C9689",
    "active_item_text": "#FFFFFF",
    "active_presence": "#38978D",
    "badge": "#EB4D5C",
    "column_bg": "#4D394B",
    "hover_item": "#3E313C",
    "menu_bg": "#3E313C",
    "text_color": "#FFFFFF"
  }
}
[06/14/18, 21:19:39:188] info: Store: STORE_ENTERPRISE_ID_PAIR
{
  "enterpriseId": "",
  "teamId": "T70J8333P"
}
[06/14/18, 21:19:39:190] info: Store: STORE_API_TOKEN
{
  "teamId": "T70J8333P",
  "token": "xoxs-⋯"
}
[06/14/18, 21:19:39:322] info: Store: SAVE_WINDOW_SETTINGS
{
  "isMaximized": false,
  "position": [
    864,
    15
  ],
  "size": [
    833,
    1378
  ]
}
[06/14/18, 21:19:53:542] info: Store: SET_FULL_SCREEN
[06/14/18, 21:19:53:546] info: Store: SET_FULL_SCREEN
[06/14/18, 21:19:53:547] info: Store: SET_FULL_SCREEN
[06/14/18, 21:19:53:551] info: Store: SET_FULL_SCREEN
[06/14/18, 21:19:53:553] info: Store: SET_FULL_SCREEN
[06/14/18, 21:19:53:553] info: Store: SET_FULL_SCREEN
[06/14/18, 21:19:53:554] info: Store: SET_FULL_SCREEN
[06/14/18, 21:19:53:562] info: Store: SET_FULL_SCREEN
[06/14/18, 21:19:53:563] info: Store: SET_FULL_SCREEN
[06/14/18, 21:19:53:563] info: Store: SET_FULL_SCREEN
[06/14/18, 21:19:53:563] info: Store: SET_FULL_SCREEN
[06/14/18, 21:19:53:564] info: Store: SET_FULL_SCREEN
[06/14/18, 21:19:53:564] info: Store: SET_FULL_SCREEN
[06/14/18, 21:19:53:720] info: Store: SET_FULL_SCREEN
[06/14/18, 21:19:53:720] info: Store: SET_FULL_SCREEN
[06/14/18, 21:19:53:730] info: Store: SET_FULL_SCREEN
[06/14/18, 21:19:54:527] info: Store: SAVE_WINDOW_SETTINGS
{
  "isMaximized": false,
  "position": [
    1290,
    15
  ],
  "size": [
    1255,
    1378
  ]
}
