[06/15/18, 15:48:16:358] info: ╔══════════════════════════════════════════════════════════════════════════════╗
[06/15/18, 15:48:16:360] info: ║      Slack 3.2.1, linux 4.16.13-2-ARCH on x64 at 06/15/18, 15:48:16:355      ║
[06/15/18, 15:48:16:360] info: ╚══════════════════════════════════════════════════════════════════════════════╝
[06/15/18, 15:48:16:478] info: Initializing local storage instance at path: /home/meach/.config/Slack/local-settings.json
[06/15/18, 15:48:16:862] info: Store: UPSERT_WEB_CONTENTS
{
  "id": 3,
  "state": "loaded",
  "teamId": "T70J8333P"
}
[06/15/18, 15:48:16:863] info: Store: UPSERT_WEB_CONTENTS
{
  "id": 3,
  "state": "empty-page",
  "teamId": "T70J8333P"
}
[06/15/18, 15:48:16:863] info: Store: UPSERT_WEB_CONTENTS
{
  "id": 3,
  "state": "page-will-navigate",
  "teamId": "T70J8333P"
}
[06/15/18, 15:48:16:980] info: Store: BACKGROUND_CLIENTS_INITIALIZED
[06/15/18, 15:48:16:986] info: Store: BACKGROUND_CLIENTS_INITIALIZED true
[06/15/18, 15:48:17:080] info: Store: UPDATE_SESSION_STATUS
{
  "hasValidSession": null,
  "teamId": "T70J8333P"
}
[06/15/18, 15:48:17:385] info: Store: SET_NETWORK_STATUS offline
[06/15/18, 15:48:17:496] info: Store: UPSERT_WEB_CONTENTS
{
  "id": 3,
  "state": "loaded",
  "teamId": "T70J8333P"
}
[06/15/18, 15:48:17:496] info: Store: UPSERT_WEB_CONTENTS
{
  "id": 3,
  "state": "empty-page",
  "teamId": "T70J8333P"
}
[06/15/18, 15:48:17:696] info: Store: UPDATE_SESSION_STATUS
{
  "hasValidSession": null,
  "teamId": "T70J8333P"
}
[06/15/18, 15:48:22:591] info: Store: SET_NETWORK_STATUS online
[06/15/18, 15:48:22:598] info: Store: MAIN_WINDOW_SHOWN
