[06/13/18, 19:18:44:048] info: ╔══════════════════════════════════════════════════════════════════════════════╗
[06/13/18, 19:18:44:048] info: ║      Slack 3.2.1, linux 4.16.13-2-ARCH on x64 at 06/13/18, 19:18:44:046      ║
[06/13/18, 19:18:44:048] info: ╚══════════════════════════════════════════════════════════════════════════════╝
[06/13/18, 19:18:44:130] info: Initializing local storage instance at path: /home/meach/.config/Slack/local-settings.json
[06/13/18, 19:18:44:477] info: Store: BACKGROUND_CLIENTS_INITIALIZED
[06/13/18, 19:18:44:486] info: Store: BACKGROUND_CLIENTS_INITIALIZED true
[06/13/18, 19:18:45:012] info: Store: SET_NETWORK_STATUS online
[06/13/18, 19:18:48:573] info: Store: UPSERT_WEB_CONTENTS
{
  "id": 3,
  "state": "loaded",
  "teamId": "T70J8333P"
}
[06/13/18, 19:18:48:584] info: Store: MAIN_WINDOW_SHOWN
[06/13/18, 19:18:48:599] info: Store: SET_FULL_SCREEN
[06/13/18, 19:18:48:602] info: Store: SET_FULL_SCREEN
[06/13/18, 19:18:48:604] info: Store: SET_FULL_SCREEN
[06/15/18, 08:06:26:671] info: ╔══════════════════════════════════════════════════════════════════════════════╗
[06/15/18, 08:06:26:672] info: ║      Slack 3.2.1, linux 4.16.13-2-ARCH on x64 at 06/15/18, 08:06:26:667      ║
[06/15/18, 08:06:26:672] info: ╚══════════════════════════════════════════════════════════════════════════════╝
[06/15/18, 08:06:26:777] info: Initializing local storage instance at path: /home/meach/.config/Slack/local-settings.json
[06/15/18, 08:06:27:389] info: Store: BACKGROUND_CLIENTS_INITIALIZED
[06/15/18, 08:06:27:439] info: Store: BACKGROUND_CLIENTS_INITIALIZED true
[06/15/18, 08:06:27:872] info: Store: SET_NETWORK_STATUS online
[06/15/18, 08:06:32:084] info: Store: UPSERT_WEB_CONTENTS
{
  "id": 3,
  "state": "loaded",
  "teamId": "T70J8333P"
}
[06/15/18, 08:06:32:088] info: Store: MAIN_WINDOW_SHOWN
[06/15/18, 08:06:32:099] info: Store: SET_FULL_SCREEN
[06/15/18, 08:06:32:102] info: Store: SET_FULL_SCREEN
[06/15/18, 08:06:32:104] info: Store: SET_FULL_SCREEN
