[06/14/18, 09:32:34:851] info: ╔══════════════════════════════════════════════════════════════════════════════╗
[06/14/18, 09:32:34:851] info: ║      Slack 3.2.1, linux 4.16.13-2-ARCH on x64 at 06/14/18, 09:32:34:848      ║
[06/14/18, 09:32:34:851] info: ╚══════════════════════════════════════════════════════════════════════════════╝
[06/14/18, 09:32:34:914] info: Initializing local storage instance at path: /home/meach/.config/Slack/local-settings.json
[06/14/18, 09:32:35:151] error: Desktop module calls failed to load
{
  "error": {
    "message": "libCallsCore.so: cannot open shared object file: No such file or directory",
    "stack": "Error: libCallsCore.so: cannot open shared object file: No such file or directory\n    at process.module.(anonymous function) [as dlopen] (ELECTRON_ASAR.js:172:20)\n    at Object.Module._extensions..node (module.js:671:18)\n    at Object.module.(anonymous function) [as .node] (ELECTRON_ASAR.js:186:18)\n    at Module.load (module.js:561:32)\n    at tryModuleLoad (module.js:504:12)\n    at Function.Module._load (module.js:496:3)\n    at Module.require (module.js:586:17)\n    at require (internal/module.js:11:18)\n    at bindings (/usr/lib/slack/resources/app.asar/node_modules/@slack/slack-calls-prebuilt/modules/@slack/slack-calls/node_modules/bindings/bindings.js:81:44)\n    at Object.<anonymous> (/usr/lib/slack/resources/app.asar/node_modules/@slack/slack-calls-prebuilt/modules/@slack/slack-calls/index.js:1:192)"
  }
}
[06/14/18, 09:32:35:151] error: Desktop module calls failed to load
[06/14/18, 09:32:35:171] info: cld3::loadModule: loading cld3 module
[06/14/18, 09:32:35:190] info: cld3Loader::loadModule: running environment is NODE
[06/14/18, 09:32:35:190] info: cld3Loader::loadModule: constructed module object for runtime
[06/14/18, 09:32:35:283] info: cld3Loader::initializeRuntime: successfully initialized module
[06/14/18, 09:32:35:283] info: cld3Loader::loadModule: initialized wasm binary Runtime
[06/14/18, 09:32:35:291] info: SpellChecker:: updateSpellcheckerLanguage: Skip to set new language null, v2 spellchecker is not available
[06/14/18, 09:32:35:305] info: Main window preload script finished
{
  "readyTime": 690.1875
}
[06/14/18, 09:32:38:390] info: Skipping request to provide hint content for channel for spellchecker
{
  "version": "V2"
}
[06/14/18, 09:32:38:582] info: Store: UPSERT_WEB_CONTENTS
{
  "id": 3,
  "state": "loaded",
  "teamId": "T70J8333P"
}
[06/14/18, 09:32:38:585] info: Store: MAIN_WINDOW_SHOWN
[06/14/18, 09:32:38:754] info: Store: SET_FULL_SCREEN
[06/14/18, 09:32:38:754] info: Store: SET_FULL_SCREEN
[06/14/18, 09:32:38:754] info: Store: SET_FULL_SCREEN
[06/14/18, 09:32:39:287] info: Store: SET_FULL_SCREEN
[06/14/18, 09:32:39:287] info: Store: UPDATE_SESSION_STATUS
{
  "hasValidSession": true,
  "teamId": "T70J8333P"
}
[06/14/18, 09:32:39:434] info: postLoadTaskSetup: Desktop client fully loaded
{
  "loadedTime": 6714.589207
}
[06/14/18, 09:32:39:500] info: Store: SELECT_CHANNEL DALCP3P2S
[06/14/18, 09:32:39:500] info: Store: UPDATE_TEAM_LOCALE
{
  "locale": "en-US"
}
[06/14/18, 09:32:39:500] info: Store: UPDATE_SETTINGS
{
  "locale": "en-US"
}
[06/14/18, 09:32:39:506] info: Store: SAVE_WINDOW_SETTINGS
{
  "isMaximized": false,
  "position": [
    15,
    15
  ],
  "size": [
    1255,
    1378
  ]
}
[06/14/18, 09:32:39:832] info: Store: UPDATE_TEAM_ICONS
{
  "icons": {
    "image_102": "https://slack-files2.s3-us-west-2.amazonaws.com/avatars/2017-09-08/238498482194_b1fd671c2dae558fbfa3_102.gif",
    "image_132": "https://slack-files2.s3-us-west-2.amazonaws.com/avatars/2017-09-08/238498482194_b1fd671c2dae558fbfa3_132.gif",
    "image_230": "https://slack-files2.s3-us-west-2.amazonaws.com/avatars/2017-09-08/238498482194_b1fd671c2dae558fbfa3_230.gif",
    "image_34": "https://slack-files2.s3-us-west-2.amazonaws.com/avatars/2017-09-08/238498482194_b1fd671c2dae558fbfa3_34.gif",
    "image_44": "https://slack-files2.s3-us-west-2.amazonaws.com/avatars/2017-09-08/238498482194_b1fd671c2dae558fbfa3_44.gif",
    "image_68": "https://slack-files2.s3-us-west-2.amazonaws.com/avatars/2017-09-08/238498482194_b1fd671c2dae558fbfa3_68.gif",
    "image_88": "https://slack-files2.s3-us-west-2.amazonaws.com/avatars/2017-09-08/238498482194_b1fd671c2dae558fbfa3_88.gif",
    "image_original": "https://slack-files2.s3-us-west-2.amazonaws.com/avatars/2017-09-08/238498482194_b1fd671c2dae558fbfa3_original.gif"
  },
  "teamId": "T70J8333P"
}
[06/14/18, 09:32:39:834] info: Store: UPDATE_TEAM_LOCALE
{
  "locale": "en-US",
  "teamId": "T70J8333P"
}
[06/14/18, 09:32:39:834] info: Store: UPSERT_WEB_CONTENTS
{
  "id": 3,
  "state": "webapp-loaded",
  "teamId": "T70J8333P"
}
[06/14/18, 09:32:39:851] info: Store: UPDATE_TEAM_THEME
{
  "teamId": "T70J8333P",
  "theme": {
    "active_item": "#4C9689",
    "active_item_text": "#FFFFFF",
    "active_presence": "#38978D",
    "badge": "#EB4D5C",
    "column_bg": "#4D394B",
    "hover_item": "#3E313C",
    "menu_bg": "#3E313C",
    "text_color": "#FFFFFF"
  }
}
[06/14/18, 09:32:40:158] info: Store: STORE_ENTERPRISE_ID_PAIR
{
  "enterpriseId": "",
  "teamId": "T70J8333P"
}
[06/14/18, 09:32:40:161] info: Store: STORE_API_TOKEN
{
  "teamId": "T70J8333P",
  "token": "xoxs-⋯"
}
[06/14/18, 09:32:40:281] info: postLoadTaskSetup: Setup spellchecker
{
  "version": "V2"
}
[06/14/18, 09:32:40:293] info: loadAsmModule: loading hunspell-asm module
[06/14/18, 09:32:40:484] info: loadAsmModule: asm module loaded successfully
[06/14/18, 09:32:40:484] info: SpellChecker: Starting spellchecker with language detector
[06/14/18, 09:32:40:484] info: SpellChecker::enableSpellCheckerLanguageDetector: enable spellchecker language detector
[06/14/18, 09:32:40:484] info: SpellChecker::startWithDictionary: Starting language detector with preloaded dict from last used language en
[06/14/18, 09:32:40:504] info: download: downloading dictionary for 'en-us'
[06/14/18, 09:32:40:505] info: fetchResourceAsBuffer: downloading
{
  "filePath": "https://spellcheck.slack-edge.com/dictionaries/en-us/1/en-us.aff",
  "cachePolicy": "default"
}
[06/14/18, 09:32:40:510] info: fetchResourceAsBuffer: downloading
{
  "filePath": "https://spellcheck.slack-edge.com/dictionaries/en-us/1/en-us.dic",
  "cachePolicy": "default"
}
[06/14/18, 09:32:40:514] info: dictionaryDownloader: verifying hash
[06/14/18, 09:32:40:551] info: SpellChecker::downloadDictionary: Dictionary is ready for 
{
  "language": "en"
}
[06/14/18, 09:32:40:618] info: assignSpellchecker: spellCheckerTable added new checker for 'en'
[06/14/18, 09:32:40:619] info: SpellChecker::prepareDictionary: Dictionary buffer for 'en' is loaded into spellchecker
[06/14/18, 09:32:40:620] info: switchDictionary: switching dictionary to check spell from 'null' to 'en'
[06/14/18, 09:32:40:622] info: SpellChecker::switchDictionary: SpellChecker enabled for language
{
  "language": "en"
}
[06/14/18, 09:50:08:675] info: Store: SET_FULL_SCREEN
[06/14/18, 09:50:12:887] info: Store: SET_FULL_SCREEN
[06/14/18, 09:50:12:890] info: Store: SET_FULL_SCREEN
[06/14/18, 09:50:14:887] info: Store: SET_FULL_SCREEN
[06/14/18, 09:50:14:888] info: Store: SET_FULL_SCREEN
[06/14/18, 09:50:15:019] info: Store: SET_FULL_SCREEN
[06/14/18, 09:50:15:021] info: Store: SET_FULL_SCREEN
[06/14/18, 09:50:18:000] info: Store: SAVE_WINDOW_SETTINGS
{
  "isMaximized": false,
  "position": [
    15,
    15
  ],
  "size": [
    1255,
    679
  ]
}
[06/14/18, 09:50:29:572] info: Store: SAVE_WINDOW_SETTINGS
{
  "isMaximized": false,
  "position": [
    15,
    15
  ],
  "size": [
    1255,
    445
  ]
}
[06/14/18, 09:52:15:028] info: Store: SET_FULL_SCREEN
[06/14/18, 09:52:15:209] info: Store: SAVE_WINDOW_SETTINGS
{
  "isMaximized": false,
  "position": [
    15,
    15
  ],
  "size": [
    1255,
    679
  ]
}
[06/14/18, 09:52:15:604] info: Store: SET_FULL_SCREEN
[06/14/18, 09:52:15:605] info: Store: SET_FULL_SCREEN
[06/14/18, 09:52:15:958] info: Store: SET_FULL_SCREEN
[06/14/18, 09:52:17:017] info: Store: SET_FULL_SCREEN
[06/14/18, 09:52:17:019] info: Store: SET_FULL_SCREEN
[06/14/18, 09:52:39:154] info: Store: SET_FULL_SCREEN
[06/14/18, 09:52:39:186] info: Store: SET_FULL_SCREEN
[06/14/18, 09:52:39:453] info: Store: SET_FULL_SCREEN
[06/14/18, 09:52:39:495] info: Store: SET_FULL_SCREEN
[06/14/18, 09:55:42:894] info: Store: SAVE_WINDOW_SETTINGS
{
  "isMaximized": false,
  "position": [
    15,
    15
  ],
  "size": [
    1255,
    679
  ]
}
[06/14/18, 09:59:29:108] info: Store: SET_FULL_SCREEN
[06/14/18, 09:59:30:148] info: Store: SET_FULL_SCREEN
[06/14/18, 09:59:30:148] info: Store: SET_FULL_SCREEN
[06/14/18, 09:59:30:550] info: Store: SET_FULL_SCREEN
[06/14/18, 09:59:31:465] info: Store: SET_FULL_SCREEN
[06/14/18, 09:59:31:498] info: Store: SET_FULL_SCREEN
[06/14/18, 09:59:31:777] info: Store: SET_FULL_SCREEN
[06/14/18, 09:59:36:053] info: Store: SET_FULL_SCREEN
[06/14/18, 09:59:36:091] info: Store: SET_FULL_SCREEN
[06/14/18, 09:59:39:262] info: Store: SAVE_WINDOW_SETTINGS
{
  "isMaximized": false,
  "position": [
    15,
    15
  ],
  "size": [
    1255,
    445
  ]
}
[06/14/18, 09:59:47:819] info: Store: SET_FULL_SCREEN
[06/14/18, 09:59:47:820] info: Store: SET_FULL_SCREEN
[06/14/18, 09:59:47:820] info: Store: SET_FULL_SCREEN
[06/14/18, 09:59:47:821] info: Store: SET_FULL_SCREEN
[06/14/18, 09:59:47:821] info: Store: SET_FULL_SCREEN
[06/14/18, 09:59:47:822] info: Store: SET_FULL_SCREEN
[06/14/18, 09:59:47:822] info: Store: SET_FULL_SCREEN
[06/14/18, 09:59:47:822] info: Store: SET_FULL_SCREEN
[06/14/18, 09:59:47:822] info: Store: SET_FULL_SCREEN
[06/14/18, 09:59:47:823] info: Store: SET_FULL_SCREEN
[06/14/18, 09:59:47:824] info: Store: SET_FULL_SCREEN
[06/14/18, 09:59:47:825] info: Store: SET_FULL_SCREEN
[06/14/18, 09:59:47:826] info: Store: SET_FULL_SCREEN
[06/14/18, 09:59:48:659] info: Store: SAVE_WINDOW_SETTINGS
{
  "isMaximized": false,
  "position": [
    15,
    15
  ],
  "size": [
    1255,
    679
  ]
}
[06/14/18, 09:59:49:954] info: Store: SET_FULL_SCREEN
[06/14/18, 09:59:50:789] info: Skipping request to provide hint content for channel for spellchecker
{
  "version": "V2"
}
[06/14/18, 09:59:50:828] info: Store: SELECT_CHANNEL D70F6V6BA
[06/14/18, 09:59:51:063] info: Store: SET_FULL_SCREEN
[06/14/18, 10:02:23:034] info: Store: SET_FULL_SCREEN
[06/14/18, 10:02:23:034] info: Store: SET_FULL_SCREEN
[06/14/18, 10:02:23:034] info: Store: SET_FULL_SCREEN
[06/14/18, 10:02:23:035] info: Store: SET_FULL_SCREEN
[06/14/18, 10:02:23:036] info: Store: SET_FULL_SCREEN
[06/14/18, 10:02:23:037] info: Store: SET_FULL_SCREEN
[06/14/18, 10:02:23:037] info: Store: SET_FULL_SCREEN
[06/14/18, 10:02:23:037] info: Store: SET_FULL_SCREEN
[06/14/18, 10:02:23:037] info: Store: SET_FULL_SCREEN
[06/14/18, 10:02:23:038] info: Store: SET_FULL_SCREEN
[06/14/18, 10:02:23:038] info: Store: SET_FULL_SCREEN
[06/14/18, 10:02:23:038] info: Store: SET_FULL_SCREEN
[06/14/18, 10:02:23:038] info: Store: SET_FULL_SCREEN
[06/14/18, 10:02:23:896] info: Store: SAVE_WINDOW_SETTINGS
{
  "isMaximized": false,
  "position": [
    15,
    15
  ],
  "size": [
    1255,
    1378
  ]
}
[06/14/18, 10:24:07:027] info: Store: NEW_NOTIFICATION
{
  "avatarImage": "https://ca.slack-edge.com/T70J8333P-U704DTS8H-af0e94182864-512",
  "channel": "CAJFPPJFN",
  "content": "[REDACTED]",
  "id": "pRQ9szhGlo3lo0x",
  "launchUri": "slack://channel?id=CAJFPPJFN&message=1528986246.000940&team=T70J8333P",
  "msg": "1528986246.000940",
  "silent": true,
  "subtitle": "",
  "teamId": "T70J8333P",
  "title": "[REDACTED]"
}
[06/14/18, 10:25:19:187] info: Store: NEW_NOTIFICATION
{
  "avatarImage": "https://ca.slack-edge.com/T70J8333P-UALCP37LN-g2184b908b18-512",
  "channel": "CAJFPPJFN",
  "content": "[REDACTED]",
  "id": "EZ9KhliPM8kv1Wo",
  "launchUri": "slack://channel?id=CAJFPPJFN&message=1528986319.000080&team=T70J8333P",
  "msg": "1528986319.000080",
  "silent": true,
  "subtitle": "",
  "teamId": "T70J8333P",
  "title": "[REDACTED]"
}
[06/14/18, 10:26:17:020] info: Store: SET_FULL_SCREEN
[06/14/18, 10:26:22:686] info: Skipping request to provide hint content for channel for spellchecker
{
  "version": "V2"
}
[06/14/18, 10:26:22:757] info: Store: SELECT_CHANNEL CAJFPPJFN
[06/14/18, 10:26:27:996] info: Store: SET_FULL_SCREEN
[06/14/18, 10:28:28:545] info: Store: NEW_NOTIFICATION
{
  "avatarImage": "https://ca.slack-edge.com/T70J8333P-UAJUXS849-9dd4781ca676-512",
  "channel": "CAJFPPJFN",
  "content": "[REDACTED]",
  "id": "qVYAFLsELxo6L5B",
  "launchUri": "slack://channel?id=CAJFPPJFN&message=1528986508.000301&team=T70J8333P",
  "msg": "1528986508.000301",
  "silent": true,
  "subtitle": "",
  "teamId": "T70J8333P",
  "title": "[REDACTED]"
}
[06/14/18, 10:28:46:600] info: Store: NEW_NOTIFICATION
{
  "avatarImage": "https://ca.slack-edge.com/T70J8333P-U704DTS8H-af0e94182864-512",
  "channel": "CAJFPPJFN",
  "content": "[REDACTED]",
  "id": "qVYAF7tELxo6nOW",
  "launchUri": "slack://channel?id=CAJFPPJFN&message=1528986526.000413&team=T70J8333P",
  "msg": "1528986526.000413",
  "silent": true,
  "subtitle": "",
  "teamId": "T70J8333P",
  "title": "[REDACTED]"
}
[06/14/18, 11:07:58:968] info: Store: SAVE_WINDOW_SETTINGS
{
  "isMaximized": false,
  "position": [
    15,
    15
  ],
  "size": [
    1255,
    1378
  ]
}
[06/14/18, 11:08:10:458] info: Store: SAVE_WINDOW_SETTINGS
{
  "isMaximized": false,
  "position": [
    15,
    15
  ],
  "size": [
    1255,
    1410
  ]
}
[06/14/18, 11:10:06:875] info: Store: SAVE_WINDOW_SETTINGS
{
  "isMaximized": false,
  "position": [
    15,
    15
  ],
  "size": [
    1255,
    1378
  ]
}
[06/14/18, 11:12:08:080] info: Store: SAVE_WINDOW_SETTINGS
{
  "isMaximized": false,
  "position": [
    15,
    15
  ],
  "size": [
    1255,
    1410
  ]
}
[06/14/18, 11:28:37:164] info: Store: SAVE_WINDOW_SETTINGS
{
  "isMaximized": false,
  "position": [
    15,
    15
  ],
  "size": [
    1255,
    1378
  ]
}
[06/14/18, 11:28:44:250] info: Store: SET_FULL_SCREEN
[06/14/18, 11:28:44:314] info: Store: SET_FULL_SCREEN
[06/14/18, 11:29:34:715] info: Store: SET_FULL_SCREEN
[06/14/18, 11:29:36:673] info: Store: SET_FULL_SCREEN
[06/14/18, 11:29:36:673] info: Store: SET_FULL_SCREEN
[06/14/18, 11:53:42:808] info: Store: SAVE_WINDOW_SETTINGS
{
  "isMaximized": false,
  "position": [
    15,
    15
  ],
  "size": [
    1255,
    1410
  ]
}
[06/14/18, 12:16:50:459] info: Store: SET_FULL_SCREEN
[06/14/18, 12:16:51:288] info: Store: SAVE_WINDOW_SETTINGS
{
  "isMaximized": false,
  "position": [
    15,
    15
  ],
  "size": [
    1255,
    1378
  ]
}
[06/14/18, 12:16:51:366] info: Store: SET_FULL_SCREEN
[06/14/18, 12:16:51:368] info: Store: SET_FULL_SCREEN
[06/14/18, 12:16:51:878] info: Store: SET_FULL_SCREEN
[06/14/18, 12:16:51:879] info: Store: SET_FULL_SCREEN
[06/14/18, 12:17:50:430] error: Jun-14 12:17:50.429 SOCKET-MANAGER (T70J8333P) Closing socket because #4108: unexpected socket closure
[06/14/18, 12:42:52:568] info: Store: SET_SUSPEND_STATUS
[06/14/18, 12:42:52:570] error: Jun-14 12:42:52.570 SOCKET-MANAGER (T70J8333P) Closing socket because #4102: client is going to sleep
[06/14/18, 12:57:50:092] info: Store: SET_NETWORK_STATUS offline
[06/14/18, 12:57:50:092] info: Store: SET_SUSPEND_STATUS true
[06/14/18, 12:57:50:158] error: Jun-14 12:57:50.158 SOCKET-MANAGER (T70J8333P) Closing socket because #4108: unexpected socket closure
[06/14/18, 12:58:02:170] info: Store: SAVE_WINDOW_SETTINGS
{
  "isMaximized": false,
  "position": [
    15,
    15
  ],
  "size": [
    1255,
    1410
  ]
}
