[06/14/18, 20:59:49:799] info: ╔══════════════════════════════════════════════════════════════════════════════╗
[06/14/18, 20:59:49:800] info: ║      Slack 3.2.1, linux 4.16.13-2-ARCH on x64 at 06/14/18, 20:59:49:797      ║
[06/14/18, 20:59:49:800] info: ╚══════════════════════════════════════════════════════════════════════════════╝
[06/14/18, 20:59:49:922] info: Initializing local storage instance at path: /home/meach/.config/Slack/local-settings.json
[06/14/18, 20:59:50:029] info: NetworkStatus: Waiting for network online…
[06/14/18, 20:59:50:213] info: Store: BACKGROUND_CLIENTS_INITIALIZED
[06/14/18, 20:59:50:232] info: Don't start background client because T70J8333P is selected team
[06/14/18, 20:59:50:239] info: Store: BACKGROUND_CLIENTS_INITIALIZED true
[06/14/18, 20:59:50:296] info: NetworkStatus: Response from api.test
{
  "status": "online"
}
[06/14/18, 20:59:50:697] info: Store: SET_NETWORK_STATUS online
[06/14/18, 20:59:52:863] info: Store: UPSERT_WEB_CONTENTS
{
  "id": 3,
  "state": "loaded",
  "teamId": "T70J8333P"
}
[06/14/18, 20:59:52:867] info: Store: MAIN_WINDOW_SHOWN
[06/14/18, 20:59:52:876] info: Store: SET_FULL_SCREEN
[06/14/18, 20:59:52:877] info: Store: SET_FULL_SCREEN
[06/14/18, 20:59:52:878] info: Store: SET_FULL_SCREEN
[06/14/18, 20:59:53:039] info: Store: UPDATE_SESSION_STATUS
{
  "hasValidSession": true,
  "teamId": "T70J8333P"
}
[06/14/18, 20:59:53:575] info: Store: SET_FULL_SCREEN
[06/14/18, 20:59:53:575] info: Store: SET_FULL_SCREEN
[06/14/18, 20:59:53:578] info: Store: SELECT_CHANNEL D70F6V6BA
[06/14/18, 20:59:53:582] info: Store: UPDATE_TEAM_LOCALE
{
  "locale": "en-US"
}
[06/14/18, 20:59:53:584] info: Store: UPDATE_SETTINGS
{
  "locale": "en-US"
}
[06/14/18, 20:59:53:874] info: Store: SAVE_WINDOW_SETTINGS
{
  "isMaximized": false,
  "position": [
    15,
    15
  ],
  "size": [
    2530,
    1378
  ]
}
[06/14/18, 20:59:54:328] info: Store: UPDATE_TEAM_ICONS
{
  "icons": {
    "image_102": "https://slack-files2.s3-us-west-2.amazonaws.com/avatars/2017-09-08/238498482194_b1fd671c2dae558fbfa3_102.gif",
    "image_132": "https://slack-files2.s3-us-west-2.amazonaws.com/avatars/2017-09-08/238498482194_b1fd671c2dae558fbfa3_132.gif",
    "image_230": "https://slack-files2.s3-us-west-2.amazonaws.com/avatars/2017-09-08/238498482194_b1fd671c2dae558fbfa3_230.gif",
    "image_34": "https://slack-files2.s3-us-west-2.amazonaws.com/avatars/2017-09-08/238498482194_b1fd671c2dae558fbfa3_34.gif",
    "image_44": "https://slack-files2.s3-us-west-2.amazonaws.com/avatars/2017-09-08/238498482194_b1fd671c2dae558fbfa3_44.gif",
    "image_68": "https://slack-files2.s3-us-west-2.amazonaws.com/avatars/2017-09-08/238498482194_b1fd671c2dae558fbfa3_68.gif",
    "image_88": "https://slack-files2.s3-us-west-2.amazonaws.com/avatars/2017-09-08/238498482194_b1fd671c2dae558fbfa3_88.gif",
    "image_original": "https://slack-files2.s3-us-west-2.amazonaws.com/avatars/2017-09-08/238498482194_b1fd671c2dae558fbfa3_original.gif"
  },
  "teamId": "T70J8333P"
}
[06/14/18, 20:59:54:405] info: Store: UPDATE_TEAM_LOCALE
{
  "locale": "en-US",
  "teamId": "T70J8333P"
}
[06/14/18, 20:59:54:411] info: Store: UPSERT_WEB_CONTENTS
{
  "id": 3,
  "state": "webapp-loaded",
  "teamId": "T70J8333P"
}
[06/14/18, 20:59:54:488] info: Store: UPDATE_TEAM_THEME
{
  "teamId": "T70J8333P",
  "theme": {
    "active_item": "#4C9689",
    "active_item_text": "#FFFFFF",
    "active_presence": "#38978D",
    "badge": "#EB4D5C",
    "column_bg": "#4D394B",
    "hover_item": "#3E313C",
    "menu_bg": "#3E313C",
    "text_color": "#FFFFFF"
  }
}
[06/14/18, 20:59:54:506] info: Store: STORE_ENTERPRISE_ID_PAIR
{
  "enterpriseId": "",
  "teamId": "T70J8333P"
}
[06/14/18, 20:59:54:507] info: Store: STORE_API_TOKEN
{
  "teamId": "T70J8333P",
  "token": "xoxs-⋯"
}
[06/14/18, 21:00:12:641] info: Store: FOREGROUND_APP
[06/14/18, 21:00:13:059] info: Store: SAVE_WINDOW_SETTINGS
{
  "isMaximized": false,
  "position": [
    15,
    15
  ],
  "size": [
    2530,
    1378
  ]
}
[06/14/18, 21:00:54:780] info: Store: FOREGROUND_APP
[06/14/18, 21:00:55:143] info: Store: SAVE_WINDOW_SETTINGS
{
  "isMaximized": false,
  "position": [
    15,
    15
  ],
  "size": [
    2530,
    1410
  ]
}
[06/14/18, 21:01:16:930] info: Store: FOREGROUND_APP
