[06/14/18, 13:38:12:902] info: ╔══════════════════════════════════════════════════════════════════════════════╗
[06/14/18, 13:38:12:903] info: ║      Slack 3.2.1, linux 4.16.13-2-ARCH on x64 at 06/14/18, 13:38:12:898      ║
[06/14/18, 13:38:12:903] info: ╚══════════════════════════════════════════════════════════════════════════════╝
[06/14/18, 13:38:12:977] info: Initializing local storage instance at path: /home/meach/.config/Slack/local-settings.json
[06/14/18, 13:38:13:115] info: Main window preload script finished
{
  "readyTime": 430.61508
}
[06/14/18, 13:38:13:122] info: Store: UPSERT_WEB_CONTENTS
{
  "id": 3,
  "state": "loaded",
  "teamId": "T70J8333P"
}
[06/14/18, 13:38:13:125] info: Store: UPSERT_WEB_CONTENTS
{
  "id": 3,
  "state": "empty-page",
  "teamId": "T70J8333P"
}
[06/14/18, 13:38:13:127] info: Store: UPSERT_WEB_CONTENTS
{
  "id": 3,
  "state": "page-will-navigate",
  "teamId": "T70J8333P"
}
