[06/13/18, 19:18:43:980] info: ╔══════════════════════════════════════════════════════════════════════════════╗
[06/13/18, 19:18:43:981] info: ║      Slack 3.2.1, linux 4.16.13-2-ARCH on x64 at 06/13/18, 19:18:43:978      ║
[06/13/18, 19:18:43:981] info: ╚══════════════════════════════════════════════════════════════════════════════╝
[06/13/18, 19:18:44:119] info: Initializing local storage instance at path: /home/meach/.config/Slack/local-settings.json
[06/13/18, 19:18:44:247] info: NetworkStatus: Waiting for network online…
[06/13/18, 19:18:44:437] info: Don't start background client because T70J8333P is selected team
[06/13/18, 19:18:44:481] info: Store: BACKGROUND_CLIENTS_INITIALIZED
[06/13/18, 19:18:44:491] info: Store: BACKGROUND_CLIENTS_INITIALIZED true
[06/13/18, 19:18:44:610] info: NetworkStatus: Response from api.test
{
  "status": "online"
}
[06/13/18, 19:18:45:012] info: Store: SET_NETWORK_STATUS online
[06/13/18, 19:18:48:572] info: Store: UPSERT_WEB_CONTENTS
{
  "id": 3,
  "state": "loaded",
  "teamId": "T70J8333P"
}
[06/13/18, 19:18:48:583] info: Store: MAIN_WINDOW_SHOWN
[06/13/18, 19:18:48:599] info: Store: SET_FULL_SCREEN
[06/13/18, 19:18:48:601] info: Store: SET_FULL_SCREEN
[06/13/18, 19:18:48:603] info: Store: SET_FULL_SCREEN
[06/13/18, 19:18:48:754] info: Store: UPDATE_SESSION_STATUS
{
  "hasValidSession": true,
  "teamId": "T70J8333P"
}
[06/13/18, 19:18:49:364] info: Store: SELECT_CHANNEL DALCP3P2S
[06/13/18, 19:18:49:371] info: Store: UPDATE_TEAM_LOCALE
{
  "locale": "en-US"
}
[06/13/18, 19:18:49:376] info: Store: UPDATE_SETTINGS
{
  "locale": "en-US"
}
[06/13/18, 19:18:49:597] info: Store: SAVE_WINDOW_SETTINGS
{
  "isMaximized": false,
  "position": [
    1290,
    15
  ],
  "size": [
    1255,
    1384
  ]
}
[06/13/18, 19:18:50:199] info: Store: UPDATE_TEAM_ICONS
{
  "icons": {
    "image_102": "https://slack-files2.s3-us-west-2.amazonaws.com/avatars/2017-09-08/238498482194_b1fd671c2dae558fbfa3_102.gif",
    "image_132": "https://slack-files2.s3-us-west-2.amazonaws.com/avatars/2017-09-08/238498482194_b1fd671c2dae558fbfa3_132.gif",
    "image_230": "https://slack-files2.s3-us-west-2.amazonaws.com/avatars/2017-09-08/238498482194_b1fd671c2dae558fbfa3_230.gif",
    "image_34": "https://slack-files2.s3-us-west-2.amazonaws.com/avatars/2017-09-08/238498482194_b1fd671c2dae558fbfa3_34.gif",
    "image_44": "https://slack-files2.s3-us-west-2.amazonaws.com/avatars/2017-09-08/238498482194_b1fd671c2dae558fbfa3_44.gif",
    "image_68": "https://slack-files2.s3-us-west-2.amazonaws.com/avatars/2017-09-08/238498482194_b1fd671c2dae558fbfa3_68.gif",
    "image_88": "https://slack-files2.s3-us-west-2.amazonaws.com/avatars/2017-09-08/238498482194_b1fd671c2dae558fbfa3_88.gif",
    "image_original": "https://slack-files2.s3-us-west-2.amazonaws.com/avatars/2017-09-08/238498482194_b1fd671c2dae558fbfa3_original.gif"
  },
  "teamId": "T70J8333P"
}
[06/13/18, 19:18:50:353] info: Store: UPDATE_TEAM_LOCALE
{
  "locale": "en-US",
  "teamId": "T70J8333P"
}
[06/13/18, 19:18:50:361] info: Store: UPSERT_WEB_CONTENTS
{
  "id": 3,
  "state": "webapp-loaded",
  "teamId": "T70J8333P"
}
[06/13/18, 19:18:50:577] info: Store: UPDATE_TEAM_THEME
{
  "teamId": "T70J8333P",
  "theme": {
    "active_item": "#4C9689",
    "active_item_text": "#FFFFFF",
    "active_presence": "#38978D",
    "badge": "#EB4D5C",
    "column_bg": "#4D394B",
    "hover_item": "#3E313C",
    "menu_bg": "#3E313C",
    "text_color": "#FFFFFF"
  }
}
[06/13/18, 19:18:50:583] info: Store: STORE_ENTERPRISE_ID_PAIR
{
  "enterpriseId": "",
  "teamId": "T70J8333P"
}
[06/13/18, 19:18:50:584] info: Store: STORE_API_TOKEN
{
  "teamId": "T70J8333P",
  "token": "xoxs-⋯"
}
[06/13/18, 19:18:55:437] info: Store: SET_FULL_SCREEN
[06/13/18, 19:18:55:440] info: Store: SET_FULL_SCREEN
[06/13/18, 19:22:46:460] info: Store: SET_FULL_SCREEN
[06/13/18, 19:22:49:801] info: Store: SET_FULL_SCREEN
[06/13/18, 19:24:35:317] info: Store: SAVE_WINDOW_SETTINGS
{
  "isMaximized": false,
  "position": [
    1717,
    15
  ],
  "size": [
    828,
    1384
  ]
}
[06/13/18, 19:24:39:669] info: Store: SET_FULL_SCREEN
[06/13/18, 19:24:40:141] info: Store: SET_FULL_SCREEN
[06/13/18, 19:25:43:407] info: Store: SET_FULL_SCREEN
[06/13/18, 19:25:43:407] info: Store: SET_FULL_SCREEN
[06/13/18, 19:25:43:408] info: Store: SET_FULL_SCREEN
[06/13/18, 19:25:43:409] info: Store: SET_FULL_SCREEN
[06/13/18, 19:25:43:409] info: Store: SET_FULL_SCREEN
[06/13/18, 19:25:43:410] info: Store: SET_FULL_SCREEN
[06/13/18, 19:25:43:412] info: Store: SET_FULL_SCREEN
[06/13/18, 19:25:43:415] info: Store: SET_FULL_SCREEN
[06/13/18, 19:25:43:417] info: Store: SET_FULL_SCREEN
[06/13/18, 19:25:43:418] info: Store: SET_FULL_SCREEN
[06/13/18, 19:25:43:418] info: Store: SET_FULL_SCREEN
[06/13/18, 19:25:43:420] info: Store: SET_FULL_SCREEN
[06/13/18, 19:25:43:420] info: Store: SET_FULL_SCREEN
[06/13/18, 19:25:43:885] info: Store: SET_FULL_SCREEN
[06/13/18, 19:25:43:888] info: Store: SET_FULL_SCREEN
[06/13/18, 19:25:44:385] info: Store: SAVE_WINDOW_SETTINGS
{
  "isMaximized": false,
  "position": [
    15,
    30
  ],
  "size": [
    2530,
    1369
  ]
}
[06/13/18, 19:25:47:182] info: Store: SET_FULL_SCREEN
[06/13/18, 19:25:47:183] info: Store: SET_FULL_SCREEN
[06/13/18, 19:25:52:818] info: Store: SET_FULL_SCREEN
[06/13/18, 19:25:52:819] info: Store: SET_FULL_SCREEN
[06/13/18, 19:25:52:821] info: Store: SET_FULL_SCREEN
[06/13/18, 19:25:53:357] info: Store: SET_FULL_SCREEN
[06/13/18, 19:25:53:683] info: Store: SET_FULL_SCREEN
[06/13/18, 19:25:53:693] info: Store: SET_FULL_SCREEN
[06/13/18, 19:25:53:698] info: Store: SET_FULL_SCREEN
[06/13/18, 19:25:54:351] info: Store: SAVE_WINDOW_SETTINGS
{
  "isMaximized": false,
  "position": [
    15,
    30
  ],
  "size": [
    2530,
    1369
  ]
}
[06/13/18, 19:25:55:633] info: Store: SET_FULL_SCREEN
[06/13/18, 19:25:55:984] info: Store: SET_FULL_SCREEN
[06/13/18, 19:25:55:988] info: Store: SET_FULL_SCREEN
[06/13/18, 19:25:55:991] info: Store: SET_FULL_SCREEN
[06/13/18, 19:25:56:629] info: Store: SAVE_WINDOW_SETTINGS
{
  "isMaximized": false,
  "position": [
    15,
    30
  ],
  "size": [
    2530,
    1369
  ]
}
[06/13/18, 19:56:26:088] info: Store: SET_SUSPEND_STATUS
[06/13/18, 20:36:28:045] info: Store: SET_NETWORK_STATUS offline
[06/13/18, 20:36:28:051] info: Store: SET_SUSPEND_STATUS true
[06/13/18, 20:36:34:082] info: NetworkStatus: Waiting for network online…
[06/13/18, 20:36:35:158] info: NetworkStatus: Response from api.test
{
  "status": "online"
}
[06/13/18, 20:36:36:008] info: Store: SET_NETWORK_STATUS online
[06/13/18, 20:36:36:010] warn: Base Component: Attempting to update LoadingScreen when unmounted.
[06/13/18, 20:36:36:391] info: Store: UPDATE_TEAM_ICONS
{
  "icons": {
    "image_102": "https://slack-files2.s3-us-west-2.amazonaws.com/avatars/2017-09-08/238498482194_b1fd671c2dae558fbfa3_102.gif",
    "image_132": "https://slack-files2.s3-us-west-2.amazonaws.com/avatars/2017-09-08/238498482194_b1fd671c2dae558fbfa3_132.gif",
    "image_230": "https://slack-files2.s3-us-west-2.amazonaws.com/avatars/2017-09-08/238498482194_b1fd671c2dae558fbfa3_230.gif",
    "image_34": "https://slack-files2.s3-us-west-2.amazonaws.com/avatars/2017-09-08/238498482194_b1fd671c2dae558fbfa3_34.gif",
    "image_44": "https://slack-files2.s3-us-west-2.amazonaws.com/avatars/2017-09-08/238498482194_b1fd671c2dae558fbfa3_44.gif",
    "image_68": "https://slack-files2.s3-us-west-2.amazonaws.com/avatars/2017-09-08/238498482194_b1fd671c2dae558fbfa3_68.gif",
    "image_88": "https://slack-files2.s3-us-west-2.amazonaws.com/avatars/2017-09-08/238498482194_b1fd671c2dae558fbfa3_88.gif",
    "image_original": "https://slack-files2.s3-us-west-2.amazonaws.com/avatars/2017-09-08/238498482194_b1fd671c2dae558fbfa3_original.gif"
  },
  "teamId": "T70J8333P"
}
[06/13/18, 20:36:36:481] info: Store: UPDATE_TEAM_LOCALE
{
  "locale": "en-US",
  "teamId": "T70J8333P"
}
[06/13/18, 20:51:47:249] info: Store: SAVE_WINDOW_SETTINGS
{
  "isMaximized": false,
  "position": [
    15,
    30
  ],
  "size": [
    2530,
    1395
  ]
}
[06/13/18, 20:55:15:414] info: Store: SAVE_WINDOW_SETTINGS
{
  "isMaximized": false,
  "position": [
    15,
    30
  ],
  "size": [
    2530,
    1219
  ]
}
[06/13/18, 20:56:01:351] info: Store: SET_FULL_SCREEN
[06/13/18, 20:56:01:353] info: Store: SET_FULL_SCREEN
[06/13/18, 20:56:01:354] info: Store: SET_FULL_SCREEN
[06/13/18, 20:56:02:342] info: Store: SAVE_WINDOW_SETTINGS
{
  "isMaximized": false,
  "position": [
    15,
    30
  ],
  "size": [
    2530,
    1219
  ]
}
[06/13/18, 20:58:00:328] info: Store: SAVE_WINDOW_SETTINGS
{
  "isMaximized": false,
  "position": [
    15,
    30
  ],
  "size": [
    2530,
    1395
  ]
}
[06/13/18, 20:58:59:158] info: Store: SET_FULL_SCREEN
[06/13/18, 20:59:00:146] info: Store: SAVE_WINDOW_SETTINGS
{
  "isMaximized": false,
  "position": [
    15,
    30
  ],
  "size": [
    2530,
    1219
  ]
}
[06/13/18, 20:59:01:981] info: Store: SET_FULL_SCREEN
[06/13/18, 20:59:01:983] info: Store: SET_FULL_SCREEN
[06/13/18, 20:59:01:985] info: Store: SET_FULL_SCREEN
