[06/15/18, 16:56:14:837] info: ╔══════════════════════════════════════════════════════════════════════════════╗
[06/15/18, 16:56:14:839] info: ║      Slack 3.2.1, linux 4.16.13-2-ARCH on x64 at 06/15/18, 16:56:14:833      ║
[06/15/18, 16:56:14:839] info: ╚══════════════════════════════════════════════════════════════════════════════╝
[06/15/18, 16:56:14:979] info: Initializing local storage instance at path: /home/meach/.config/Slack/local-settings.json
[06/15/18, 16:56:15:384] error: Desktop module calls failed to load
{
  "error": {
    "message": "libCallsCore.so: cannot open shared object file: No such file or directory",
    "stack": "Error: libCallsCore.so: cannot open shared object file: No such file or directory\n    at process.module.(anonymous function) [as dlopen] (ELECTRON_ASAR.js:172:20)\n    at Object.Module._extensions..node (module.js:671:18)\n    at Object.module.(anonymous function) [as .node] (ELECTRON_ASAR.js:186:18)\n    at Module.load (module.js:561:32)\n    at tryModuleLoad (module.js:504:12)\n    at Function.Module._load (module.js:496:3)\n    at Module.require (module.js:586:17)\n    at require (internal/module.js:11:18)\n    at bindings (/usr/lib/slack/resources/app.asar/node_modules/@slack/slack-calls-prebuilt/modules/@slack/slack-calls/node_modules/bindings/bindings.js:81:44)\n    at Object.<anonymous> (/usr/lib/slack/resources/app.asar/node_modules/@slack/slack-calls-prebuilt/modules/@slack/slack-calls/index.js:1:192)"
  }
}
[06/15/18, 16:56:15:384] error: Desktop module calls failed to load
[06/15/18, 16:56:15:417] info: cld3::loadModule: loading cld3 module
[06/15/18, 16:56:15:439] info: cld3Loader::loadModule: running environment is NODE
[06/15/18, 16:56:15:439] info: cld3Loader::loadModule: constructed module object for runtime
[06/15/18, 16:56:16:395] info: cld3Loader::initializeRuntime: successfully initialized module
[06/15/18, 16:56:16:396] info: cld3Loader::loadModule: initialized wasm binary Runtime
[06/15/18, 16:56:16:407] info: SpellChecker:: updateSpellcheckerLanguage: Skip to set new language null, v2 spellchecker is not available
[06/15/18, 16:56:16:423] info: Main window preload script finished
{
  "readyTime": 1199.622353
}
[06/15/18, 16:56:16:553] info: Store: SET_NETWORK_STATUS online
[06/15/18, 16:56:19:415] info: Store: UPSERT_WEB_CONTENTS
{
  "id": 3,
  "state": "loaded",
  "teamId": "T70J8333P"
}
[06/15/18, 16:56:19:422] info: Store: MAIN_WINDOW_SHOWN
[06/15/18, 16:56:19:996] info: Skipping request to provide hint content for channel for spellchecker
{
  "version": "V2"
}
[06/15/18, 16:56:20:588] info: Store: UPDATE_SESSION_STATUS
{
  "hasValidSession": true,
  "teamId": "T70J8333P"
}
[06/15/18, 16:56:20:847] info: postLoadTaskSetup: Desktop client fully loaded
{
  "loadedTime": 8893.774031
}
[06/15/18, 16:56:20:945] info: Store: SELECT_CHANNEL CAJFPPJFN
[06/15/18, 16:56:20:947] info: Store: UPDATE_TEAM_LOCALE
{
  "locale": "en-US",
  "teamId": "T70J8333P"
}
[06/15/18, 16:56:20:948] info: Store: UPDATE_SETTINGS
{
  "locale": "en-US"
}
[06/15/18, 16:56:20:949] info: Store: UPDATE_TEAM_THEME
{
  "teamId": "T70J8333P",
  "theme": {
    "active_item": "#4C9689",
    "active_item_text": "#FFFFFF",
    "active_presence": "#38978D",
    "badge": "#EB4D5C",
    "column_bg": "#4D394B",
    "hover_item": "#3E313C",
    "menu_bg": "#3E313C",
    "text_color": "#FFFFFF"
  }
}
[06/15/18, 16:56:20:962] info: Store: SAVE_WINDOW_SETTINGS
{
  "isMaximized": false,
  "position": [
    1292,
    24
  ],
  "size": [
    1244,
    1360
  ]
}
[06/15/18, 16:56:20:999] info: Store: UPDATE_TEAM_ICONS
{
  "icons": {
    "image_102": "https://slack-files2.s3-us-west-2.amazonaws.com/avatars/2017-09-08/238498482194_b1fd671c2dae558fbfa3_102.gif",
    "image_132": "https://slack-files2.s3-us-west-2.amazonaws.com/avatars/2017-09-08/238498482194_b1fd671c2dae558fbfa3_132.gif",
    "image_230": "https://slack-files2.s3-us-west-2.amazonaws.com/avatars/2017-09-08/238498482194_b1fd671c2dae558fbfa3_230.gif",
    "image_34": "https://slack-files2.s3-us-west-2.amazonaws.com/avatars/2017-09-08/238498482194_b1fd671c2dae558fbfa3_34.gif",
    "image_44": "https://slack-files2.s3-us-west-2.amazonaws.com/avatars/2017-09-08/238498482194_b1fd671c2dae558fbfa3_44.gif",
    "image_68": "https://slack-files2.s3-us-west-2.amazonaws.com/avatars/2017-09-08/238498482194_b1fd671c2dae558fbfa3_68.gif",
    "image_88": "https://slack-files2.s3-us-west-2.amazonaws.com/avatars/2017-09-08/238498482194_b1fd671c2dae558fbfa3_88.gif",
    "image_original": "https://slack-files2.s3-us-west-2.amazonaws.com/avatars/2017-09-08/238498482194_b1fd671c2dae558fbfa3_original.gif"
  },
  "teamId": "T70J8333P"
}
[06/15/18, 16:56:21:001] info: Store: UPDATE_TEAM_LOCALE
{
  "locale": "en-US",
  "teamId": "T70J8333P"
}
[06/15/18, 16:56:21:002] info: Store: UPSERT_WEB_CONTENTS
{
  "id": 3,
  "state": "webapp-loaded",
  "teamId": "T70J8333P"
}
[06/15/18, 16:56:21:230] info: Store: STORE_ENTERPRISE_ID_PAIR
{
  "enterpriseId": "",
  "teamId": "T70J8333P"
}
[06/15/18, 16:56:21:231] info: Store: STORE_API_TOKEN
{
  "teamId": "T70J8333P",
  "token": "xoxs-⋯"
}
[06/15/18, 16:56:21:869] info: postLoadTaskSetup: Setup spellchecker
{
  "version": "V2"
}
[06/15/18, 16:56:21:881] info: loadAsmModule: loading hunspell-asm module
[06/15/18, 16:56:22:055] info: loadAsmModule: asm module loaded successfully
[06/15/18, 16:56:22:055] info: SpellChecker: Starting spellchecker with language detector
[06/15/18, 16:56:22:055] info: SpellChecker::enableSpellCheckerLanguageDetector: enable spellchecker language detector
[06/15/18, 16:56:22:055] info: SpellChecker::startWithDictionary: Starting language detector with preloaded dict from last used language en
[06/15/18, 16:56:22:077] info: download: downloading dictionary for 'en-us'
[06/15/18, 16:56:22:077] info: fetchResourceAsBuffer: downloading
{
  "filePath": "https://spellcheck.slack-edge.com/dictionaries/en-us/1/en-us.aff",
  "cachePolicy": "default"
}
[06/15/18, 16:56:22:080] info: fetchResourceAsBuffer: downloading
{
  "filePath": "https://spellcheck.slack-edge.com/dictionaries/en-us/1/en-us.dic",
  "cachePolicy": "default"
}
[06/15/18, 16:56:22:085] info: dictionaryDownloader: verifying hash
[06/15/18, 16:56:22:155] info: SpellChecker::downloadDictionary: Dictionary is ready for 
{
  "language": "en"
}
[06/15/18, 16:56:22:202] info: assignSpellchecker: spellCheckerTable added new checker for 'en'
[06/15/18, 16:56:22:226] info: SpellChecker::prepareDictionary: Dictionary buffer for 'en' is loaded into spellchecker
[06/15/18, 16:56:22:227] info: switchDictionary: switching dictionary to check spell from 'null' to 'en'
[06/15/18, 16:56:22:230] info: SpellChecker::switchDictionary: SpellChecker enabled for language
{
  "language": "en"
}
[06/15/18, 17:43:52:492] info: Store: SET_SUSPEND_STATUS
[06/15/18, 17:43:52:507] error: Jun-15 17:43:52.506 SOCKET-MANAGER (T70J8333P) Closing socket because #4102: client is going to sleep
[06/15/18, 17:50:43:585] info: Store: SET_NETWORK_STATUS offline
[06/15/18, 17:52:26:972] info: Store: SAVE_WINDOW_SETTINGS
{
  "isMaximized": false,
  "position": [
    1292,
    24
  ],
  "size": [
    1244,
    1392
  ]
}
