[06/14/18, 13:38:13:606] info: ╔══════════════════════════════════════════════════════════════════════════════╗
[06/14/18, 13:38:13:607] info: ║      Slack 3.2.1, linux 4.16.13-2-ARCH on x64 at 06/14/18, 13:38:13:600      ║
[06/14/18, 13:38:13:607] info: ╚══════════════════════════════════════════════════════════════════════════════╝
[06/14/18, 13:38:13:726] info: Initializing local storage instance at path: /home/meach/.config/Slack/local-settings.json
[06/14/18, 13:38:13:872] info: Main window preload script finished
{
  "readyTime": 600.041164
}
[06/14/18, 13:38:13:877] info: Store: BACKGROUND_CLIENTS_INITIALIZED
[06/14/18, 13:38:13:878] info: Store: BACKGROUND_CLIENTS_INITIALIZED true
[06/14/18, 13:38:13:878] info: Store: UPDATE_SESSION_STATUS
{
  "hasValidSession": null,
  "teamId": "T70J8333P"
}
[06/14/18, 13:38:13:879] info: Store: SET_NETWORK_STATUS offline
[06/14/18, 13:38:13:879] info: Store: UPSERT_WEB_CONTENTS
{
  "id": 3,
  "state": "loaded",
  "teamId": "T70J8333P"
}
[06/14/18, 13:38:13:881] info: Store: UPSERT_WEB_CONTENTS
{
  "id": 3,
  "state": "empty-page",
  "teamId": "T70J8333P"
}
[06/14/18, 13:38:13:985] info: Store: UPDATE_SESSION_STATUS
{
  "hasValidSession": null,
  "teamId": "T70J8333P"
}
