[06/12/18, 21:00:09:794] info: ╔══════════════════════════════════════════════════════════════════════════════╗
[06/12/18, 21:00:09:795] info: ║      Slack 3.2.1, linux 4.16.13-2-ARCH on x64 at 06/12/18, 21:00:09:791      ║
[06/12/18, 21:00:09:795] info: ╚══════════════════════════════════════════════════════════════════════════════╝
[06/12/18, 21:00:09:938] info: Initializing local storage instance at path: /home/meach/.config/Slack/local-settings.json
[06/12/18, 21:00:10:440] error: Desktop module calls failed to load
{
  "error": {
    "message": "libCallsCore.so: cannot open shared object file: No such file or directory",
    "stack": "Error: libCallsCore.so: cannot open shared object file: No such file or directory\n    at process.module.(anonymous function) [as dlopen] (ELECTRON_ASAR.js:172:20)\n    at Object.Module._extensions..node (module.js:671:18)\n    at Object.module.(anonymous function) [as .node] (ELECTRON_ASAR.js:186:18)\n    at Module.load (module.js:561:32)\n    at tryModuleLoad (module.js:504:12)\n    at Function.Module._load (module.js:496:3)\n    at Module.require (module.js:586:17)\n    at require (internal/module.js:11:18)\n    at bindings (/usr/lib/slack/resources/app.asar/node_modules/@slack/slack-calls-prebuilt/modules/@slack/slack-calls/node_modules/bindings/bindings.js:81:44)\n    at Object.<anonymous> (/usr/lib/slack/resources/app.asar/node_modules/@slack/slack-calls-prebuilt/modules/@slack/slack-calls/index.js:1:192)"
  }
}
[06/12/18, 21:00:10:440] error: Desktop module calls failed to load
[06/12/18, 21:00:10:476] info: cld3::loadModule: loading cld3 module
[06/12/18, 21:00:10:508] info: cld3Loader::loadModule: running environment is NODE
[06/12/18, 21:00:10:508] info: cld3Loader::loadModule: constructed module object for runtime
[06/12/18, 21:00:10:715] info: cld3Loader::initializeRuntime: successfully initialized module
[06/12/18, 21:00:10:716] info: cld3Loader::loadModule: initialized wasm binary Runtime
[06/12/18, 21:00:10:736] info: SpellChecker:: updateSpellcheckerLanguage: Skip to set new language null, v2 spellchecker is not available
[06/12/18, 21:00:10:760] info: Main window preload script finished
{
  "readyTime": 1381.891112
}
[06/12/18, 21:00:16:415] info: Skipping request to provide hint content for channel for spellchecker
{
  "version": "V2"
}
[06/12/18, 21:00:16:558] info: Store: UPSERT_WEB_CONTENTS
{
  "id": 3,
  "state": "loaded",
  "teamId": "T70J8333P"
}
[06/12/18, 21:00:16:560] info: Store: MAIN_WINDOW_SHOWN
[06/12/18, 21:00:16:707] info: Store: SET_FULL_SCREEN
[06/12/18, 21:00:16:708] info: Store: SET_FULL_SCREEN
[06/12/18, 21:00:16:708] info: Store: SET_FULL_SCREEN
[06/12/18, 21:00:16:959] info: Store: UPDATE_SESSION_STATUS
{
  "hasValidSession": true,
  "teamId": "T70J8333P"
}
[06/12/18, 21:00:17:192] info: postLoadTaskSetup: Desktop client fully loaded
{
  "loadedTime": 9802.671109
}
[06/12/18, 21:00:17:276] info: Store: SELECT_CHANNEL D71935Z7F
[06/12/18, 21:00:17:276] info: Store: UPDATE_TEAM_LOCALE
{
  "locale": "en-US"
}
[06/12/18, 21:00:17:276] info: Store: UPDATE_SETTINGS
{
  "locale": "en-US"
}
[06/12/18, 21:00:17:285] info: Store: SAVE_WINDOW_SETTINGS
{
  "isMaximized": false,
  "position": [
    1290,
    15
  ],
  "size": [
    1255,
    1382
  ]
}
[06/12/18, 21:00:17:321] info: Store: UPDATE_TEAM_ICONS
{
  "icons": {
    "image_102": "https://slack-files2.s3-us-west-2.amazonaws.com/avatars/2017-09-08/238498482194_b1fd671c2dae558fbfa3_102.gif",
    "image_132": "https://slack-files2.s3-us-west-2.amazonaws.com/avatars/2017-09-08/238498482194_b1fd671c2dae558fbfa3_132.gif",
    "image_230": "https://slack-files2.s3-us-west-2.amazonaws.com/avatars/2017-09-08/238498482194_b1fd671c2dae558fbfa3_230.gif",
    "image_34": "https://slack-files2.s3-us-west-2.amazonaws.com/avatars/2017-09-08/238498482194_b1fd671c2dae558fbfa3_34.gif",
    "image_44": "https://slack-files2.s3-us-west-2.amazonaws.com/avatars/2017-09-08/238498482194_b1fd671c2dae558fbfa3_44.gif",
    "image_68": "https://slack-files2.s3-us-west-2.amazonaws.com/avatars/2017-09-08/238498482194_b1fd671c2dae558fbfa3_68.gif",
    "image_88": "https://slack-files2.s3-us-west-2.amazonaws.com/avatars/2017-09-08/238498482194_b1fd671c2dae558fbfa3_88.gif",
    "image_original": "https://slack-files2.s3-us-west-2.amazonaws.com/avatars/2017-09-08/238498482194_b1fd671c2dae558fbfa3_original.gif"
  },
  "teamId": "T70J8333P"
}
[06/12/18, 21:00:17:323] info: Store: UPDATE_TEAM_LOCALE
{
  "locale": "en-US",
  "teamId": "T70J8333P"
}
[06/12/18, 21:00:17:332] info: Store: UPSERT_WEB_CONTENTS
{
  "id": 3,
  "state": "webapp-loaded",
  "teamId": "T70J8333P"
}
[06/12/18, 21:00:17:352] info: Store: UPDATE_TEAM_THEME
{
  "teamId": "T70J8333P",
  "theme": {
    "active_item": "#4C9689",
    "active_item_text": "#FFFFFF",
    "active_presence": "#38978D",
    "badge": "#EB4D5C",
    "column_bg": "#4D394B",
    "hover_item": "#3E313C",
    "menu_bg": "#3E313C",
    "text_color": "#FFFFFF"
  }
}
[06/12/18, 21:00:17:354] info: Store: SET_FULL_SCREEN
[06/12/18, 21:00:17:354] info: Store: SET_FULL_SCREEN
[06/12/18, 21:00:17:590] info: Store: STORE_ENTERPRISE_ID_PAIR
{
  "enterpriseId": "",
  "teamId": "T70J8333P"
}
[06/12/18, 21:00:17:590] info: Store: STORE_API_TOKEN
{
  "teamId": "T70J8333P",
  "token": "xoxs-⋯"
}
[06/12/18, 21:00:17:744] info: postLoadTaskSetup: Setup spellchecker
{
  "version": "V2"
}
[06/12/18, 21:00:17:754] info: loadAsmModule: loading hunspell-asm module
[06/12/18, 21:00:17:954] info: loadAsmModule: asm module loaded successfully
[06/12/18, 21:00:17:954] info: SpellChecker: Starting spellchecker with language detector
[06/12/18, 21:00:17:955] info: SpellChecker::enableSpellCheckerLanguageDetector: enable spellchecker language detector
[06/12/18, 21:00:17:955] info: SpellChecker::startWithDictionary: Starting language detector with preloaded dict from last used language en
[06/12/18, 21:00:18:027] info: download: downloading dictionary for 'en-us'
[06/12/18, 21:00:18:027] info: fetchResourceAsBuffer: downloading
{
  "filePath": "https://spellcheck.slack-edge.com/dictionaries/en-us/1/en-us.aff",
  "cachePolicy": "default"
}
[06/12/18, 21:00:18:031] info: fetchResourceAsBuffer: downloading
{
  "filePath": "https://spellcheck.slack-edge.com/dictionaries/en-us/1/en-us.dic",
  "cachePolicy": "default"
}
[06/12/18, 21:00:18:035] info: dictionaryDownloader: verifying hash
[06/12/18, 21:00:18:063] info: SpellChecker::downloadDictionary: Dictionary is ready for 
{
  "language": "en"
}
[06/12/18, 21:00:18:104] info: assignSpellchecker: spellCheckerTable added new checker for 'en'
[06/12/18, 21:00:18:105] info: SpellChecker::prepareDictionary: Dictionary buffer for 'en' is loaded into spellchecker
[06/12/18, 21:00:18:106] info: switchDictionary: switching dictionary to check spell from 'null' to 'en'
[06/12/18, 21:00:18:106] info: SpellChecker::switchDictionary: SpellChecker enabled for language
{
  "language": "en"
}
[06/12/18, 21:00:19:176] info: Store: SET_FULL_SCREEN
[06/12/18, 21:00:20:810] info: Store: SET_FULL_SCREEN
[06/12/18, 21:00:20:810] info: Store: SET_FULL_SCREEN
[06/12/18, 21:14:01:433] info: Store: SAVE_WINDOW_SETTINGS
{
  "isMaximized": false,
  "position": [
    1290,
    15
  ],
  "size": [
    1255,
    1410
  ]
}
[06/12/18, 21:22:24:044] info: Store: SET_FULL_SCREEN
[06/12/18, 21:22:24:081] info: Store: SET_FULL_SCREEN
[06/12/18, 21:22:24:990] info: Store: SAVE_WINDOW_SETTINGS
{
  "isMaximized": false,
  "position": [
    1290,
    15
  ],
  "size": [
    1255,
    1382
  ]
}
[06/12/18, 21:22:25:121] info: Store: SET_FULL_SCREEN
[06/12/18, 21:22:25:121] info: Store: SET_FULL_SCREEN
[06/12/18, 21:22:26:057] info: Store: SET_FULL_SCREEN
[06/12/18, 21:22:26:063] info: Store: SET_FULL_SCREEN
[06/12/18, 21:22:30:922] info: Store: SET_FULL_SCREEN
[06/12/18, 21:22:31:530] info: Skipping request to provide hint content for channel for spellchecker
{
  "version": "V2"
}
[06/12/18, 21:22:31:591] info: Store: SELECT_CHANNEL DAJUXSKEV
[06/12/18, 21:22:33:412] info: Skipping request to provide hint content for channel for spellchecker
{
  "version": "V2"
}
[06/12/18, 21:22:33:466] info: Store: SELECT_CHANNEL D712QSWTV
[06/12/18, 21:22:34:738] info: Store: SET_FULL_SCREEN
[06/12/18, 21:22:34:740] info: Store: SET_FULL_SCREEN
[06/12/18, 21:22:34:742] info: Store: SET_FULL_SCREEN
