[06/15/18, 08:17:32:841] info: ╔══════════════════════════════════════════════════════════════════════════════╗
[06/15/18, 08:17:32:842] info: ║      Slack 3.2.1, linux 4.16.13-2-ARCH on x64 at 06/15/18, 08:17:32:838      ║
[06/15/18, 08:17:32:842] info: ╚══════════════════════════════════════════════════════════════════════════════╝
[06/15/18, 08:17:33:060] info: Initializing local storage instance at path: /home/meach/.config/Slack/local-settings.json
[06/15/18, 08:17:33:257] info: NetworkStatus: Waiting for network online…
[06/15/18, 08:17:33:673] info: Don't start background client because T70J8333P is selected team
[06/15/18, 08:17:33:682] info: Store: BACKGROUND_CLIENTS_INITIALIZED
[06/15/18, 08:17:33:712] info: Store: BACKGROUND_CLIENTS_INITIALIZED true
[06/15/18, 08:17:33:754] info: NetworkStatus: Response from api.test
{
  "status": "online"
}
[06/15/18, 08:17:34:156] info: Store: SET_NETWORK_STATUS online
[06/15/18, 08:17:39:498] info: Store: UPSERT_WEB_CONTENTS
{
  "id": 3,
  "state": "loaded",
  "teamId": "T70J8333P"
}
[06/15/18, 08:17:39:509] info: Store: MAIN_WINDOW_SHOWN
[06/15/18, 08:17:39:548] info: Store: SET_FULL_SCREEN
[06/15/18, 08:17:39:548] info: Store: SET_FULL_SCREEN
[06/15/18, 08:17:39:549] info: Store: SET_FULL_SCREEN
[06/15/18, 08:17:39:688] info: Store: UPDATE_SESSION_STATUS
{
  "hasValidSession": true,
  "teamId": "T70J8333P"
}
[06/15/18, 08:17:40:303] info: Store: SELECT_CHANNEL D70F6V6BA
[06/15/18, 08:17:40:307] info: Store: UPDATE_TEAM_LOCALE
{
  "locale": "en-US"
}
[06/15/18, 08:17:40:312] info: Store: UPDATE_SETTINGS
{
  "locale": "en-US"
}
[06/15/18, 08:17:41:267] info: Store: UPDATE_TEAM_ICONS
{
  "icons": {
    "image_102": "https://slack-files2.s3-us-west-2.amazonaws.com/avatars/2017-09-08/238498482194_b1fd671c2dae558fbfa3_102.gif",
    "image_132": "https://slack-files2.s3-us-west-2.amazonaws.com/avatars/2017-09-08/238498482194_b1fd671c2dae558fbfa3_132.gif",
    "image_230": "https://slack-files2.s3-us-west-2.amazonaws.com/avatars/2017-09-08/238498482194_b1fd671c2dae558fbfa3_230.gif",
    "image_34": "https://slack-files2.s3-us-west-2.amazonaws.com/avatars/2017-09-08/238498482194_b1fd671c2dae558fbfa3_34.gif",
    "image_44": "https://slack-files2.s3-us-west-2.amazonaws.com/avatars/2017-09-08/238498482194_b1fd671c2dae558fbfa3_44.gif",
    "image_68": "https://slack-files2.s3-us-west-2.amazonaws.com/avatars/2017-09-08/238498482194_b1fd671c2dae558fbfa3_68.gif",
    "image_88": "https://slack-files2.s3-us-west-2.amazonaws.com/avatars/2017-09-08/238498482194_b1fd671c2dae558fbfa3_88.gif",
    "image_original": "https://slack-files2.s3-us-west-2.amazonaws.com/avatars/2017-09-08/238498482194_b1fd671c2dae558fbfa3_original.gif"
  },
  "teamId": "T70J8333P"
}
[06/15/18, 08:17:41:312] info: Store: SET_FULL_SCREEN
[06/15/18, 08:17:41:450] info: Store: UPDATE_TEAM_LOCALE
{
  "locale": "en-US",
  "teamId": "T70J8333P"
}
[06/15/18, 08:17:41:459] info: Store: UPSERT_WEB_CONTENTS
{
  "id": 3,
  "state": "webapp-loaded",
  "teamId": "T70J8333P"
}
[06/15/18, 08:17:41:609] info: Store: UPDATE_TEAM_THEME
{
  "teamId": "T70J8333P",
  "theme": {
    "active_item": "#4C9689",
    "active_item_text": "#FFFFFF",
    "active_presence": "#38978D",
    "badge": "#EB4D5C",
    "column_bg": "#4D394B",
    "hover_item": "#3E313C",
    "menu_bg": "#3E313C",
    "text_color": "#FFFFFF"
  }
}
[06/15/18, 08:17:41:738] info: Store: STORE_ENTERPRISE_ID_PAIR
{
  "enterpriseId": "",
  "teamId": "T70J8333P"
}
[06/15/18, 08:17:41:740] info: Store: STORE_API_TOKEN
{
  "teamId": "T70J8333P",
  "token": "xoxs-⋯"
}
[06/15/18, 08:17:42:286] info: Store: SAVE_WINDOW_SETTINGS
{
  "isMaximized": false,
  "position": [
    864,
    15
  ],
  "size": [
    833,
    1378
  ]
}
[06/15/18, 08:17:49:299] info: Store: SET_FULL_SCREEN
[06/15/18, 08:17:50:003] info: Store: SET_FULL_SCREEN
[06/15/18, 08:17:50:005] info: Store: SET_FULL_SCREEN
[06/15/18, 08:17:50:266] info: Store: SAVE_WINDOW_SETTINGS
{
  "isMaximized": false,
  "position": [
    1290,
    15
  ],
  "size": [
    1255,
    1378
  ]
}
