[06/12/18, 21:00:08:888] info: ╔══════════════════════════════════════════════════════════════════════════════╗
[06/12/18, 21:00:08:888] info: ║      Slack 3.2.1, linux 4.16.13-2-ARCH on x64 at 06/12/18, 21:00:08:884      ║
[06/12/18, 21:00:08:889] info: ╚══════════════════════════════════════════════════════════════════════════════╝
[06/12/18, 21:00:09:109] info: Initializing local storage instance at path: /home/meach/.config/Slack/local-settings.json
[06/12/18, 21:00:09:274] info: NetworkStatus: Waiting for network online…
[06/12/18, 21:00:09:559] info: Don't start background client because T70J8333P is selected team
[06/12/18, 21:00:09:568] info: Store: BACKGROUND_CLIENTS_INITIALIZED
[06/12/18, 21:00:09:576] info: Store: BACKGROUND_CLIENTS_INITIALIZED true
[06/12/18, 21:00:09:838] info: NetworkStatus: Response from api.test
{
  "status": "online"
}
[06/12/18, 21:00:10:242] info: Store: SET_NETWORK_STATUS online
[06/12/18, 21:00:15:615] info: Store: UPSERT_WEB_CONTENTS
{
  "id": 3,
  "state": "loaded",
  "teamId": "T70J8333P"
}
[06/12/18, 21:00:15:626] info: Store: MAIN_WINDOW_SHOWN
[06/12/18, 21:00:15:658] info: Store: SET_FULL_SCREEN
[06/12/18, 21:00:15:661] info: Store: SET_FULL_SCREEN
[06/12/18, 21:00:15:661] info: Store: SET_FULL_SCREEN
[06/12/18, 21:00:15:807] info: Store: UPDATE_SESSION_STATUS
{
  "hasValidSession": true,
  "teamId": "T70J8333P"
}
[06/12/18, 21:00:16:417] info: Store: SELECT_CHANNEL D71935Z7F
[06/12/18, 21:00:16:420] info: Store: UPDATE_TEAM_LOCALE
{
  "locale": "en-US"
}
[06/12/18, 21:00:16:422] info: Store: UPDATE_SETTINGS
{
  "locale": "en-US"
}
[06/12/18, 21:00:16:647] info: Store: SAVE_WINDOW_SETTINGS
{
  "isMaximized": false,
  "position": [
    1290,
    15
  ],
  "size": [
    1255,
    1382
  ]
}
[06/12/18, 21:00:17:028] info: Store: UPDATE_TEAM_ICONS
{
  "icons": {
    "image_102": "https://slack-files2.s3-us-west-2.amazonaws.com/avatars/2017-09-08/238498482194_b1fd671c2dae558fbfa3_102.gif",
    "image_132": "https://slack-files2.s3-us-west-2.amazonaws.com/avatars/2017-09-08/238498482194_b1fd671c2dae558fbfa3_132.gif",
    "image_230": "https://slack-files2.s3-us-west-2.amazonaws.com/avatars/2017-09-08/238498482194_b1fd671c2dae558fbfa3_230.gif",
    "image_34": "https://slack-files2.s3-us-west-2.amazonaws.com/avatars/2017-09-08/238498482194_b1fd671c2dae558fbfa3_34.gif",
    "image_44": "https://slack-files2.s3-us-west-2.amazonaws.com/avatars/2017-09-08/238498482194_b1fd671c2dae558fbfa3_44.gif",
    "image_68": "https://slack-files2.s3-us-west-2.amazonaws.com/avatars/2017-09-08/238498482194_b1fd671c2dae558fbfa3_68.gif",
    "image_88": "https://slack-files2.s3-us-west-2.amazonaws.com/avatars/2017-09-08/238498482194_b1fd671c2dae558fbfa3_88.gif",
    "image_original": "https://slack-files2.s3-us-west-2.amazonaws.com/avatars/2017-09-08/238498482194_b1fd671c2dae558fbfa3_original.gif"
  },
  "teamId": "T70J8333P"
}
[06/12/18, 21:00:17:188] info: Store: UPDATE_TEAM_LOCALE
{
  "locale": "en-US",
  "teamId": "T70J8333P"
}
[06/12/18, 21:00:17:203] info: Store: UPSERT_WEB_CONTENTS
{
  "id": 3,
  "state": "webapp-loaded",
  "teamId": "T70J8333P"
}
[06/12/18, 21:00:17:293] info: Store: UPDATE_TEAM_THEME
{
  "teamId": "T70J8333P",
  "theme": {
    "active_item": "#4C9689",
    "active_item_text": "#FFFFFF",
    "active_presence": "#38978D",
    "badge": "#EB4D5C",
    "column_bg": "#4D394B",
    "hover_item": "#3E313C",
    "menu_bg": "#3E313C",
    "text_color": "#FFFFFF"
  }
}
[06/12/18, 21:00:17:311] info: Store: SET_FULL_SCREEN
[06/12/18, 21:00:17:312] info: Store: SET_FULL_SCREEN
[06/12/18, 21:00:17:337] info: Store: STORE_ENTERPRISE_ID_PAIR
{
  "enterpriseId": "",
  "teamId": "T70J8333P"
}
[06/12/18, 21:00:17:339] info: Store: STORE_API_TOKEN
{
  "teamId": "T70J8333P",
  "token": "xoxs-⋯"
}
[06/12/18, 21:00:19:135] info: Store: SET_FULL_SCREEN
[06/12/18, 21:00:20:798] info: Store: SET_FULL_SCREEN
[06/12/18, 21:00:20:798] info: Store: SET_FULL_SCREEN
[06/12/18, 21:14:01:433] info: Store: SAVE_WINDOW_SETTINGS
{
  "isMaximized": false,
  "position": [
    1290,
    15
  ],
  "size": [
    1255,
    1410
  ]
}
[06/12/18, 21:22:23:992] info: Store: SET_FULL_SCREEN
[06/12/18, 21:22:23:994] info: Store: SET_FULL_SCREEN
[06/12/18, 21:22:24:990] info: Store: SAVE_WINDOW_SETTINGS
{
  "isMaximized": false,
  "position": [
    1290,
    15
  ],
  "size": [
    1255,
    1382
  ]
}
[06/12/18, 21:22:25:117] info: Store: SET_FULL_SCREEN
[06/12/18, 21:22:25:118] info: Store: SET_FULL_SCREEN
[06/12/18, 21:22:26:036] info: Store: SET_FULL_SCREEN
[06/12/18, 21:22:26:045] info: Store: SET_FULL_SCREEN
[06/12/18, 21:22:30:858] info: Store: SET_FULL_SCREEN
[06/12/18, 21:22:31:531] info: Store: SELECT_CHANNEL DAJUXSKEV
[06/12/18, 21:22:33:415] info: Store: SELECT_CHANNEL D712QSWTV
[06/12/18, 21:22:34:705] info: Store: SET_FULL_SCREEN
[06/12/18, 21:22:34:709] info: Store: SET_FULL_SCREEN
[06/12/18, 21:22:34:721] info: Store: SET_FULL_SCREEN
