[06/13/18, 08:45:20:016] info: ╔══════════════════════════════════════════════════════════════════════════════╗
[06/13/18, 08:45:20:016] info: ║      Slack 3.2.1, linux 4.16.13-2-ARCH on x64 at 06/13/18, 08:45:20:014      ║
[06/13/18, 08:45:20:017] info: ╚══════════════════════════════════════════════════════════════════════════════╝
[06/13/18, 08:45:20:077] info: Initializing local storage instance at path: /home/meach/.config/Slack/local-settings.json
[06/13/18, 08:45:20:330] info: Store: UPSERT_WEB_CONTENTS
{
  "id": 3,
  "state": "loaded",
  "teamId": "T70J8333P"
}
[06/13/18, 08:45:20:332] info: Store: UPSERT_WEB_CONTENTS
{
  "id": 3,
  "state": "empty-page",
  "teamId": "T70J8333P"
}
[06/13/18, 08:45:20:332] info: Store: UPSERT_WEB_CONTENTS
{
  "id": 3,
  "state": "page-will-navigate",
  "teamId": "T70J8333P"
}
[06/13/18, 08:45:20:390] info: Store: BACKGROUND_CLIENTS_INITIALIZED
[06/13/18, 08:45:20:391] info: Store: BACKGROUND_CLIENTS_INITIALIZED true
[06/13/18, 08:45:20:463] info: Store: UPDATE_SESSION_STATUS
{
  "hasValidSession": null,
  "teamId": "T70J8333P"
}
[06/13/18, 08:45:20:598] info: Store: SET_NETWORK_STATUS offline
[06/13/18, 08:45:20:738] info: Store: UPSERT_WEB_CONTENTS
{
  "id": 3,
  "state": "loaded",
  "teamId": "T70J8333P"
}
[06/13/18, 08:45:20:739] info: Store: UPSERT_WEB_CONTENTS
{
  "id": 3,
  "state": "empty-page",
  "teamId": "T70J8333P"
}
[06/13/18, 08:45:20:862] info: Store: UPDATE_SESSION_STATUS
{
  "hasValidSession": null,
  "teamId": "T70J8333P"
}
[06/13/18, 08:47:19:179] info: Store: SET_NETWORK_STATUS online
[06/13/18, 08:47:19:186] info: Store: MAIN_WINDOW_SHOWN
[06/13/18, 08:47:19:189] info: Store: SET_FULL_SCREEN
[06/13/18, 08:47:19:192] info: Store: SET_FULL_SCREEN
[06/13/18, 08:47:19:193] info: Store: SET_FULL_SCREEN
