[06/14/18, 13:45:51:248] info: ╔══════════════════════════════════════════════════════════════════════════════╗
[06/14/18, 13:45:51:248] info: ║      Slack 3.2.1, linux 4.16.13-2-ARCH on x64 at 06/14/18, 13:45:51:246      ║
[06/14/18, 13:45:51:248] info: ╚══════════════════════════════════════════════════════════════════════════════╝
[06/14/18, 13:45:51:308] info: Initializing local storage instance at path: /home/meach/.config/Slack/local-settings.json
[06/14/18, 13:45:51:524] error: Desktop module calls failed to load
{
  "error": {
    "message": "libCallsCore.so: cannot open shared object file: No such file or directory",
    "stack": "Error: libCallsCore.so: cannot open shared object file: No such file or directory\n    at process.module.(anonymous function) [as dlopen] (ELECTRON_ASAR.js:172:20)\n    at Object.Module._extensions..node (module.js:671:18)\n    at Object.module.(anonymous function) [as .node] (ELECTRON_ASAR.js:186:18)\n    at Module.load (module.js:561:32)\n    at tryModuleLoad (module.js:504:12)\n    at Function.Module._load (module.js:496:3)\n    at Module.require (module.js:586:17)\n    at require (internal/module.js:11:18)\n    at bindings (/usr/lib/slack/resources/app.asar/node_modules/@slack/slack-calls-prebuilt/modules/@slack/slack-calls/node_modules/bindings/bindings.js:81:44)\n    at Object.<anonymous> (/usr/lib/slack/resources/app.asar/node_modules/@slack/slack-calls-prebuilt/modules/@slack/slack-calls/index.js:1:192)"
  }
}
[06/14/18, 13:45:51:524] error: Desktop module calls failed to load
[06/14/18, 13:45:51:540] info: cld3::loadModule: loading cld3 module
[06/14/18, 13:45:51:555] info: cld3Loader::loadModule: running environment is NODE
[06/14/18, 13:45:51:555] info: cld3Loader::loadModule: constructed module object for runtime
[06/14/18, 13:45:51:641] info: cld3Loader::initializeRuntime: successfully initialized module
[06/14/18, 13:45:51:641] info: cld3Loader::loadModule: initialized wasm binary Runtime
[06/14/18, 13:45:51:649] info: SpellChecker:: updateSpellcheckerLanguage: Skip to set new language null, v2 spellchecker is not available
[06/14/18, 13:45:51:660] info: Main window preload script finished
{
  "readyTime": 620.870242
}
[06/14/18, 13:45:53:547] info: Store: UPSERT_WEB_CONTENTS
{
  "id": 3,
  "state": "loaded",
  "teamId": "T70J8333P"
}
[06/14/18, 13:45:53:554] info: Store: MAIN_WINDOW_SHOWN
[06/14/18, 13:45:53:561] info: Store: SET_FULL_SCREEN
[06/14/18, 13:45:53:562] info: Store: SET_FULL_SCREEN
[06/14/18, 13:45:53:562] info: Store: SET_FULL_SCREEN
[06/14/18, 13:45:54:365] info: Skipping request to provide hint content for channel for spellchecker
{
  "version": "V2"
}
[06/14/18, 13:45:55:064] info: Store: UPDATE_SESSION_STATUS
{
  "hasValidSession": true,
  "teamId": "T70J8333P"
}
[06/14/18, 13:45:55:086] info: Store: SELECT_CHANNEL CAJFPPJFN
[06/14/18, 13:45:55:087] info: Store: UPDATE_TEAM_LOCALE
{
  "locale": "en-US",
  "teamId": "T70J8333P"
}
[06/14/18, 13:45:55:087] info: Store: UPDATE_SETTINGS
{
  "locale": "en-US"
}
[06/14/18, 13:45:55:088] info: Store: UPDATE_TEAM_THEME
{
  "teamId": "T70J8333P",
  "theme": {
    "active_item": "#4C9689",
    "active_item_text": "#FFFFFF",
    "active_presence": "#38978D",
    "badge": "#EB4D5C",
    "column_bg": "#4D394B",
    "hover_item": "#3E313C",
    "menu_bg": "#3E313C",
    "text_color": "#FFFFFF"
  }
}
[06/14/18, 13:45:55:089] info: Store: SAVE_WINDOW_SETTINGS
{
  "isMaximized": false,
  "position": [
    15,
    15
  ],
  "size": [
    2530,
    1378
  ]
}
[06/14/18, 13:45:59:384] info: Store: SET_FULL_SCREEN
[06/14/18, 13:46:00:278] info: Store: SAVE_WINDOW_SETTINGS
{
  "isMaximized": false,
  "position": [
    15,
    15
  ],
  "size": [
    1255,
    1378
  ]
}
[06/14/18, 13:46:00:489] info: postLoadTaskSetup: Desktop client fully loaded
{
  "loadedTime": 11427.069367
}
[06/14/18, 13:46:00:677] info: Store: UPDATE_TEAM_ICONS
{
  "icons": {
    "image_102": "https://slack-files2.s3-us-west-2.amazonaws.com/avatars/2017-09-08/238498482194_b1fd671c2dae558fbfa3_102.gif",
    "image_132": "https://slack-files2.s3-us-west-2.amazonaws.com/avatars/2017-09-08/238498482194_b1fd671c2dae558fbfa3_132.gif",
    "image_230": "https://slack-files2.s3-us-west-2.amazonaws.com/avatars/2017-09-08/238498482194_b1fd671c2dae558fbfa3_230.gif",
    "image_34": "https://slack-files2.s3-us-west-2.amazonaws.com/avatars/2017-09-08/238498482194_b1fd671c2dae558fbfa3_34.gif",
    "image_44": "https://slack-files2.s3-us-west-2.amazonaws.com/avatars/2017-09-08/238498482194_b1fd671c2dae558fbfa3_44.gif",
    "image_68": "https://slack-files2.s3-us-west-2.amazonaws.com/avatars/2017-09-08/238498482194_b1fd671c2dae558fbfa3_68.gif",
    "image_88": "https://slack-files2.s3-us-west-2.amazonaws.com/avatars/2017-09-08/238498482194_b1fd671c2dae558fbfa3_88.gif",
    "image_original": "https://slack-files2.s3-us-west-2.amazonaws.com/avatars/2017-09-08/238498482194_b1fd671c2dae558fbfa3_original.gif"
  },
  "teamId": "T70J8333P"
}
[06/14/18, 13:46:00:679] info: Store: UPDATE_TEAM_LOCALE
{
  "locale": "en-US",
  "teamId": "T70J8333P"
}
[06/14/18, 13:46:00:680] info: Store: UPSERT_WEB_CONTENTS
{
  "id": 3,
  "state": "webapp-loaded",
  "teamId": "T70J8333P"
}
[06/14/18, 13:46:00:703] info: Store: STORE_ENTERPRISE_ID_PAIR
{
  "enterpriseId": "",
  "teamId": "T70J8333P"
}
[06/14/18, 13:46:00:704] info: Store: STORE_API_TOKEN
{
  "teamId": "T70J8333P",
  "token": "xoxs-⋯"
}
[06/14/18, 13:46:00:715] info: postLoadTaskSetup: Setup spellchecker
{
  "version": "V2"
}
[06/14/18, 13:46:00:737] info: loadAsmModule: loading hunspell-asm module
[06/14/18, 13:46:01:021] info: loadAsmModule: asm module loaded successfully
[06/14/18, 13:46:01:021] info: SpellChecker: Starting spellchecker with language detector
[06/14/18, 13:46:01:022] info: SpellChecker::enableSpellCheckerLanguageDetector: enable spellchecker language detector
[06/14/18, 13:46:01:022] info: SpellChecker::startWithDictionary: Starting language detector with preloaded dict from last used language en
[06/14/18, 13:46:01:104] info: download: downloading dictionary for 'en-us'
[06/14/18, 13:46:01:105] info: fetchResourceAsBuffer: downloading
{
  "filePath": "https://spellcheck.slack-edge.com/dictionaries/en-us/1/en-us.aff",
  "cachePolicy": "default"
}
[06/14/18, 13:46:01:111] info: fetchResourceAsBuffer: downloading
{
  "filePath": "https://spellcheck.slack-edge.com/dictionaries/en-us/1/en-us.dic",
  "cachePolicy": "default"
}
[06/14/18, 13:46:01:116] info: dictionaryDownloader: verifying hash
[06/14/18, 13:46:01:165] info: SpellChecker::downloadDictionary: Dictionary is ready for 
{
  "language": "en"
}
[06/14/18, 13:46:01:208] info: assignSpellchecker: spellCheckerTable added new checker for 'en'
[06/14/18, 13:46:01:209] info: SpellChecker::prepareDictionary: Dictionary buffer for 'en' is loaded into spellchecker
[06/14/18, 13:46:01:210] info: switchDictionary: switching dictionary to check spell from 'null' to 'en'
[06/14/18, 13:46:01:213] info: SpellChecker::switchDictionary: SpellChecker enabled for language
{
  "language": "en"
}
[06/14/18, 13:46:37:068] info: Store: SAVE_WINDOW_SETTINGS
{
  "isMaximized": false,
  "position": [
    15,
    15
  ],
  "size": [
    829,
    1378
  ]
}
[06/14/18, 13:47:14:174] info: Store: SAVE_WINDOW_SETTINGS
{
  "isMaximized": false,
  "position": [
    15,
    15
  ],
  "size": [
    1255,
    1378
  ]
}
[06/14/18, 13:48:46:911] info: Store: SET_FULL_SCREEN
[06/14/18, 13:48:52:159] info: Skipping request to provide hint content for channel for spellchecker
{
  "version": "V2"
}
[06/14/18, 13:48:52:218] info: Store: SELECT_CHANNEL D70F6V6BA
[06/14/18, 13:48:53:813] info: Store: SET_FULL_SCREEN
[06/14/18, 13:54:26:368] info: Store: SET_SUSPEND_STATUS
[06/14/18, 13:54:26:370] error: Jun-14 13:54:26.370 SOCKET-MANAGER (T70J8333P) Closing socket because #4102: client is going to sleep
[06/14/18, 13:55:55:879] info: Store: SET_NETWORK_STATUS offline
[06/14/18, 13:55:55:953] info: Store: SET_SUSPEND_STATUS true
[06/14/18, 13:55:55:970] error: Jun-14 13:55:55.970 SOCKET-MANAGER (T70J8333P) Closing socket because #4108: unexpected socket closure
[06/14/18, 13:56:12:154] info: Store: SET_NETWORK_STATUS online
[06/14/18, 14:24:12:570] info: Store: SET_SUSPEND_STATUS
[06/14/18, 14:24:12:573] error: Jun-14 14:24:12.573 SOCKET-MANAGER (T70J8333P) Closing socket because #4102: client is going to sleep
[06/14/18, 14:59:44:497] info: Store: SET_NETWORK_STATUS offline
[06/14/18, 15:06:58:478] info: Store: SET_SUSPEND_STATUS
