[06/15/18, 08:06:27:036] info: ╔══════════════════════════════════════════════════════════════════════════════╗
[06/15/18, 08:06:27:037] info: ║      Slack 3.2.1, linux 4.16.13-2-ARCH on x64 at 06/15/18, 08:06:27:032      ║
[06/15/18, 08:06:27:037] info: ╚══════════════════════════════════════════════════════════════════════════════╝
[06/15/18, 08:06:27:154] info: Initializing local storage instance at path: /home/meach/.config/Slack/local-settings.json
[06/15/18, 08:06:27:924] error: Desktop module calls failed to load
{
  "error": {
    "message": "libCallsCore.so: cannot open shared object file: No such file or directory",
    "stack": "Error: libCallsCore.so: cannot open shared object file: No such file or directory\n    at process.module.(anonymous function) [as dlopen] (ELECTRON_ASAR.js:172:20)\n    at Object.Module._extensions..node (module.js:671:18)\n    at Object.module.(anonymous function) [as .node] (ELECTRON_ASAR.js:186:18)\n    at Module.load (module.js:561:32)\n    at tryModuleLoad (module.js:504:12)\n    at Function.Module._load (module.js:496:3)\n    at Module.require (module.js:586:17)\n    at require (internal/module.js:11:18)\n    at bindings (/usr/lib/slack/resources/app.asar/node_modules/@slack/slack-calls-prebuilt/modules/@slack/slack-calls/node_modules/bindings/bindings.js:81:44)\n    at Object.<anonymous> (/usr/lib/slack/resources/app.asar/node_modules/@slack/slack-calls-prebuilt/modules/@slack/slack-calls/index.js:1:192)"
  }
}
[06/15/18, 08:06:27:924] error: Desktop module calls failed to load
[06/15/18, 08:06:27:986] info: cld3::loadModule: loading cld3 module
[06/15/18, 08:06:28:035] info: cld3Loader::loadModule: running environment is NODE
[06/15/18, 08:06:28:035] info: cld3Loader::loadModule: constructed module object for runtime
[06/15/18, 08:06:28:308] info: cld3Loader::initializeRuntime: successfully initialized module
[06/15/18, 08:06:28:310] info: cld3Loader::loadModule: initialized wasm binary Runtime
[06/15/18, 08:06:28:348] info: SpellChecker:: updateSpellcheckerLanguage: Skip to set new language null, v2 spellchecker is not available
[06/15/18, 08:06:28:385] info: Main window preload script finished
{
  "readyTime": 1675.459761
}
[06/15/18, 08:06:33:140] info: Skipping request to provide hint content for channel for spellchecker
{
  "version": "V2"
}
[06/15/18, 08:06:33:302] info: Store: UPSERT_WEB_CONTENTS
{
  "id": 3,
  "state": "loaded",
  "teamId": "T70J8333P"
}
[06/15/18, 08:06:33:307] info: Store: MAIN_WINDOW_SHOWN
[06/15/18, 08:06:33:446] info: Store: SET_FULL_SCREEN
[06/15/18, 08:06:33:446] info: Store: SET_FULL_SCREEN
[06/15/18, 08:06:33:447] info: Store: SET_FULL_SCREEN
[06/15/18, 08:06:33:857] info: Store: UPDATE_SESSION_STATUS
{
  "hasValidSession": true,
  "teamId": "T70J8333P"
}
[06/15/18, 08:06:34:281] info: postLoadTaskSetup: Desktop client fully loaded
{
  "loadedTime": 10736.989064
}
[06/15/18, 08:06:34:352] info: Store: SET_FULL_SCREEN
[06/15/18, 08:06:34:353] info: Store: SET_FULL_SCREEN
[06/15/18, 08:06:34:374] info: Store: SELECT_CHANNEL D70F6V6BA
[06/15/18, 08:06:34:375] info: Store: UPDATE_TEAM_LOCALE
{
  "locale": "en-US"
}
[06/15/18, 08:06:34:375] info: Store: UPDATE_SETTINGS
{
  "locale": "en-US"
}
[06/15/18, 08:06:34:417] info: Store: SET_FULL_SCREEN
[06/15/18, 08:06:34:417] info: Store: SET_FULL_SCREEN
[06/15/18, 08:06:34:418] info: Store: SET_FULL_SCREEN
[06/15/18, 08:06:34:545] info: Store: SET_FULL_SCREEN
[06/15/18, 08:06:34:546] info: Store: UPDATE_TEAM_ICONS
{
  "icons": {
    "image_102": "https://slack-files2.s3-us-west-2.amazonaws.com/avatars/2017-09-08/238498482194_b1fd671c2dae558fbfa3_102.gif",
    "image_132": "https://slack-files2.s3-us-west-2.amazonaws.com/avatars/2017-09-08/238498482194_b1fd671c2dae558fbfa3_132.gif",
    "image_230": "https://slack-files2.s3-us-west-2.amazonaws.com/avatars/2017-09-08/238498482194_b1fd671c2dae558fbfa3_230.gif",
    "image_34": "https://slack-files2.s3-us-west-2.amazonaws.com/avatars/2017-09-08/238498482194_b1fd671c2dae558fbfa3_34.gif",
    "image_44": "https://slack-files2.s3-us-west-2.amazonaws.com/avatars/2017-09-08/238498482194_b1fd671c2dae558fbfa3_44.gif",
    "image_68": "https://slack-files2.s3-us-west-2.amazonaws.com/avatars/2017-09-08/238498482194_b1fd671c2dae558fbfa3_68.gif",
    "image_88": "https://slack-files2.s3-us-west-2.amazonaws.com/avatars/2017-09-08/238498482194_b1fd671c2dae558fbfa3_88.gif",
    "image_original": "https://slack-files2.s3-us-west-2.amazonaws.com/avatars/2017-09-08/238498482194_b1fd671c2dae558fbfa3_original.gif"
  },
  "teamId": "T70J8333P"
}
[06/15/18, 08:06:34:547] info: Store: UPDATE_TEAM_LOCALE
{
  "locale": "en-US",
  "teamId": "T70J8333P"
}
[06/15/18, 08:06:34:548] info: Store: UPSERT_WEB_CONTENTS
{
  "id": 3,
  "state": "webapp-loaded",
  "teamId": "T70J8333P"
}
[06/15/18, 08:06:34:582] info: Store: UPDATE_TEAM_THEME
{
  "teamId": "T70J8333P",
  "theme": {
    "active_item": "#4C9689",
    "active_item_text": "#FFFFFF",
    "active_presence": "#38978D",
    "badge": "#EB4D5C",
    "column_bg": "#4D394B",
    "hover_item": "#3E313C",
    "menu_bg": "#3E313C",
    "text_color": "#FFFFFF"
  }
}
[06/15/18, 08:06:34:791] info: Store: STORE_ENTERPRISE_ID_PAIR
{
  "enterpriseId": "",
  "teamId": "T70J8333P"
}
[06/15/18, 08:06:34:792] info: Store: STORE_API_TOKEN
{
  "teamId": "T70J8333P",
  "token": "xoxs-⋯"
}
[06/15/18, 08:06:34:952] info: Store: SAVE_WINDOW_SETTINGS
{
  "isMaximized": false,
  "position": [
    864,
    15
  ],
  "size": [
    833,
    1378
  ]
}
[06/15/18, 08:06:34:998] info: postLoadTaskSetup: Setup spellchecker
{
  "version": "V2"
}
[06/15/18, 08:06:35:016] info: loadAsmModule: loading hunspell-asm module
[06/15/18, 08:06:35:392] info: loadAsmModule: asm module loaded successfully
[06/15/18, 08:06:35:392] info: SpellChecker: Starting spellchecker with language detector
[06/15/18, 08:06:35:392] info: SpellChecker::enableSpellCheckerLanguageDetector: enable spellchecker language detector
[06/15/18, 08:06:35:392] info: SpellChecker::startWithDictionary: Starting language detector with preloaded dict from last used language en
[06/15/18, 08:06:35:495] info: download: downloading dictionary for 'en-us'
[06/15/18, 08:06:35:495] info: fetchResourceAsBuffer: downloading
{
  "filePath": "https://spellcheck.slack-edge.com/dictionaries/en-us/1/en-us.aff",
  "cachePolicy": "default"
}
[06/15/18, 08:06:35:500] info: fetchResourceAsBuffer: downloading
{
  "filePath": "https://spellcheck.slack-edge.com/dictionaries/en-us/1/en-us.dic",
  "cachePolicy": "default"
}
[06/15/18, 08:06:35:508] info: dictionaryDownloader: verifying hash
[06/15/18, 08:06:35:562] info: SpellChecker::downloadDictionary: Dictionary is ready for 
{
  "language": "en"
}
[06/15/18, 08:06:35:614] info: assignSpellchecker: spellCheckerTable added new checker for 'en'
[06/15/18, 08:06:35:615] info: SpellChecker::prepareDictionary: Dictionary buffer for 'en' is loaded into spellchecker
[06/15/18, 08:06:35:615] info: switchDictionary: switching dictionary to check spell from 'null' to 'en'
[06/15/18, 08:06:35:616] info: SpellChecker::switchDictionary: SpellChecker enabled for language
{
  "language": "en"
}
[06/15/18, 08:06:39:761] info: Store: SET_FULL_SCREEN
[06/15/18, 08:06:39:766] info: Store: SET_FULL_SCREEN
[06/15/18, 08:06:48:614] info: Store: SET_FULL_SCREEN
[06/15/18, 08:06:48:614] info: Store: SET_FULL_SCREEN
[06/15/18, 08:06:48:615] info: Store: SET_FULL_SCREEN
[06/15/18, 08:06:48:615] info: Store: SET_FULL_SCREEN
[06/15/18, 08:06:48:616] info: Store: SET_FULL_SCREEN
[06/15/18, 08:06:48:616] info: Store: SET_FULL_SCREEN
[06/15/18, 08:06:48:617] info: Store: SET_FULL_SCREEN
[06/15/18, 08:06:48:620] info: Store: SET_FULL_SCREEN
[06/15/18, 08:06:48:621] info: Store: SET_FULL_SCREEN
[06/15/18, 08:06:48:622] info: Store: SET_FULL_SCREEN
[06/15/18, 08:06:48:623] info: Store: SET_FULL_SCREEN
[06/15/18, 08:06:48:624] info: Store: SET_FULL_SCREEN
[06/15/18, 08:06:48:626] info: Store: SET_FULL_SCREEN
[06/15/18, 08:06:48:662] info: Store: SET_FULL_SCREEN
[06/15/18, 08:06:48:662] info: Store: SET_FULL_SCREEN
[06/15/18, 08:06:48:663] info: Store: SET_FULL_SCREEN
[06/15/18, 08:06:49:355] info: Store: SAVE_WINDOW_SETTINGS
{
  "isMaximized": false,
  "position": [
    1290,
    15
  ],
  "size": [
    1255,
    1378
  ]
}
