[06/14/18, 21:19:29:842] info: ╔══════════════════════════════════════════════════════════════════════════════╗
[06/14/18, 21:19:29:846] info: ║      Slack 3.2.1, linux 4.16.13-2-ARCH on x64 at 06/14/18, 21:19:29:823      ║
[06/14/18, 21:19:29:846] info: ╚══════════════════════════════════════════════════════════════════════════════╝
[06/14/18, 21:19:30:060] info: Initializing local storage instance at path: /home/meach/.config/Slack/local-settings.json
[06/14/18, 21:19:30:900] error: Desktop module calls failed to load
{
  "error": {
    "message": "libCallsCore.so: cannot open shared object file: No such file or directory",
    "stack": "Error: libCallsCore.so: cannot open shared object file: No such file or directory\n    at process.module.(anonymous function) [as dlopen] (ELECTRON_ASAR.js:172:20)\n    at Object.Module._extensions..node (module.js:671:18)\n    at Object.module.(anonymous function) [as .node] (ELECTRON_ASAR.js:186:18)\n    at Module.load (module.js:561:32)\n    at tryModuleLoad (module.js:504:12)\n    at Function.Module._load (module.js:496:3)\n    at Module.require (module.js:586:17)\n    at require (internal/module.js:11:18)\n    at bindings (/usr/lib/slack/resources/app.asar/node_modules/@slack/slack-calls-prebuilt/modules/@slack/slack-calls/node_modules/bindings/bindings.js:81:44)\n    at Object.<anonymous> (/usr/lib/slack/resources/app.asar/node_modules/@slack/slack-calls-prebuilt/modules/@slack/slack-calls/index.js:1:192)"
  }
}
[06/14/18, 21:19:30:901] error: Desktop module calls failed to load
[06/14/18, 21:19:30:974] info: cld3::loadModule: loading cld3 module
[06/14/18, 21:19:31:025] info: cld3Loader::loadModule: running environment is NODE
[06/14/18, 21:19:31:026] info: cld3Loader::loadModule: constructed module object for runtime
[06/14/18, 21:19:31:332] info: cld3Loader::initializeRuntime: successfully initialized module
[06/14/18, 21:19:31:333] info: cld3Loader::loadModule: initialized wasm binary Runtime
[06/14/18, 21:19:31:374] info: SpellChecker:: updateSpellcheckerLanguage: Skip to set new language null, v2 spellchecker is not available
[06/14/18, 21:19:31:420] info: Main window preload script finished
{
  "readyTime": 2001.661511
}
[06/14/18, 21:19:37:863] info: Skipping request to provide hint content for channel for spellchecker
{
  "version": "V2"
}
[06/14/18, 21:19:38:002] info: Store: UPSERT_WEB_CONTENTS
{
  "id": 3,
  "state": "loaded",
  "teamId": "T70J8333P"
}
[06/14/18, 21:19:38:004] info: Store: MAIN_WINDOW_SHOWN
[06/14/18, 21:19:38:169] info: Store: SET_FULL_SCREEN
[06/14/18, 21:19:38:169] info: Store: SET_FULL_SCREEN
[06/14/18, 21:19:38:169] info: Store: SET_FULL_SCREEN
[06/14/18, 21:19:38:553] info: Store: UPDATE_SESSION_STATUS
{
  "hasValidSession": true,
  "teamId": "T70J8333P"
}
[06/14/18, 21:19:38:879] info: postLoadTaskSetup: Desktop client fully loaded
{
  "loadedTime": 12659.899641
}
[06/14/18, 21:19:38:974] info: Store: SELECT_CHANNEL D70F6V6BA
[06/14/18, 21:19:38:974] info: Store: UPDATE_TEAM_LOCALE
{
  "locale": "en-US"
}
[06/14/18, 21:19:38:976] info: Store: UPDATE_SETTINGS
{
  "locale": "en-US"
}
[06/14/18, 21:19:38:988] info: Store: SAVE_WINDOW_SETTINGS
{
  "isMaximized": false,
  "position": [
    1290,
    15
  ],
  "size": [
    1255,
    1378
  ]
}
[06/14/18, 21:19:39:038] info: Store: SET_FULL_SCREEN
[06/14/18, 21:19:39:183] info: Store: UPDATE_TEAM_ICONS
{
  "icons": {
    "image_102": "https://slack-files2.s3-us-west-2.amazonaws.com/avatars/2017-09-08/238498482194_b1fd671c2dae558fbfa3_102.gif",
    "image_132": "https://slack-files2.s3-us-west-2.amazonaws.com/avatars/2017-09-08/238498482194_b1fd671c2dae558fbfa3_132.gif",
    "image_230": "https://slack-files2.s3-us-west-2.amazonaws.com/avatars/2017-09-08/238498482194_b1fd671c2dae558fbfa3_230.gif",
    "image_34": "https://slack-files2.s3-us-west-2.amazonaws.com/avatars/2017-09-08/238498482194_b1fd671c2dae558fbfa3_34.gif",
    "image_44": "https://slack-files2.s3-us-west-2.amazonaws.com/avatars/2017-09-08/238498482194_b1fd671c2dae558fbfa3_44.gif",
    "image_68": "https://slack-files2.s3-us-west-2.amazonaws.com/avatars/2017-09-08/238498482194_b1fd671c2dae558fbfa3_68.gif",
    "image_88": "https://slack-files2.s3-us-west-2.amazonaws.com/avatars/2017-09-08/238498482194_b1fd671c2dae558fbfa3_88.gif",
    "image_original": "https://slack-files2.s3-us-west-2.amazonaws.com/avatars/2017-09-08/238498482194_b1fd671c2dae558fbfa3_original.gif"
  },
  "teamId": "T70J8333P"
}
[06/14/18, 21:19:39:186] info: Store: UPDATE_TEAM_LOCALE
{
  "locale": "en-US",
  "teamId": "T70J8333P"
}
[06/14/18, 21:19:39:186] info: Store: UPSERT_WEB_CONTENTS
{
  "id": 3,
  "state": "webapp-loaded",
  "teamId": "T70J8333P"
}
[06/14/18, 21:19:39:539] info: Store: UPDATE_TEAM_THEME
{
  "teamId": "T70J8333P",
  "theme": {
    "active_item": "#4C9689",
    "active_item_text": "#FFFFFF",
    "active_presence": "#38978D",
    "badge": "#EB4D5C",
    "column_bg": "#4D394B",
    "hover_item": "#3E313C",
    "menu_bg": "#3E313C",
    "text_color": "#FFFFFF"
  }
}
[06/14/18, 21:19:39:561] info: Store: STORE_ENTERPRISE_ID_PAIR
{
  "enterpriseId": "",
  "teamId": "T70J8333P"
}
[06/14/18, 21:19:39:562] info: Store: STORE_API_TOKEN
{
  "teamId": "T70J8333P",
  "token": "xoxs-⋯"
}
[06/14/18, 21:19:39:597] info: Store: SAVE_WINDOW_SETTINGS
{
  "isMaximized": false,
  "position": [
    864,
    15
  ],
  "size": [
    833,
    1378
  ]
}
[06/14/18, 21:19:39:950] info: postLoadTaskSetup: Setup spellchecker
{
  "version": "V2"
}
[06/14/18, 21:19:39:967] info: loadAsmModule: loading hunspell-asm module
[06/14/18, 21:19:40:262] info: loadAsmModule: asm module loaded successfully
[06/14/18, 21:19:40:262] info: SpellChecker: Starting spellchecker with language detector
[06/14/18, 21:19:40:263] info: SpellChecker::enableSpellCheckerLanguageDetector: enable spellchecker language detector
[06/14/18, 21:19:40:263] info: SpellChecker::startWithDictionary: Starting language detector with preloaded dict from last used language en
[06/14/18, 21:19:40:320] info: download: downloading dictionary for 'en-us'
[06/14/18, 21:19:40:320] info: fetchResourceAsBuffer: downloading
{
  "filePath": "https://spellcheck.slack-edge.com/dictionaries/en-us/1/en-us.aff",
  "cachePolicy": "default"
}
[06/14/18, 21:19:40:328] info: fetchResourceAsBuffer: downloading
{
  "filePath": "https://spellcheck.slack-edge.com/dictionaries/en-us/1/en-us.dic",
  "cachePolicy": "default"
}
[06/14/18, 21:19:40:334] info: dictionaryDownloader: verifying hash
[06/14/18, 21:19:40:370] info: SpellChecker::downloadDictionary: Dictionary is ready for 
{
  "language": "en"
}
[06/14/18, 21:19:40:415] info: assignSpellchecker: spellCheckerTable added new checker for 'en'
[06/14/18, 21:19:40:430] info: SpellChecker::prepareDictionary: Dictionary buffer for 'en' is loaded into spellchecker
[06/14/18, 21:19:40:431] info: switchDictionary: switching dictionary to check spell from 'null' to 'en'
[06/14/18, 21:19:40:433] info: SpellChecker::switchDictionary: SpellChecker enabled for language
{
  "language": "en"
}
[06/14/18, 21:19:53:653] info: Store: SET_FULL_SCREEN
[06/14/18, 21:19:53:653] info: Store: SET_FULL_SCREEN
[06/14/18, 21:19:53:653] info: Store: SET_FULL_SCREEN
[06/14/18, 21:19:53:653] info: Store: SET_FULL_SCREEN
[06/14/18, 21:19:53:653] info: Store: SET_FULL_SCREEN
[06/14/18, 21:19:53:654] info: Store: SET_FULL_SCREEN
[06/14/18, 21:19:53:654] info: Store: SET_FULL_SCREEN
[06/14/18, 21:19:53:654] info: Store: SET_FULL_SCREEN
[06/14/18, 21:19:53:654] info: Store: SET_FULL_SCREEN
[06/14/18, 21:19:53:654] info: Store: SET_FULL_SCREEN
[06/14/18, 21:19:53:655] info: Store: SET_FULL_SCREEN
[06/14/18, 21:19:53:655] info: Store: SET_FULL_SCREEN
[06/14/18, 21:19:53:655] info: Store: SET_FULL_SCREEN
[06/14/18, 21:19:53:730] info: Store: SET_FULL_SCREEN
[06/14/18, 21:19:53:731] info: Store: SET_FULL_SCREEN
[06/14/18, 21:19:53:732] info: Store: SET_FULL_SCREEN
[06/14/18, 21:19:54:526] info: Store: SAVE_WINDOW_SETTINGS
{
  "isMaximized": false,
  "position": [
    1290,
    15
  ],
  "size": [
    1255,
    1378
  ]
}
