[06/15/18, 14:12:26:285] info: ╔══════════════════════════════════════════════════════════════════════════════╗
[06/15/18, 14:12:26:286] info: ║      Slack 3.2.1, linux 4.16.13-2-ARCH on x64 at 06/15/18, 14:12:26:281      ║
[06/15/18, 14:12:26:286] info: ╚══════════════════════════════════════════════════════════════════════════════╝
[06/15/18, 14:12:26:379] info: Initializing local storage instance at path: /home/meach/.config/Slack/local-settings.json
[06/15/18, 14:12:26:547] info: Main window preload script finished
{
  "readyTime": 783.490115
}
[06/15/18, 14:12:26:555] info: Store: BACKGROUND_CLIENTS_INITIALIZED
[06/15/18, 14:12:26:555] info: Store: BACKGROUND_CLIENTS_INITIALIZED true
[06/15/18, 14:12:26:556] info: Store: UPDATE_SESSION_STATUS
{
  "hasValidSession": null,
  "teamId": "T70J8333P"
}
[06/15/18, 14:12:26:556] info: Store: SET_NETWORK_STATUS offline
[06/15/18, 14:12:26:568] info: Store: UPSERT_WEB_CONTENTS
{
  "id": 3,
  "state": "loaded",
  "teamId": "T70J8333P"
}
[06/15/18, 14:12:26:573] info: Store: UPSERT_WEB_CONTENTS
{
  "id": 3,
  "state": "empty-page",
  "teamId": "T70J8333P"
}
[06/15/18, 14:12:26:867] info: Store: UPDATE_SESSION_STATUS
{
  "hasValidSession": null,
  "teamId": "T70J8333P"
}
[06/15/18, 14:12:31:813] info: Store: SET_NETWORK_STATUS online
[06/15/18, 14:12:31:815] info: Store: MAIN_WINDOW_SHOWN
[06/15/18, 14:12:31:829] info: Store: UPSERT_WEB_CONTENTS
{
  "id": 3,
  "state": "page-will-navigate",
  "teamId": "T70J8333P"
}
[06/15/18, 14:12:31:839] info: Window is unloading, window.desktop is no longer accessible
[06/15/18, 14:12:32:028] info: Store: UPDATE_SESSION_STATUS
{
  "hasValidSession": true,
  "teamId": "T70J8333P"
}
