[06/15/18, 17:53:04:961] info: ╔══════════════════════════════════════════════════════════════════════════════╗
[06/15/18, 17:53:04:962] info: ║      Slack 3.2.1, linux 4.16.13-2-ARCH on x64 at 06/15/18, 17:53:04:956      ║
[06/15/18, 17:53:04:962] info: ╚══════════════════════════════════════════════════════════════════════════════╝
[06/15/18, 17:53:05:103] info: Initializing local storage instance at path: /home/meach/.config/Slack/local-settings.json
[06/15/18, 17:53:05:519] info: Store: UPSERT_WEB_CONTENTS
{
  "id": 3,
  "state": "loaded",
  "teamId": "T70J8333P"
}
[06/15/18, 17:53:05:520] info: Store: UPSERT_WEB_CONTENTS
{
  "id": 3,
  "state": "empty-page",
  "teamId": "T70J8333P"
}
[06/15/18, 17:53:05:520] info: Store: UPSERT_WEB_CONTENTS
{
  "id": 3,
  "state": "page-will-navigate",
  "teamId": "T70J8333P"
}
[06/15/18, 17:53:05:638] info: Store: BACKGROUND_CLIENTS_INITIALIZED
[06/15/18, 17:53:05:642] info: Store: BACKGROUND_CLIENTS_INITIALIZED true
[06/15/18, 17:53:05:809] info: Store: UPDATE_SESSION_STATUS
{
  "hasValidSession": true,
  "teamId": "T70J8333P"
}
[06/15/18, 17:53:06:119] info: Store: SET_NETWORK_STATUS online
[06/15/18, 17:53:06:121] info: Store: MAIN_WINDOW_SHOWN
