[06/14/18, 08:01:48:557] info: ╔══════════════════════════════════════════════════════════════════════════════╗
[06/14/18, 08:01:48:558] info: ║      Slack 3.2.1, linux 4.16.13-2-ARCH on x64 at 06/14/18, 08:01:48:555      ║
[06/14/18, 08:01:48:558] info: ╚══════════════════════════════════════════════════════════════════════════════╝
[06/14/18, 08:01:48:681] info: Initializing local storage instance at path: /home/meach/.config/Slack/local-settings.json
[06/14/18, 08:01:48:790] info: NetworkStatus: Waiting for network online…
[06/14/18, 08:01:48:977] info: Store: BACKGROUND_CLIENTS_INITIALIZED
[06/14/18, 08:01:48:979] info: Don't start background client because T70J8333P is selected team
[06/14/18, 08:01:48:993] info: Store: BACKGROUND_CLIENTS_INITIALIZED true
[06/14/18, 08:01:49:059] info: NetworkStatus: Response from api.test
{
  "status": "online"
}
[06/14/18, 08:01:49:461] info: Store: SET_NETWORK_STATUS online
[06/14/18, 08:01:51:567] info: Store: UPSERT_WEB_CONTENTS
{
  "id": 3,
  "state": "loaded",
  "teamId": "T70J8333P"
}
[06/14/18, 08:01:51:571] info: Store: MAIN_WINDOW_SHOWN
[06/14/18, 08:01:51:588] info: Store: SET_FULL_SCREEN
[06/14/18, 08:01:51:589] info: Store: SET_FULL_SCREEN
[06/14/18, 08:01:51:590] info: Store: SET_FULL_SCREEN
[06/14/18, 08:01:51:591] info: Store: SET_FULL_SCREEN
[06/14/18, 08:01:51:591] info: Store: SET_FULL_SCREEN
[06/14/18, 08:01:51:747] info: Store: UPDATE_SESSION_STATUS
{
  "hasValidSession": true,
  "teamId": "T70J8333P"
}
[06/14/18, 08:01:52:196] info: Store: SELECT_CHANNEL DALCP3P2S
[06/14/18, 08:01:52:198] info: Store: UPDATE_TEAM_LOCALE
{
  "locale": "en-US",
  "teamId": "T70J8333P"
}
[06/14/18, 08:01:52:202] info: Store: UPDATE_SETTINGS
{
  "locale": "en-US"
}
[06/14/18, 08:01:52:206] info: Store: UPDATE_TEAM_THEME
{
  "teamId": "T70J8333P",
  "theme": {
    "active_item": "#4C9689",
    "active_item_text": "#FFFFFF",
    "active_presence": "#38978D",
    "badge": "#EB4D5C",
    "column_bg": "#4D394B",
    "hover_item": "#3E313C",
    "menu_bg": "#3E313C",
    "text_color": "#FFFFFF"
  }
}
[06/14/18, 08:01:52:597] info: Store: SAVE_WINDOW_SETTINGS
{
  "isMaximized": false,
  "position": [
    15,
    15
  ],
  "size": [
    1255,
    1378
  ]
}
[06/14/18, 08:01:52:657] info: Store: UPDATE_TEAM_ICONS
{
  "icons": {
    "image_102": "https://slack-files2.s3-us-west-2.amazonaws.com/avatars/2017-09-08/238498482194_b1fd671c2dae558fbfa3_102.gif",
    "image_132": "https://slack-files2.s3-us-west-2.amazonaws.com/avatars/2017-09-08/238498482194_b1fd671c2dae558fbfa3_132.gif",
    "image_230": "https://slack-files2.s3-us-west-2.amazonaws.com/avatars/2017-09-08/238498482194_b1fd671c2dae558fbfa3_230.gif",
    "image_34": "https://slack-files2.s3-us-west-2.amazonaws.com/avatars/2017-09-08/238498482194_b1fd671c2dae558fbfa3_34.gif",
    "image_44": "https://slack-files2.s3-us-west-2.amazonaws.com/avatars/2017-09-08/238498482194_b1fd671c2dae558fbfa3_44.gif",
    "image_68": "https://slack-files2.s3-us-west-2.amazonaws.com/avatars/2017-09-08/238498482194_b1fd671c2dae558fbfa3_68.gif",
    "image_88": "https://slack-files2.s3-us-west-2.amazonaws.com/avatars/2017-09-08/238498482194_b1fd671c2dae558fbfa3_88.gif",
    "image_original": "https://slack-files2.s3-us-west-2.amazonaws.com/avatars/2017-09-08/238498482194_b1fd671c2dae558fbfa3_original.gif"
  },
  "teamId": "T70J8333P"
}
[06/14/18, 08:01:52:753] info: Store: UPDATE_TEAM_LOCALE
{
  "locale": "en-US",
  "teamId": "T70J8333P"
}
[06/14/18, 08:01:52:760] info: Store: UPSERT_WEB_CONTENTS
{
  "id": 3,
  "state": "webapp-loaded",
  "teamId": "T70J8333P"
}
[06/14/18, 08:01:52:895] info: Store: STORE_ENTERPRISE_ID_PAIR
{
  "enterpriseId": "",
  "teamId": "T70J8333P"
}
[06/14/18, 08:01:52:896] info: Store: STORE_API_TOKEN
{
  "teamId": "T70J8333P",
  "token": "xoxs-⋯"
}
[06/14/18, 08:01:53:083] info: Store: SET_FULL_SCREEN
[06/14/18, 08:01:53:083] info: Store: SET_FULL_SCREEN
[06/14/18, 08:01:54:926] info: Store: SET_FULL_SCREEN
[06/14/18, 08:01:55:151] info: Store: SET_FULL_SCREEN
[06/14/18, 08:01:55:154] info: Store: SET_FULL_SCREEN
[06/14/18, 08:02:50:295] info: Store: SAVE_WINDOW_SETTINGS
{
  "isMaximized": false,
  "position": [
    15,
    15
  ],
  "size": [
    1255,
    1378
  ]
}
[06/14/18, 08:03:26:454] info: Store: SAVE_WINDOW_SETTINGS
{
  "isMaximized": false,
  "position": [
    15,
    15
  ],
  "size": [
    1255,
    1410
  ]
}
