[06/12/18, 20:54:25:087] info: ╔══════════════════════════════════════════════════════════════════════════════╗
[06/12/18, 20:54:25:087] info: ║      Slack 3.2.1, linux 4.16.13-2-ARCH on x64 at 06/12/18, 20:54:25:085      ║
[06/12/18, 20:54:25:087] info: ╚══════════════════════════════════════════════════════════════════════════════╝
[06/12/18, 20:54:25:207] info: Initializing local storage instance at path: /home/meach/.config/Slack/local-settings.json
[06/12/18, 20:54:25:322] info: NetworkStatus: Waiting for network online…
[06/12/18, 20:54:25:584] info: Don't start background client because T70J8333P is selected team
[06/12/18, 20:54:25:585] info: Store: BACKGROUND_CLIENTS_INITIALIZED
[06/12/18, 20:54:25:599] info: Store: BACKGROUND_CLIENTS_INITIALIZED true
[06/12/18, 20:54:25:715] info: NetworkStatus: Response from api.test
{
  "status": "online"
}
[06/12/18, 20:54:26:117] info: Store: SET_NETWORK_STATUS online
[06/12/18, 20:54:28:608] info: Store: UPSERT_WEB_CONTENTS
{
  "id": 3,
  "state": "loaded",
  "teamId": "T70J8333P"
}
[06/12/18, 20:54:28:613] info: Store: MAIN_WINDOW_SHOWN
[06/12/18, 20:54:28:624] info: Store: SET_FULL_SCREEN
[06/12/18, 20:54:28:625] info: Store: SET_FULL_SCREEN
[06/12/18, 20:54:28:638] info: Store: SET_FULL_SCREEN
[06/12/18, 20:54:28:663] info: Store: SET_FULL_SCREEN
[06/12/18, 20:54:28:665] info: Store: SET_FULL_SCREEN
[06/12/18, 20:54:28:886] info: Store: UPDATE_SESSION_STATUS
{
  "hasValidSession": true,
  "teamId": "T70J8333P"
}
[06/12/18, 20:54:29:176] info: Store: SET_FULL_SCREEN
[06/12/18, 20:54:29:326] info: Store: SELECT_CHANNEL D71935Z7F
[06/12/18, 20:54:29:330] info: Store: UPDATE_TEAM_LOCALE
{
  "locale": "en-US"
}
[06/12/18, 20:54:29:334] info: Store: UPDATE_SETTINGS
{
  "locale": "en-US"
}
[06/12/18, 20:54:29:623] info: Store: SAVE_WINDOW_SETTINGS
{
  "isMaximized": false,
  "position": [
    1717,
    15
  ],
  "size": [
    828,
    1382
  ]
}
[06/12/18, 20:54:29:658] info: Store: SET_FULL_SCREEN
[06/12/18, 20:54:29:659] info: Store: SET_FULL_SCREEN
[06/12/18, 20:54:29:960] info: Store: UPDATE_TEAM_ICONS
{
  "icons": {
    "image_102": "https://slack-files2.s3-us-west-2.amazonaws.com/avatars/2017-09-08/238498482194_b1fd671c2dae558fbfa3_102.gif",
    "image_132": "https://slack-files2.s3-us-west-2.amazonaws.com/avatars/2017-09-08/238498482194_b1fd671c2dae558fbfa3_132.gif",
    "image_230": "https://slack-files2.s3-us-west-2.amazonaws.com/avatars/2017-09-08/238498482194_b1fd671c2dae558fbfa3_230.gif",
    "image_34": "https://slack-files2.s3-us-west-2.amazonaws.com/avatars/2017-09-08/238498482194_b1fd671c2dae558fbfa3_34.gif",
    "image_44": "https://slack-files2.s3-us-west-2.amazonaws.com/avatars/2017-09-08/238498482194_b1fd671c2dae558fbfa3_44.gif",
    "image_68": "https://slack-files2.s3-us-west-2.amazonaws.com/avatars/2017-09-08/238498482194_b1fd671c2dae558fbfa3_68.gif",
    "image_88": "https://slack-files2.s3-us-west-2.amazonaws.com/avatars/2017-09-08/238498482194_b1fd671c2dae558fbfa3_88.gif",
    "image_original": "https://slack-files2.s3-us-west-2.amazonaws.com/avatars/2017-09-08/238498482194_b1fd671c2dae558fbfa3_original.gif"
  },
  "teamId": "T70J8333P"
}
[06/12/18, 20:54:29:986] info: Store: SET_FULL_SCREEN
[06/12/18, 20:54:30:126] info: Store: UPDATE_TEAM_THEME
{
  "teamId": "T70J8333P",
  "theme": {
    "active_item": "#4C9689",
    "active_item_text": "#FFFFFF",
    "active_presence": "#38978D",
    "badge": "#EB4D5C",
    "column_bg": "#4D394B",
    "hover_item": "#3E313C",
    "menu_bg": "#3E313C",
    "text_color": "#FFFFFF"
  }
}
[06/12/18, 20:54:30:305] info: Store: UPDATE_TEAM_LOCALE
{
  "locale": "en-US",
  "teamId": "T70J8333P"
}
[06/12/18, 20:54:30:313] info: Store: UPSERT_WEB_CONTENTS
{
  "id": 3,
  "state": "webapp-loaded",
  "teamId": "T70J8333P"
}
[06/12/18, 20:54:30:449] info: Store: STORE_ENTERPRISE_ID_PAIR
{
  "enterpriseId": "",
  "teamId": "T70J8333P"
}
[06/12/18, 20:54:30:450] info: Store: STORE_API_TOKEN
{
  "teamId": "T70J8333P",
  "token": "xoxs-⋯"
}
[06/12/18, 20:54:30:455] info: Store: SET_FULL_SCREEN
[06/12/18, 20:54:30:457] info: Store: SET_FULL_SCREEN
[06/12/18, 20:54:30:461] info: Store: SET_FULL_SCREEN
[06/12/18, 20:54:34:541] info: Store: FOREGROUND_APP
[06/12/18, 20:54:34:547] info: Store: SET_FULL_SCREEN
[06/12/18, 20:54:35:549] info: Store: SAVE_WINDOW_SETTINGS
{
  "isMaximized": false,
  "position": [
    15,
    15
  ],
  "size": [
    2530,
    1382
  ]
}
[06/12/18, 20:54:36:151] info: Store: SET_FULL_SCREEN
[06/12/18, 20:54:36:152] info: Store: SET_FULL_SCREEN
[06/12/18, 20:54:36:289] info: Store: SET_FULL_SCREEN
[06/12/18, 20:54:36:291] info: Store: SET_FULL_SCREEN
[06/12/18, 20:54:46:692] info: Store: SET_FULL_SCREEN
[06/12/18, 20:54:46:693] info: Store: SET_FULL_SCREEN
[06/12/18, 20:54:46:831] info: Store: SET_FULL_SCREEN
[06/12/18, 20:54:46:832] info: Store: SET_FULL_SCREEN
[06/12/18, 20:54:51:451] info: Store: SET_FULL_SCREEN
[06/12/18, 20:54:51:452] info: Store: SET_FULL_SCREEN
[06/12/18, 20:55:20:642] info: Store: SET_FULL_SCREEN
[06/12/18, 20:55:20:643] info: Store: SET_FULL_SCREEN
[06/12/18, 20:55:21:848] info: Store: SET_FULL_SCREEN
[06/12/18, 20:55:21:851] info: Store: SET_FULL_SCREEN
[06/12/18, 20:55:21:977] info: Store: SET_FULL_SCREEN
[06/12/18, 20:55:21:977] info: Store: SET_FULL_SCREEN
[06/12/18, 20:55:25:581] info: Store: SET_FULL_SCREEN
[06/12/18, 20:55:25:581] info: Store: SET_FULL_SCREEN
