[06/14/18, 13:45:50:529] info: ╔══════════════════════════════════════════════════════════════════════════════╗
[06/14/18, 13:45:50:529] info: ║      Slack 3.2.1, linux 4.16.13-2-ARCH on x64 at 06/14/18, 13:45:50:527      ║
[06/14/18, 13:45:50:529] info: ╚══════════════════════════════════════════════════════════════════════════════╝
[06/14/18, 13:45:50:651] info: Initializing local storage instance at path: /home/meach/.config/Slack/local-settings.json
[06/14/18, 13:45:50:754] info: NetworkStatus: Waiting for network online…
[06/14/18, 13:45:50:931] info: Store: BACKGROUND_CLIENTS_INITIALIZED
[06/14/18, 13:45:50:933] info: Don't start background client because T70J8333P is selected team
[06/14/18, 13:45:50:940] info: Store: BACKGROUND_CLIENTS_INITIALIZED true
[06/14/18, 13:45:51:058] info: NetworkStatus: Response from api.test
{
  "status": "online"
}
[06/14/18, 13:45:51:459] info: Store: SET_NETWORK_STATUS online
[06/14/18, 13:45:53:518] info: Store: UPSERT_WEB_CONTENTS
{
  "id": 3,
  "state": "loaded",
  "teamId": "T70J8333P"
}
[06/14/18, 13:45:53:522] info: Store: MAIN_WINDOW_SHOWN
[06/14/18, 13:45:53:530] info: Store: SET_FULL_SCREEN
[06/14/18, 13:45:53:531] info: Store: SET_FULL_SCREEN
[06/14/18, 13:45:53:532] info: Store: SET_FULL_SCREEN
[06/14/18, 13:45:53:681] info: Store: UPDATE_SESSION_STATUS
{
  "hasValidSession": true,
  "teamId": "T70J8333P"
}
[06/14/18, 13:45:54:367] info: Store: SELECT_CHANNEL CAJFPPJFN
[06/14/18, 13:45:54:368] info: Store: UPDATE_TEAM_LOCALE
{
  "locale": "en-US",
  "teamId": "T70J8333P"
}
[06/14/18, 13:45:54:370] info: Store: UPDATE_SETTINGS
{
  "locale": "en-US"
}
[06/14/18, 13:45:54:378] info: Store: UPDATE_TEAM_THEME
{
  "teamId": "T70J8333P",
  "theme": {
    "active_item": "#4C9689",
    "active_item_text": "#FFFFFF",
    "active_presence": "#38978D",
    "badge": "#EB4D5C",
    "column_bg": "#4D394B",
    "hover_item": "#3E313C",
    "menu_bg": "#3E313C",
    "text_color": "#FFFFFF"
  }
}
[06/14/18, 13:45:54:535] info: Store: SAVE_WINDOW_SETTINGS
{
  "isMaximized": false,
  "position": [
    15,
    15
  ],
  "size": [
    2530,
    1378
  ]
}
[06/14/18, 13:45:59:276] info: Store: SET_FULL_SCREEN
[06/14/18, 13:46:00:278] info: Store: SAVE_WINDOW_SETTINGS
{
  "isMaximized": false,
  "position": [
    15,
    15
  ],
  "size": [
    1255,
    1378
  ]
}
[06/14/18, 13:46:00:400] info: Store: UPDATE_TEAM_ICONS
{
  "icons": {
    "image_102": "https://slack-files2.s3-us-west-2.amazonaws.com/avatars/2017-09-08/238498482194_b1fd671c2dae558fbfa3_102.gif",
    "image_132": "https://slack-files2.s3-us-west-2.amazonaws.com/avatars/2017-09-08/238498482194_b1fd671c2dae558fbfa3_132.gif",
    "image_230": "https://slack-files2.s3-us-west-2.amazonaws.com/avatars/2017-09-08/238498482194_b1fd671c2dae558fbfa3_230.gif",
    "image_34": "https://slack-files2.s3-us-west-2.amazonaws.com/avatars/2017-09-08/238498482194_b1fd671c2dae558fbfa3_34.gif",
    "image_44": "https://slack-files2.s3-us-west-2.amazonaws.com/avatars/2017-09-08/238498482194_b1fd671c2dae558fbfa3_44.gif",
    "image_68": "https://slack-files2.s3-us-west-2.amazonaws.com/avatars/2017-09-08/238498482194_b1fd671c2dae558fbfa3_68.gif",
    "image_88": "https://slack-files2.s3-us-west-2.amazonaws.com/avatars/2017-09-08/238498482194_b1fd671c2dae558fbfa3_88.gif",
    "image_original": "https://slack-files2.s3-us-west-2.amazonaws.com/avatars/2017-09-08/238498482194_b1fd671c2dae558fbfa3_original.gif"
  },
  "teamId": "T70J8333P"
}
[06/14/18, 13:46:00:487] info: Store: UPDATE_TEAM_LOCALE
{
  "locale": "en-US",
  "teamId": "T70J8333P"
}
[06/14/18, 13:46:00:493] info: Store: UPSERT_WEB_CONTENTS
{
  "id": 3,
  "state": "webapp-loaded",
  "teamId": "T70J8333P"
}
[06/14/18, 13:46:00:682] info: Store: STORE_ENTERPRISE_ID_PAIR
{
  "enterpriseId": "",
  "teamId": "T70J8333P"
}
[06/14/18, 13:46:00:683] info: Store: STORE_API_TOKEN
{
  "teamId": "T70J8333P",
  "token": "xoxs-⋯"
}
[06/14/18, 13:46:37:068] info: Store: SAVE_WINDOW_SETTINGS
{
  "isMaximized": false,
  "position": [
    15,
    15
  ],
  "size": [
    829,
    1378
  ]
}
[06/14/18, 13:47:14:174] info: Store: SAVE_WINDOW_SETTINGS
{
  "isMaximized": false,
  "position": [
    15,
    15
  ],
  "size": [
    1255,
    1378
  ]
}
[06/14/18, 13:48:46:856] info: Store: SET_FULL_SCREEN
[06/14/18, 13:48:52:162] info: Store: SELECT_CHANNEL D70F6V6BA
[06/14/18, 13:48:53:810] info: Store: SET_FULL_SCREEN
[06/14/18, 13:54:26:368] info: Store: SET_SUSPEND_STATUS
[06/14/18, 13:55:55:870] info: Store: SET_NETWORK_STATUS offline
[06/14/18, 13:55:56:062] info: Store: SET_SUSPEND_STATUS true
[06/14/18, 13:56:01:393] info: NetworkStatus: Waiting for network online…
[06/14/18, 13:56:01:404] info: NetworkStatus: Network check failed
{
  "error": {
    "message": "Failed to fetch",
    "stack": "TypeError: Failed to fetch"
  }
}
[06/14/18, 13:56:01:405] info: NetworkStatus: Response from api.test
{
  "status": "offline"
}
[06/14/18, 13:56:06:404] info: NetworkStatus: Network check failed
{
  "error": {
    "message": "Failed to fetch",
    "stack": "TypeError: Failed to fetch"
  }
}
[06/14/18, 13:56:06:405] info: NetworkStatus: Response from api.test
{
  "status": "offline"
}
[06/14/18, 13:56:11:749] info: NetworkStatus: Response from api.test
{
  "status": "online"
}
[06/14/18, 13:56:12:154] info: Store: SET_NETWORK_STATUS online
[06/14/18, 13:56:12:157] warn: Base Component: Attempting to update LoadingScreen when unmounted.
[06/14/18, 14:24:12:570] info: Store: SET_SUSPEND_STATUS
[06/14/18, 14:59:44:207] info: Store: SET_NETWORK_STATUS offline
[06/14/18, 15:06:58:478] info: Store: SET_SUSPEND_STATUS
