[06/15/18, 17:53:06:318] info: ╔══════════════════════════════════════════════════════════════════════════════╗
[06/15/18, 17:53:06:319] info: ║      Slack 3.2.1, linux 4.16.13-2-ARCH on x64 at 06/15/18, 17:53:06:313      ║
[06/15/18, 17:53:06:319] info: ╚══════════════════════════════════════════════════════════════════════════════╝
[06/15/18, 17:53:06:440] info: Initializing local storage instance at path: /home/meach/.config/Slack/local-settings.json
[06/15/18, 17:53:06:708] error: Desktop module calls failed to load
{
  "error": {
    "message": "libCallsCore.so: cannot open shared object file: No such file or directory",
    "stack": "Error: libCallsCore.so: cannot open shared object file: No such file or directory\n    at process.module.(anonymous function) [as dlopen] (ELECTRON_ASAR.js:172:20)\n    at Object.Module._extensions..node (module.js:671:18)\n    at Object.module.(anonymous function) [as .node] (ELECTRON_ASAR.js:186:18)\n    at Module.load (module.js:561:32)\n    at tryModuleLoad (module.js:504:12)\n    at Function.Module._load (module.js:496:3)\n    at Module.require (module.js:586:17)\n    at require (internal/module.js:11:18)\n    at bindings (/usr/lib/slack/resources/app.asar/node_modules/@slack/slack-calls-prebuilt/modules/@slack/slack-calls/node_modules/bindings/bindings.js:81:44)\n    at Object.<anonymous> (/usr/lib/slack/resources/app.asar/node_modules/@slack/slack-calls-prebuilt/modules/@slack/slack-calls/index.js:1:192)"
  }
}
[06/15/18, 17:53:06:708] error: Desktop module calls failed to load
[06/15/18, 17:53:06:728] info: cld3::loadModule: loading cld3 module
[06/15/18, 17:53:06:745] info: cld3Loader::loadModule: running environment is NODE
[06/15/18, 17:53:06:745] info: cld3Loader::loadModule: constructed module object for runtime
[06/15/18, 17:53:06:860] info: cld3Loader::initializeRuntime: successfully initialized module
[06/15/18, 17:53:06:860] info: cld3Loader::loadModule: initialized wasm binary Runtime
[06/15/18, 17:53:06:868] info: SpellChecker:: updateSpellcheckerLanguage: Skip to set new language null, v2 spellchecker is not available
[06/15/18, 17:53:06:878] info: Main window preload script finished
{
  "readyTime": 830.235541
}
[06/15/18, 17:53:07:732] info: Store: SAVE_WINDOW_SETTINGS
{
  "isMaximized": false,
  "position": [
    24,
    24
  ],
  "size": [
    1244,
    1360
  ]
}
[06/15/18, 17:53:09:092] info: Store: UPSERT_WEB_CONTENTS
{
  "id": 3,
  "state": "loaded",
  "teamId": "T70J8333P"
}
[06/15/18, 17:53:09:607] info: Skipping request to provide hint content for channel for spellchecker
{
  "version": "V2"
}
[06/15/18, 17:53:10:309] info: Store: UPDATE_SESSION_STATUS
{
  "hasValidSession": true,
  "teamId": "T70J8333P"
}
[06/15/18, 17:53:10:640] info: Store: SELECT_CHANNEL CAJFPPJFN
[06/15/18, 17:53:10:641] info: Store: UPDATE_TEAM_LOCALE
{
  "locale": "en-US"
}
[06/15/18, 17:53:10:642] info: Store: UPDATE_SETTINGS
{
  "locale": "en-US"
}
[06/15/18, 17:53:10:689] info: Store: UPDATE_TEAM_ICONS
{
  "icons": {
    "image_102": "https://slack-files2.s3-us-west-2.amazonaws.com/avatars/2017-09-08/238498482194_b1fd671c2dae558fbfa3_102.gif",
    "image_132": "https://slack-files2.s3-us-west-2.amazonaws.com/avatars/2017-09-08/238498482194_b1fd671c2dae558fbfa3_132.gif",
    "image_230": "https://slack-files2.s3-us-west-2.amazonaws.com/avatars/2017-09-08/238498482194_b1fd671c2dae558fbfa3_230.gif",
    "image_34": "https://slack-files2.s3-us-west-2.amazonaws.com/avatars/2017-09-08/238498482194_b1fd671c2dae558fbfa3_34.gif",
    "image_44": "https://slack-files2.s3-us-west-2.amazonaws.com/avatars/2017-09-08/238498482194_b1fd671c2dae558fbfa3_44.gif",
    "image_68": "https://slack-files2.s3-us-west-2.amazonaws.com/avatars/2017-09-08/238498482194_b1fd671c2dae558fbfa3_68.gif",
    "image_88": "https://slack-files2.s3-us-west-2.amazonaws.com/avatars/2017-09-08/238498482194_b1fd671c2dae558fbfa3_88.gif",
    "image_original": "https://slack-files2.s3-us-west-2.amazonaws.com/avatars/2017-09-08/238498482194_b1fd671c2dae558fbfa3_original.gif"
  },
  "teamId": "T70J8333P"
}
[06/15/18, 17:53:10:691] info: Store: UPDATE_TEAM_LOCALE
{
  "locale": "en-US",
  "teamId": "T70J8333P"
}
[06/15/18, 17:53:10:691] info: Store: UPSERT_WEB_CONTENTS
{
  "id": 3,
  "state": "webapp-loaded",
  "teamId": "T70J8333P"
}
[06/15/18, 17:53:10:935] info: Store: UPDATE_TEAM_THEME
{
  "teamId": "T70J8333P",
  "theme": {
    "active_item": "#4C9689",
    "active_item_text": "#FFFFFF",
    "active_presence": "#38978D",
    "badge": "#EB4D5C",
    "column_bg": "#4D394B",
    "hover_item": "#3E313C",
    "menu_bg": "#3E313C",
    "text_color": "#FFFFFF"
  }
}
[06/15/18, 17:53:10:938] info: Store: STORE_ENTERPRISE_ID_PAIR
{
  "enterpriseId": "",
  "teamId": "T70J8333P"
}
[06/15/18, 17:53:10:939] info: Store: STORE_API_TOKEN
{
  "teamId": "T70J8333P",
  "token": "xoxs-⋯"
}
[06/15/18, 17:53:11:035] info: postLoadTaskSetup: Setup spellchecker
{
  "version": "V2"
}
[06/15/18, 17:53:11:053] info: loadAsmModule: loading hunspell-asm module
[06/15/18, 17:53:11:414] info: loadAsmModule: asm module loaded successfully
[06/15/18, 17:53:11:414] info: SpellChecker: Starting spellchecker with language detector
[06/15/18, 17:53:11:414] info: SpellChecker::enableSpellCheckerLanguageDetector: enable spellchecker language detector
[06/15/18, 17:53:11:414] info: SpellChecker::startWithDictionary: Starting language detector with preloaded dict from last used language en
[06/15/18, 17:53:11:739] info: download: downloading dictionary for 'en-us'
[06/15/18, 17:53:11:739] info: fetchResourceAsBuffer: downloading
{
  "filePath": "https://spellcheck.slack-edge.com/dictionaries/en-us/1/en-us.aff",
  "cachePolicy": "default"
}
[06/15/18, 17:53:11:744] info: fetchResourceAsBuffer: downloading
{
  "filePath": "https://spellcheck.slack-edge.com/dictionaries/en-us/1/en-us.dic",
  "cachePolicy": "default"
}
[06/15/18, 17:53:11:749] info: dictionaryDownloader: verifying hash
[06/15/18, 17:53:11:784] info: SpellChecker::downloadDictionary: Dictionary is ready for 
{
  "language": "en"
}
[06/15/18, 17:53:11:829] info: assignSpellchecker: spellCheckerTable added new checker for 'en'
[06/15/18, 17:53:11:860] info: SpellChecker::prepareDictionary: Dictionary buffer for 'en' is loaded into spellchecker
[06/15/18, 17:53:11:860] info: switchDictionary: switching dictionary to check spell from 'null' to 'en'
[06/15/18, 17:53:11:861] info: SpellChecker::switchDictionary: SpellChecker enabled for language
{
  "language": "en"
}
[06/15/18, 17:58:08:037] info: Store: SET_FULL_SCREEN
[06/15/18, 17:58:08:303] info: Store: SET_FULL_SCREEN
[06/15/18, 17:58:08:304] info: Store: SET_FULL_SCREEN
[06/15/18, 17:58:09:005] info: Store: SET_FULL_SCREEN
[06/15/18, 17:58:09:008] info: Store: SET_FULL_SCREEN
[06/15/18, 17:58:09:220] info: Store: SET_FULL_SCREEN
[06/15/18, 17:58:09:465] info: Store: SET_FULL_SCREEN
[06/15/18, 17:58:09:466] info: Store: SET_FULL_SCREEN
[06/15/18, 18:19:33:946] info: Store: SET_SUSPEND_STATUS
[06/15/18, 18:19:33:950] error: Jun-15 18:19:33.950 SOCKET-MANAGER (T70J8333P) Closing socket because #4102: client is going to sleep
[06/15/18, 19:13:39:335] info: Store: SET_NETWORK_STATUS offline
[06/15/18, 19:14:38:685] info: Store: SAVE_WINDOW_SETTINGS
{
  "isMaximized": false,
  "position": [
    24,
    24
  ],
  "size": [
    1244,
    1392
  ]
}
[06/15/18, 19:15:12:097] info: Store: SAVE_WINDOW_SETTINGS
{
  "isMaximized": false,
  "position": [
    24,
    24
  ],
  "size": [
    924,
    1152
  ]
}
[06/15/18, 19:17:13:749] info: Store: SAVE_WINDOW_SETTINGS
{
  "isMaximized": false,
  "position": [
    24,
    24
  ],
  "size": [
    924,
    1120
  ]
}
[06/15/18, 19:19:20:375] info: Store: SAVE_WINDOW_SETTINGS
{
  "isMaximized": false,
  "position": [
    24,
    24
  ],
  "size": [
    604,
    1120
  ]
}
[06/15/18, 19:19:25:372] info: Store: SAVE_WINDOW_SETTINGS
{
  "isMaximized": false,
  "position": [
    24,
    24
  ],
  "size": [
    444,
    1120
  ]
}
[06/15/18, 19:19:29:109] info: Store: SAVE_WINDOW_SETTINGS
{
  "isMaximized": false,
  "position": [
    24,
    24
  ],
  "size": [
    348,
    1120
  ]
}
[06/15/18, 19:19:31:216] info: Store: SAVE_WINDOW_SETTINGS
{
  "isMaximized": false,
  "position": [
    24,
    24
  ],
  "size": [
    604,
    1120
  ]
}
[06/15/18, 19:19:33:677] info: Store: SAVE_WINDOW_SETTINGS
{
  "isMaximized": false,
  "position": [
    24,
    24
  ],
  "size": [
    924,
    1120
  ]
}
[06/15/18, 19:19:41:827] info: Store: SAVE_WINDOW_SETTINGS
{
  "isMaximized": false,
  "position": [
    24,
    24
  ],
  "size": [
    604,
    1120
  ]
}
[06/15/18, 19:20:29:326] info: Store: SAVE_WINDOW_SETTINGS
{
  "isMaximized": false,
  "position": [
    24,
    24
  ],
  "size": [
    924,
    1120
  ]
}
[06/15/18, 19:39:00:431] info: Store: SAVE_WINDOW_SETTINGS
{
  "isMaximized": false,
  "position": [
    24,
    24
  ],
  "size": [
    924,
    1152
  ]
}
[06/15/18, 19:40:22:334] info: Store: SAVE_WINDOW_SETTINGS
{
  "isMaximized": false,
  "position": [
    24,
    1224
  ],
  "size": [
    1244,
    1392
  ]
}
