[06/15/18, 15:48:16:302] info: ╔══════════════════════════════════════════════════════════════════════════════╗
[06/15/18, 15:48:16:303] info: ║      Slack 3.2.1, linux 4.16.13-2-ARCH on x64 at 06/15/18, 15:48:16:297      ║
[06/15/18, 15:48:16:303] info: ╚══════════════════════════════════════════════════════════════════════════════╝
[06/15/18, 15:48:16:427] info: Initializing local storage instance at path: /home/meach/.config/Slack/local-settings.json
[06/15/18, 15:48:16:594] info: Main window preload script finished
{
  "readyTime": 784.245651
}
[06/15/18, 15:48:16:606] info: Store: UPSERT_WEB_CONTENTS
{
  "id": 3,
  "state": "loaded",
  "teamId": "T70J8333P"
}
[06/15/18, 15:48:16:609] info: Store: UPSERT_WEB_CONTENTS
{
  "id": 3,
  "state": "empty-page",
  "teamId": "T70J8333P"
}
[06/15/18, 15:48:16:612] info: Store: UPSERT_WEB_CONTENTS
{
  "id": 3,
  "state": "page-will-navigate",
  "teamId": "T70J8333P"
}
