[06/13/18, 10:56:38:795] info: ╔══════════════════════════════════════════════════════════════════════════════╗
[06/13/18, 10:56:38:796] info: ║      Slack 3.2.1, linux 4.16.13-2-ARCH on x64 at 06/13/18, 10:56:38:792      ║
[06/13/18, 10:56:38:796] info: ╚══════════════════════════════════════════════════════════════════════════════╝
[06/13/18, 10:56:38:873] info: Initializing local storage instance at path: /home/meach/.config/Slack/local-settings.json
[06/13/18, 10:56:39:110] error: Desktop module calls failed to load
{
  "error": {
    "message": "libCallsCore.so: cannot open shared object file: No such file or directory",
    "stack": "Error: libCallsCore.so: cannot open shared object file: No such file or directory\n    at process.module.(anonymous function) [as dlopen] (ELECTRON_ASAR.js:172:20)\n    at Object.Module._extensions..node (module.js:671:18)\n    at Object.module.(anonymous function) [as .node] (ELECTRON_ASAR.js:186:18)\n    at Module.load (module.js:561:32)\n    at tryModuleLoad (module.js:504:12)\n    at Function.Module._load (module.js:496:3)\n    at Module.require (module.js:586:17)\n    at require (internal/module.js:11:18)\n    at bindings (/usr/lib/slack/resources/app.asar/node_modules/@slack/slack-calls-prebuilt/modules/@slack/slack-calls/node_modules/bindings/bindings.js:81:44)\n    at Object.<anonymous> (/usr/lib/slack/resources/app.asar/node_modules/@slack/slack-calls-prebuilt/modules/@slack/slack-calls/index.js:1:192)"
  }
}
[06/13/18, 10:56:39:110] error: Desktop module calls failed to load
[06/13/18, 10:56:39:131] info: cld3::loadModule: loading cld3 module
[06/13/18, 10:56:39:153] info: cld3Loader::loadModule: running environment is NODE
[06/13/18, 10:56:39:153] info: cld3Loader::loadModule: constructed module object for runtime
[06/13/18, 10:56:39:244] info: cld3Loader::initializeRuntime: successfully initialized module
[06/13/18, 10:56:39:244] info: cld3Loader::loadModule: initialized wasm binary Runtime
[06/13/18, 10:56:39:253] info: SpellChecker:: updateSpellcheckerLanguage: Skip to set new language null, v2 spellchecker is not available
[06/13/18, 10:56:39:263] info: Main window preload script finished
{
  "readyTime": 696.49621
}
[06/13/18, 10:56:41:175] info: Store: UPSERT_WEB_CONTENTS
{
  "id": 3,
  "state": "loaded",
  "teamId": "T70J8333P"
}
[06/13/18, 10:56:42:520] info: Skipping request to provide hint content for channel for spellchecker
{
  "version": "V2"
}
[06/13/18, 10:56:42:671] info: Store: MAIN_WINDOW_SHOWN
[06/13/18, 10:56:42:806] info: Store: SET_FULL_SCREEN
[06/13/18, 10:56:42:806] info: Store: SET_FULL_SCREEN
[06/13/18, 10:56:42:806] info: Store: SET_FULL_SCREEN
[06/13/18, 10:56:43:151] info: Store: UPDATE_SESSION_STATUS
{
  "hasValidSession": true,
  "teamId": "T70J8333P"
}
[06/13/18, 10:56:43:325] info: postLoadTaskSetup: Desktop client fully loaded
{
  "loadedTime": 6458.312782
}
[06/13/18, 10:56:43:402] info: Store: SELECT_CHANNEL D712QSWTV
[06/13/18, 10:56:43:402] info: Store: UPDATE_TEAM_LOCALE
{
  "locale": "en-US"
}
[06/13/18, 10:56:43:403] info: Store: UPDATE_SETTINGS
{
  "locale": "en-US"
}
[06/13/18, 10:56:43:413] info: Store: SAVE_WINDOW_SETTINGS
{
  "isMaximized": false,
  "position": [
    15,
    15
  ],
  "size": [
    2530,
    1384
  ]
}
[06/13/18, 10:56:43:444] info: Store: UPDATE_TEAM_ICONS
{
  "icons": {
    "image_102": "https://slack-files2.s3-us-west-2.amazonaws.com/avatars/2017-09-08/238498482194_b1fd671c2dae558fbfa3_102.gif",
    "image_132": "https://slack-files2.s3-us-west-2.amazonaws.com/avatars/2017-09-08/238498482194_b1fd671c2dae558fbfa3_132.gif",
    "image_230": "https://slack-files2.s3-us-west-2.amazonaws.com/avatars/2017-09-08/238498482194_b1fd671c2dae558fbfa3_230.gif",
    "image_34": "https://slack-files2.s3-us-west-2.amazonaws.com/avatars/2017-09-08/238498482194_b1fd671c2dae558fbfa3_34.gif",
    "image_44": "https://slack-files2.s3-us-west-2.amazonaws.com/avatars/2017-09-08/238498482194_b1fd671c2dae558fbfa3_44.gif",
    "image_68": "https://slack-files2.s3-us-west-2.amazonaws.com/avatars/2017-09-08/238498482194_b1fd671c2dae558fbfa3_68.gif",
    "image_88": "https://slack-files2.s3-us-west-2.amazonaws.com/avatars/2017-09-08/238498482194_b1fd671c2dae558fbfa3_88.gif",
    "image_original": "https://slack-files2.s3-us-west-2.amazonaws.com/avatars/2017-09-08/238498482194_b1fd671c2dae558fbfa3_original.gif"
  },
  "teamId": "T70J8333P"
}
[06/13/18, 10:56:43:446] info: Store: UPDATE_TEAM_LOCALE
{
  "locale": "en-US",
  "teamId": "T70J8333P"
}
[06/13/18, 10:56:43:446] info: Store: UPSERT_WEB_CONTENTS
{
  "id": 3,
  "state": "webapp-loaded",
  "teamId": "T70J8333P"
}
[06/13/18, 10:56:43:462] info: Store: UPDATE_TEAM_THEME
{
  "teamId": "T70J8333P",
  "theme": {
    "active_item": "#4C9689",
    "active_item_text": "#FFFFFF",
    "active_presence": "#38978D",
    "badge": "#EB4D5C",
    "column_bg": "#4D394B",
    "hover_item": "#3E313C",
    "menu_bg": "#3E313C",
    "text_color": "#FFFFFF"
  }
}
[06/13/18, 10:56:43:607] info: Store: STORE_ENTERPRISE_ID_PAIR
{
  "enterpriseId": "",
  "teamId": "T70J8333P"
}
[06/13/18, 10:56:43:608] info: Store: STORE_API_TOKEN
{
  "teamId": "T70J8333P",
  "token": "xoxs-⋯"
}
[06/13/18, 10:56:44:068] info: postLoadTaskSetup: Setup spellchecker
{
  "version": "V2"
}
[06/13/18, 10:56:44:081] info: loadAsmModule: loading hunspell-asm module
[06/13/18, 10:56:44:246] info: loadAsmModule: asm module loaded successfully
[06/13/18, 10:56:44:246] info: SpellChecker: Starting spellchecker with language detector
[06/13/18, 10:56:44:246] info: SpellChecker::enableSpellCheckerLanguageDetector: enable spellchecker language detector
[06/13/18, 10:56:44:246] info: SpellChecker::startWithDictionary: Starting language detector with preloaded dict from last used language en
[06/13/18, 10:56:44:249] info: download: downloading dictionary for 'en-us'
[06/13/18, 10:56:44:249] info: fetchResourceAsBuffer: downloading
{
  "filePath": "https://spellcheck.slack-edge.com/dictionaries/en-us/1/en-us.aff",
  "cachePolicy": "default"
}
[06/13/18, 10:56:44:252] info: fetchResourceAsBuffer: downloading
{
  "filePath": "https://spellcheck.slack-edge.com/dictionaries/en-us/1/en-us.dic",
  "cachePolicy": "default"
}
[06/13/18, 10:56:44:255] info: dictionaryDownloader: verifying hash
[06/13/18, 10:56:44:286] info: SpellChecker::downloadDictionary: Dictionary is ready for 
{
  "language": "en"
}
[06/13/18, 10:56:44:323] info: assignSpellchecker: spellCheckerTable added new checker for 'en'
[06/13/18, 10:56:44:324] info: Store: SET_FULL_SCREEN
[06/13/18, 10:56:44:325] info: Store: SET_FULL_SCREEN
[06/13/18, 10:56:44:327] info: SpellChecker::prepareDictionary: Dictionary buffer for 'en' is loaded into spellchecker
[06/13/18, 10:56:44:327] info: switchDictionary: switching dictionary to check spell from 'null' to 'en'
[06/13/18, 10:56:44:328] info: SpellChecker::switchDictionary: SpellChecker enabled for language
{
  "language": "en"
}
[06/13/18, 10:56:44:455] info: Store: SET_FULL_SCREEN
[06/13/18, 10:56:44:457] info: Store: SET_FULL_SCREEN
[06/13/18, 10:56:49:516] info: Store: SAVE_WINDOW_SETTINGS
{
  "isMaximized": false,
  "position": [
    15,
    15
  ],
  "size": [
    1255,
    1384
  ]
}
[06/13/18, 10:56:51:406] info: Store: SET_FULL_SCREEN
[06/13/18, 10:56:53:329] info: Store: SET_FULL_SCREEN
[06/13/18, 10:56:53:330] info: Store: SET_FULL_SCREEN
[06/13/18, 10:56:54:148] info: Store: SET_FULL_SCREEN
[06/13/18, 10:56:54:148] info: Store: SET_FULL_SCREEN
[06/13/18, 11:07:36:866] info: Store: SET_FULL_SCREEN
[06/13/18, 11:07:38:334] info: Store: SET_FULL_SCREEN
[06/13/18, 11:07:38:335] info: Store: SET_FULL_SCREEN
[06/13/18, 11:07:39:465] info: Store: SET_FULL_SCREEN
[06/13/18, 11:07:39:735] info: Store: SET_FULL_SCREEN
[06/13/18, 11:07:46:471] info: Store: SET_FULL_SCREEN
[06/13/18, 11:07:48:172] info: Skipping request to provide hint content for channel for spellchecker
{
  "version": "V2"
}
[06/13/18, 11:07:48:224] info: Store: SELECT_CHANNEL D70F6V6BA
[06/13/18, 11:07:52:288] info: Store: SET_FULL_SCREEN
[06/13/18, 11:07:54:942] info: Store: SAVE_WINDOW_SETTINGS
{
  "isMaximized": false,
  "position": [
    15,
    15
  ],
  "size": [
    829,
    1384
  ]
}
[06/13/18, 11:13:33:862] info: Store: SAVE_WINDOW_SETTINGS
{
  "isMaximized": false,
  "position": [
    15,
    15
  ],
  "size": [
    1255,
    1384
  ]
}
[06/13/18, 11:23:29:830] info: Store: SET_FULL_SCREEN
[06/13/18, 11:23:30:124] info: Store: SET_FULL_SCREEN
[06/13/18, 11:23:30:126] info: Store: SET_FULL_SCREEN
[06/13/18, 11:23:36:582] info: Store: SET_FULL_SCREEN
[06/13/18, 11:23:37:052] info: Store: SET_FULL_SCREEN
[06/13/18, 11:23:37:054] info: Store: SET_FULL_SCREEN
[06/13/18, 11:23:37:478] info: Store: SET_FULL_SCREEN
[06/13/18, 11:23:38:520] info: Store: SET_FULL_SCREEN
[06/13/18, 11:23:38:521] info: Store: SET_FULL_SCREEN
[06/13/18, 11:32:33:326] info: Store: SET_FULL_SCREEN
[06/13/18, 11:32:36:118] info: Skipping request to provide hint content for channel for spellchecker
{
  "version": "V2"
}
[06/13/18, 11:32:36:169] info: Store: SELECT_CHANNEL CAJFPPJFN
[06/13/18, 11:33:37:645] error: Jun-13 11:33:37.645 file:FAY0TJXMZ (slurpFilesFromMessagesModern) has reactions in local model, but we are upserting an object that does NOT have reactions, which seems suspicious
[06/13/18, 11:33:51:856] info: Store: START_DOWNLOAD
{
  "id": "FAU850M3K",
  "teamId": "T70J8333P",
  "url": "[REDACTED]"
}
[06/13/18, 11:33:51:858] info: Store: UPDATE_DOWNLOAD
{
  "downloadState": "started",
  "id": "FAU850M3K",
  "teamId": "T70J8333P"
}
[06/13/18, 11:33:52:081] info: Store: UPDATE_DOWNLOAD
{
  "downloadPath": "[REDACTED]",
  "downloadState": "progressing",
  "id": "FAU850M3K",
  "requestState": null,
  "teamId": "T70J8333P"
}
[06/13/18, 11:33:52:088] info: Store: UPDATE_DOWNLOAD
{
  "id": "FAU850M3K",
  "isPaused": false,
  "progress": 0,
  "teamId": "T70J8333P"
}
[06/13/18, 11:33:52:152] info: Store: UPDATE_DOWNLOAD
{
  "id": "FAU850M3K",
  "isPaused": false,
  "progress": 0,
  "teamId": "T70J8333P"
}
[06/13/18, 11:33:52:153] info: Store: UPDATE_DOWNLOAD
{
  "id": "FAU850M3K",
  "isPaused": false,
  "progress": 1,
  "teamId": "T70J8333P"
}
[06/13/18, 11:33:52:154] info: Store: UPDATE_DOWNLOAD
{
  "id": "FAU850M3K",
  "isPaused": false,
  "progress": 1,
  "teamId": "T70J8333P"
}
[06/13/18, 11:33:52:155] info: Store: UPDATE_DOWNLOAD
{
  "id": "FAU850M3K",
  "isPaused": false,
  "progress": 1,
  "teamId": "T70J8333P"
}
[06/13/18, 11:33:52:156] info: Store: UPDATE_DOWNLOAD
{
  "downloadState": "completed",
  "endTime": 1528904032119,
  "id": "FAU850M3K",
  "requestState": null,
  "teamId": "T70J8333P"
}
[06/13/18, 11:33:52:211] info: Store: DOWNLOAD_NOTIFICATION
{
  "avatarImage": "",
  "body": "",
  "channel": "",
  "content": "[REDACTED]",
  "id": "T70J8333PFAU850M3K",
  "initials": "",
  "msg": "[REDACTED]",
  "silent": false,
  "sound": "confirm_delivery.mp3",
  "ssbFilename": "confirm_delivery.mp3",
  "subtitle": "",
  "teamId": "T70J8333P",
  "title": "Download complete",
  "type": 1
}
[06/13/18, 11:34:02:989] info: Store: OPEN_CONTEXT_MENU
{
  "id": 3,
  "params": "[REDACTED]"
}
[06/13/18, 11:34:21:420] info: Store: SET_FULL_SCREEN
[06/13/18, 11:34:22:131] info: Store: SAVE_WINDOW_SETTINGS
{
  "isMaximized": false,
  "position": [
    15,
    15
  ],
  "size": [
    615,
    1384
  ]
}
[06/13/18, 11:34:24:751] info: Store: SAVE_WINDOW_SETTINGS
{
  "isMaximized": false,
  "position": [
    15,
    15
  ],
  "size": [
    487,
    1384
  ]
}
[06/13/18, 11:34:30:671] info: Store: SAVE_WINDOW_SETTINGS
{
  "isMaximized": false,
  "position": [
    15,
    15
  ],
  "size": [
    829,
    1384
  ]
}
[06/13/18, 11:35:23:151] info: Store: SET_FULL_SCREEN
[06/13/18, 11:35:27:467] info: Store: OPEN_CONTEXT_MENU
{
  "id": 3,
  "params": "[REDACTED]"
}
[06/13/18, 11:35:29:141] info: Store: SET_FULL_SCREEN
[06/13/18, 11:40:34:262] info: Store: SAVE_WINDOW_SETTINGS
{
  "isMaximized": false,
  "position": [
    15,
    15
  ],
  "size": [
    829,
    1384
  ]
}
[06/13/18, 11:54:09:656] info: Store: SAVE_WINDOW_SETTINGS
{
  "isMaximized": false,
  "position": [
    15,
    15
  ],
  "size": [
    829,
    1410
  ]
}
[06/13/18, 12:00:38:709] info: Store: NEW_NOTIFICATION
{
  "avatarImage": "https://ca.slack-edge.com/T70J8333P-UALCP37LN-g2184b908b18-512",
  "channel": "DALCP3P2S",
  "content": "[REDACTED]",
  "id": "Qnq5S6hkWEX5wy8",
  "launchUri": "slack://channel?id=DALCP3P2S&message=1528905638.000588&team=T70J8333P",
  "msg": "1528905638.000588",
  "silent": true,
  "subtitle": "",
  "teamId": "T70J8333P",
  "title": "[REDACTED]"
}
[06/13/18, 12:00:51:120] info: Store: SAVE_WINDOW_SETTINGS
{
  "isMaximized": false,
  "position": [
    15,
    15
  ],
  "size": [
    829,
    1384
  ]
}
[06/13/18, 12:00:51:149] info: Store: SET_FULL_SCREEN
[06/13/18, 12:00:52:166] info: Skipping request to provide hint content for channel for spellchecker
{
  "version": "V2"
}
[06/13/18, 12:00:52:305] info: Store: SELECT_CHANNEL DALCP3P2S
[06/13/18, 12:00:54:948] info: Store: START_DOWNLOAD
{
  "id": "FB6R88R6F",
  "teamId": "T70J8333P",
  "url": "[REDACTED]"
}
[06/13/18, 12:00:54:949] info: Store: UPDATE_DOWNLOAD
{
  "downloadState": "started",
  "id": "FB6R88R6F",
  "teamId": "T70J8333P"
}
[06/13/18, 12:00:55:134] info: Store: UPDATE_DOWNLOAD
{
  "downloadPath": "[REDACTED]",
  "downloadState": "progressing",
  "id": "FB6R88R6F",
  "requestState": null,
  "teamId": "T70J8333P"
}
[06/13/18, 12:00:55:135] info: Store: UPDATE_DOWNLOAD
{
  "id": "FB6R88R6F",
  "isPaused": false,
  "progress": 0,
  "teamId": "T70J8333P"
}
[06/13/18, 12:00:55:146] info: Store: UPDATE_DOWNLOAD
{
  "id": "FB6R88R6F",
  "isPaused": false,
  "progress": 0,
  "teamId": "T70J8333P"
}
[06/13/18, 12:00:55:184] info: Store: UPDATE_DOWNLOAD
{
  "id": "FB6R88R6F",
  "isPaused": false,
  "progress": 1,
  "teamId": "T70J8333P"
}
[06/13/18, 12:00:55:184] info: Store: UPDATE_DOWNLOAD
{
  "id": "FB6R88R6F",
  "isPaused": false,
  "progress": 1,
  "teamId": "T70J8333P"
}
[06/13/18, 12:00:55:200] info: Store: UPDATE_DOWNLOAD
{
  "id": "FB6R88R6F",
  "isPaused": false,
  "progress": 1,
  "teamId": "T70J8333P"
}
[06/13/18, 12:00:55:201] info: Store: UPDATE_DOWNLOAD
{
  "downloadState": "completed",
  "endTime": 1528905655192,
  "id": "FB6R88R6F",
  "requestState": null,
  "teamId": "T70J8333P"
}
[06/13/18, 12:00:55:204] info: Store: DOWNLOAD_NOTIFICATION
{
  "avatarImage": "",
  "body": "",
  "channel": "",
  "content": "[REDACTED]",
  "id": "T70J8333PFB6R88R6F",
  "initials": "",
  "msg": "[REDACTED]",
  "silent": false,
  "sound": "confirm_delivery.mp3",
  "ssbFilename": "confirm_delivery.mp3",
  "subtitle": "",
  "teamId": "T70J8333P",
  "title": "Download complete",
  "type": 1
}
[06/13/18, 12:00:58:664] info: Store: SET_FULL_SCREEN
[06/13/18, 12:00:59:603] info: Store: SAVE_WINDOW_SETTINGS
{
  "isMaximized": false,
  "position": [
    15,
    15
  ],
  "size": [
    487,
    1384
  ]
}
[06/13/18, 12:01:01:754] info: Store: SAVE_WINDOW_SETTINGS
{
  "isMaximized": false,
  "position": [
    15,
    15
  ],
  "size": [
    615,
    1384
  ]
}
[06/13/18, 12:01:03:629] info: Store: SAVE_WINDOW_SETTINGS
{
  "isMaximized": false,
  "position": [
    15,
    15
  ],
  "size": [
    487,
    1384
  ]
}
[06/13/18, 12:01:05:388] info: Store: SAVE_WINDOW_SETTINGS
{
  "isMaximized": false,
  "position": [
    15,
    15
  ],
  "size": [
    615,
    1384
  ]
}
[06/13/18, 12:01:05:648] info: Store: SET_FULL_SCREEN
[06/13/18, 12:01:06:431] info: Store: SAVE_WINDOW_SETTINGS
{
  "isMaximized": false,
  "position": [
    15,
    15
  ],
  "size": [
    829,
    1384
  ]
}
[06/13/18, 12:01:08:765] info: Store: SET_FULL_SCREEN
[06/13/18, 12:01:08:767] info: Store: SET_FULL_SCREEN
[06/13/18, 12:01:22:570] info: Store: NEW_NOTIFICATION
{
  "avatarImage": "https://ca.slack-edge.com/T70J8333P-UALCP37LN-g2184b908b18-512",
  "channel": "DALCP3P2S",
  "content": "[REDACTED]",
  "id": "VAy0S2iJRKwN67q",
  "launchUri": "slack://channel?id=DALCP3P2S&message=1528905682.000324&team=T70J8333P",
  "msg": "1528905682.000324",
  "silent": true,
  "subtitle": "",
  "teamId": "T70J8333P",
  "title": "[REDACTED]"
}
[06/13/18, 12:03:15:511] info: Store: SAVE_WINDOW_SETTINGS
{
  "isMaximized": false,
  "position": [
    15,
    15
  ],
  "size": [
    701,
    1384
  ]
}
[06/13/18, 13:26:48:220] info: Store: SET_FULL_SCREEN
[06/13/18, 13:26:49:262] info: Store: SET_FULL_SCREEN
[06/13/18, 13:34:33:824] info: Store: SET_FULL_SCREEN
[06/13/18, 13:34:34:701] info: Store: SET_FULL_SCREEN
[06/13/18, 13:34:34:701] info: Store: SET_FULL_SCREEN
[06/13/18, 13:39:50:109] info: Store: SET_FULL_SCREEN
[06/13/18, 13:39:51:437] info: Store: SET_FULL_SCREEN
[06/13/18, 13:45:30:572] info: Store: SAVE_WINDOW_SETTINGS
{
  "isMaximized": false,
  "position": [
    15,
    15
  ],
  "size": [
    701,
    1410
  ]
}
[06/13/18, 13:48:58:847] info: Store: SAVE_WINDOW_SETTINGS
{
  "isMaximized": false,
  "position": [
    15,
    49
  ],
  "size": [
    701,
    1376
  ]
}
[06/13/18, 13:49:06:902] info: Store: SAVE_WINDOW_SETTINGS
{
  "isMaximized": false,
  "position": [
    15,
    15
  ],
  "size": [
    701,
    1410
  ]
}
[06/13/18, 13:51:47:227] info: Store: SAVE_WINDOW_SETTINGS
{
  "isMaximized": false,
  "position": [
    15,
    1455
  ],
  "size": [
    701,
    1410
  ]
}
[06/13/18, 13:52:05:604] info: Store: SAVE_WINDOW_SETTINGS
{
  "isMaximized": false,
  "position": [
    15,
    1455
  ],
  "size": [
    988,
    1410
  ]
}
[06/13/18, 13:52:07:853] info: Store: SAVE_WINDOW_SETTINGS
{
  "isMaximized": false,
  "position": [
    15,
    1455
  ],
  "size": [
    2530,
    1410
  ]
}
[06/13/18, 13:52:09:295] info: Store: SET_FULL_SCREEN
[06/13/18, 13:52:09:866] info: Store: SET_FULL_SCREEN
[06/13/18, 13:52:09:869] info: Store: SET_FULL_SCREEN
[06/13/18, 13:52:09:972] info: Store: SET_FULL_SCREEN
[06/13/18, 13:52:10:156] info: Store: SET_FULL_SCREEN
[06/13/18, 13:52:10:156] info: Store: SET_FULL_SCREEN
[06/13/18, 13:52:10:708] info: Store: SET_FULL_SCREEN
[06/13/18, 13:52:10:712] info: Store: SET_FULL_SCREEN
[06/13/18, 13:52:10:717] info: Store: SET_FULL_SCREEN
[06/13/18, 13:52:11:723] info: Store: SAVE_WINDOW_SETTINGS
{
  "isMaximized": false,
  "position": [
    15,
    15
  ],
  "size": [
    1255,
    1384
  ]
}
[06/13/18, 13:52:11:897] info: Store: SET_FULL_SCREEN
[06/13/18, 13:52:11:901] info: Store: SET_FULL_SCREEN
[06/13/18, 13:52:21:948] info: Store: SET_FULL_SCREEN
[06/13/18, 13:52:22:037] info: Store: SET_FULL_SCREEN
[06/13/18, 13:54:05:226] info: Store: SET_FULL_SCREEN
[06/13/18, 13:54:05:634] info: Store: SET_FULL_SCREEN
[06/13/18, 13:54:05:637] info: Store: SET_FULL_SCREEN
[06/13/18, 13:54:10:175] info: Store: SET_FULL_SCREEN
[06/13/18, 13:54:10:810] info: Store: SET_FULL_SCREEN
[06/13/18, 13:54:10:813] info: Store: SET_FULL_SCREEN
[06/13/18, 13:54:14:949] info: Store: SET_FULL_SCREEN
[06/13/18, 13:54:14:952] info: Store: SET_FULL_SCREEN
[06/13/18, 13:54:15:112] info: Store: SET_FULL_SCREEN
[06/13/18, 13:54:15:114] info: Store: SET_FULL_SCREEN
[06/13/18, 15:49:07:054] info: Store: SET_FULL_SCREEN
[06/13/18, 15:49:07:376] info: Store: SET_FULL_SCREEN
[06/13/18, 15:49:07:405] info: Store: SET_FULL_SCREEN
