[06/15/18, 09:51:27:657] info: ╔══════════════════════════════════════════════════════════════════════════════╗
[06/15/18, 09:51:27:658] info: ║      Slack 3.2.1, linux 4.16.13-2-ARCH on x64 at 06/15/18, 09:51:27:645      ║
[06/15/18, 09:51:27:658] info: ╚══════════════════════════════════════════════════════════════════════════════╝
[06/15/18, 09:51:27:819] info: Initializing local storage instance at path: /home/meach/.config/Slack/local-settings.json
[06/15/18, 09:51:28:594] error: Desktop module calls failed to load
{
  "error": {
    "message": "libCallsCore.so: cannot open shared object file: No such file or directory",
    "stack": "Error: libCallsCore.so: cannot open shared object file: No such file or directory\n    at process.module.(anonymous function) [as dlopen] (ELECTRON_ASAR.js:172:20)\n    at Object.Module._extensions..node (module.js:671:18)\n    at Object.module.(anonymous function) [as .node] (ELECTRON_ASAR.js:186:18)\n    at Module.load (module.js:561:32)\n    at tryModuleLoad (module.js:504:12)\n    at Function.Module._load (module.js:496:3)\n    at Module.require (module.js:586:17)\n    at require (internal/module.js:11:18)\n    at bindings (/usr/lib/slack/resources/app.asar/node_modules/@slack/slack-calls-prebuilt/modules/@slack/slack-calls/node_modules/bindings/bindings.js:81:44)\n    at Object.<anonymous> (/usr/lib/slack/resources/app.asar/node_modules/@slack/slack-calls-prebuilt/modules/@slack/slack-calls/index.js:1:192)"
  }
}
[06/15/18, 09:51:28:595] error: Desktop module calls failed to load
[06/15/18, 09:51:28:669] info: cld3::loadModule: loading cld3 module
[06/15/18, 09:51:28:716] info: cld3Loader::loadModule: running environment is NODE
[06/15/18, 09:51:28:716] info: cld3Loader::loadModule: constructed module object for runtime
[06/15/18, 09:51:29:011] info: cld3Loader::initializeRuntime: successfully initialized module
[06/15/18, 09:51:29:013] info: cld3Loader::loadModule: initialized wasm binary Runtime
[06/15/18, 09:51:29:049] info: SpellChecker:: updateSpellcheckerLanguage: Skip to set new language null, v2 spellchecker is not available
[06/15/18, 09:51:29:085] info: Main window preload script finished
{
  "readyTime": 1778.152019
}
[06/15/18, 09:51:33:935] info: Skipping request to provide hint content for channel for spellchecker
{
  "version": "V2"
}
[06/15/18, 09:51:34:433] info: Store: UPSERT_WEB_CONTENTS
{
  "id": 3,
  "state": "loaded",
  "teamId": "T70J8333P"
}
[06/15/18, 09:51:34:436] info: Store: MAIN_WINDOW_SHOWN
[06/15/18, 09:51:34:440] info: Store: SET_FULL_SCREEN
[06/15/18, 09:51:34:440] info: Store: SET_FULL_SCREEN
[06/15/18, 09:51:34:441] info: Store: SET_FULL_SCREEN
[06/15/18, 09:51:34:441] info: Store: UPDATE_SESSION_STATUS
{
  "hasValidSession": true,
  "teamId": "T70J8333P"
}
[06/15/18, 09:51:34:682] info: postLoadTaskSetup: Desktop client fully loaded
{
  "loadedTime": 10188.011208
}
[06/15/18, 09:51:34:770] info: Store: SELECT_CHANNEL D70F6V6BA
[06/15/18, 09:51:34:771] info: Store: UPDATE_TEAM_LOCALE
{
  "locale": "en-US"
}
[06/15/18, 09:51:34:771] info: Store: UPDATE_SETTINGS
{
  "locale": "en-US"
}
[06/15/18, 09:51:34:825] info: Store: UPDATE_TEAM_ICONS
{
  "icons": {
    "image_102": "https://slack-files2.s3-us-west-2.amazonaws.com/avatars/2017-09-08/238498482194_b1fd671c2dae558fbfa3_102.gif",
    "image_132": "https://slack-files2.s3-us-west-2.amazonaws.com/avatars/2017-09-08/238498482194_b1fd671c2dae558fbfa3_132.gif",
    "image_230": "https://slack-files2.s3-us-west-2.amazonaws.com/avatars/2017-09-08/238498482194_b1fd671c2dae558fbfa3_230.gif",
    "image_34": "https://slack-files2.s3-us-west-2.amazonaws.com/avatars/2017-09-08/238498482194_b1fd671c2dae558fbfa3_34.gif",
    "image_44": "https://slack-files2.s3-us-west-2.amazonaws.com/avatars/2017-09-08/238498482194_b1fd671c2dae558fbfa3_44.gif",
    "image_68": "https://slack-files2.s3-us-west-2.amazonaws.com/avatars/2017-09-08/238498482194_b1fd671c2dae558fbfa3_68.gif",
    "image_88": "https://slack-files2.s3-us-west-2.amazonaws.com/avatars/2017-09-08/238498482194_b1fd671c2dae558fbfa3_88.gif",
    "image_original": "https://slack-files2.s3-us-west-2.amazonaws.com/avatars/2017-09-08/238498482194_b1fd671c2dae558fbfa3_original.gif"
  },
  "teamId": "T70J8333P"
}
[06/15/18, 09:51:34:826] info: Store: UPDATE_TEAM_LOCALE
{
  "locale": "en-US",
  "teamId": "T70J8333P"
}
[06/15/18, 09:51:34:828] info: Store: UPSERT_WEB_CONTENTS
{
  "id": 3,
  "state": "webapp-loaded",
  "teamId": "T70J8333P"
}
[06/15/18, 09:51:34:947] info: Store: SET_FULL_SCREEN
[06/15/18, 09:51:35:141] info: Store: UPDATE_TEAM_THEME
{
  "teamId": "T70J8333P",
  "theme": {
    "active_item": "#4C9689",
    "active_item_text": "#FFFFFF",
    "active_presence": "#38978D",
    "badge": "#EB4D5C",
    "column_bg": "#4D394B",
    "hover_item": "#3E313C",
    "menu_bg": "#3E313C",
    "text_color": "#FFFFFF"
  }
}
[06/15/18, 09:51:35:142] info: Store: STORE_ENTERPRISE_ID_PAIR
{
  "enterpriseId": "",
  "teamId": "T70J8333P"
}
[06/15/18, 09:51:35:142] info: Store: STORE_API_TOKEN
{
  "teamId": "T70J8333P",
  "token": "xoxs-⋯"
}
[06/15/18, 09:51:35:469] info: postLoadTaskSetup: Setup spellchecker
{
  "version": "V2"
}
[06/15/18, 09:51:35:484] info: loadAsmModule: loading hunspell-asm module
[06/15/18, 09:51:35:709] info: loadAsmModule: asm module loaded successfully
[06/15/18, 09:51:35:709] info: SpellChecker: Starting spellchecker with language detector
[06/15/18, 09:51:35:709] info: SpellChecker::enableSpellCheckerLanguageDetector: enable spellchecker language detector
[06/15/18, 09:51:35:709] info: SpellChecker::startWithDictionary: Starting language detector with preloaded dict from last used language en
[06/15/18, 09:51:35:715] info: download: downloading dictionary for 'en-us'
[06/15/18, 09:51:35:715] info: fetchResourceAsBuffer: downloading
{
  "filePath": "https://spellcheck.slack-edge.com/dictionaries/en-us/1/en-us.aff",
  "cachePolicy": "default"
}
[06/15/18, 09:51:35:719] info: fetchResourceAsBuffer: downloading
{
  "filePath": "https://spellcheck.slack-edge.com/dictionaries/en-us/1/en-us.dic",
  "cachePolicy": "default"
}
[06/15/18, 09:51:35:724] info: dictionaryDownloader: verifying hash
[06/15/18, 09:51:35:754] info: SpellChecker::downloadDictionary: Dictionary is ready for 
{
  "language": "en"
}
[06/15/18, 09:51:35:798] info: assignSpellchecker: spellCheckerTable added new checker for 'en'
[06/15/18, 09:51:35:800] info: Store: SAVE_WINDOW_SETTINGS
{
  "isMaximized": false,
  "position": [
    864,
    15
  ],
  "size": [
    833,
    1378
  ]
}
[06/15/18, 09:51:35:820] info: SpellChecker::prepareDictionary: Dictionary buffer for 'en' is loaded into spellchecker
[06/15/18, 09:51:35:821] info: switchDictionary: switching dictionary to check spell from 'null' to 'en'
[06/15/18, 09:51:35:822] info: SpellChecker::switchDictionary: SpellChecker enabled for language
{
  "language": "en"
}
[06/15/18, 09:51:44:447] info: Store: SET_FULL_SCREEN
[06/15/18, 09:51:45:306] info: Store: SAVE_WINDOW_SETTINGS
{
  "isMaximized": false,
  "position": [
    1290,
    15
  ],
  "size": [
    1255,
    1378
  ]
}
[06/15/18, 09:51:48:715] info: Store: SET_FULL_SCREEN
[06/15/18, 09:52:38:707] info: Store: SAVE_WINDOW_SETTINGS
{
  "isMaximized": false,
  "position": [
    1290,
    15
  ],
  "size": [
    1255,
    1410
  ]
}
[06/15/18, 09:54:43:872] info: Store: SAVE_WINDOW_SETTINGS
{
  "isMaximized": false,
  "position": [
    1290,
    15
  ],
  "size": [
    1255,
    1378
  ]
}
[06/15/18, 10:15:53:204] info: Store: SAVE_WINDOW_SETTINGS
{
  "isMaximized": false,
  "position": [
    1290,
    15
  ],
  "size": [
    1255,
    1410
  ]
}
[06/15/18, 10:19:41:454] info: Store: SAVE_WINDOW_SETTINGS
{
  "isMaximized": false,
  "position": [
    1290,
    15
  ],
  "size": [
    1255,
    1378
  ]
}
[06/15/18, 10:19:50:831] info: Store: SAVE_WINDOW_SETTINGS
{
  "isMaximized": false,
  "position": [
    1717,
    15
  ],
  "size": [
    828,
    1378
  ]
}
[06/15/18, 10:19:59:004] info: Store: SAVE_WINDOW_SETTINGS
{
  "isMaximized": false,
  "position": [
    1290,
    15
  ],
  "size": [
    1255,
    1378
  ]
}
[06/15/18, 10:20:04:137] info: Store: SET_FULL_SCREEN
[06/15/18, 10:20:04:414] info: Store: SET_FULL_SCREEN
[06/15/18, 10:32:17:440] info: Store: SET_FULL_SCREEN
[06/15/18, 10:32:17:985] info: Store: SET_FULL_SCREEN
[06/15/18, 10:56:50:452] info: Store: SAVE_WINDOW_SETTINGS
{
  "isMaximized": false,
  "position": [
    1290,
    15
  ],
  "size": [
    1255,
    1410
  ]
}
[06/15/18, 10:59:47:850] info: Store: SAVE_WINDOW_SETTINGS
{
  "isMaximized": false,
  "position": [
    1290,
    15
  ],
  "size": [
    1255,
    1378
  ]
}
[06/15/18, 10:59:55:886] info: Store: SET_FULL_SCREEN
[06/15/18, 10:59:55:892] info: Store: SET_FULL_SCREEN
[06/15/18, 11:01:02:309] info: Store: SAVE_WINDOW_SETTINGS
{
  "isMaximized": false,
  "position": [
    1290,
    15
  ],
  "size": [
    1255,
    1378
  ]
}
[06/15/18, 11:20:59:116] info: Store: SET_FULL_SCREEN
[06/15/18, 11:20:59:583] info: Store: SET_FULL_SCREEN
[06/15/18, 11:20:59:584] info: Store: SET_FULL_SCREEN
[06/15/18, 11:21:01:011] info: Store: SET_FULL_SCREEN
[06/15/18, 11:21:01:196] info: Store: SET_FULL_SCREEN
[06/15/18, 11:21:01:200] info: Store: SET_FULL_SCREEN
[06/15/18, 11:21:01:554] info: Store: SET_FULL_SCREEN
[06/15/18, 11:21:01:719] info: Store: SET_FULL_SCREEN
[06/15/18, 11:21:01:721] info: Store: SET_FULL_SCREEN
[06/15/18, 11:21:01:899] info: Store: SET_FULL_SCREEN
[06/15/18, 11:21:02:301] info: Store: SET_FULL_SCREEN
[06/15/18, 11:21:02:302] info: Store: SET_FULL_SCREEN
[06/15/18, 11:22:06:059] info: Store: SAVE_WINDOW_SETTINGS
{
  "isMaximized": false,
  "position": [
    1292,
    24
  ],
  "size": [
    1244,
    1392
  ]
}
[06/15/18, 11:22:16:199] info: Store: SET_FULL_SCREEN
[06/15/18, 11:22:17:070] info: Store: SET_FULL_SCREEN
[06/15/18, 11:22:17:082] info: Store: SET_FULL_SCREEN
[06/15/18, 11:22:17:143] info: Store: SAVE_WINDOW_SETTINGS
{
  "isMaximized": false,
  "position": [
    1292,
    24
  ],
  "size": [
    1244,
    1360
  ]
}
[06/15/18, 11:25:00:980] info: Store: NEW_NOTIFICATION
{
  "avatarImage": "https://ca.slack-edge.com/T70J8333P-U704DTS8H-af0e94182864-512",
  "channel": "CAJFPPJFN",
  "content": "[REDACTED]",
  "id": "1AgfphXZ0vgj78",
  "launchUri": "slack://channel?id=CAJFPPJFN&message=1529076300.000783&team=T70J8333P",
  "msg": "1529076300.000783",
  "silent": true,
  "subtitle": "",
  "teamId": "T70J8333P",
  "title": "[REDACTED]"
}
[06/15/18, 11:25:26:667] info: Store: NEW_NOTIFICATION
{
  "avatarImage": "https://ca.slack-edge.com/T70J8333P-UAJUXS849-9dd4781ca676-512",
  "channel": "CAJFPPJFN",
  "content": "[REDACTED]",
  "id": "OBWtNir1G44jjg",
  "launchUri": "slack://channel?id=CAJFPPJFN&message=1529076326.000514&team=T70J8333P",
  "msg": "1529076326.000514",
  "silent": true,
  "subtitle": "",
  "teamId": "T70J8333P",
  "title": "[REDACTED]"
}
[06/15/18, 11:25:31:511] info: Store: SET_FULL_SCREEN
[06/15/18, 11:25:33:650] info: Skipping request to provide hint content for channel for spellchecker
{
  "version": "V2"
}
[06/15/18, 11:25:33:738] info: Store: SELECT_CHANNEL CAJFPPJFN
[06/15/18, 11:25:56:970] info: Store: SET_FULL_SCREEN
[06/15/18, 11:25:56:971] info: Store: SET_FULL_SCREEN
[06/15/18, 11:26:02:921] info: Store: SET_FULL_SCREEN
[06/15/18, 11:26:02:921] info: Store: SET_FULL_SCREEN
[06/15/18, 11:26:04:441] info: Store: SET_FULL_SCREEN
[06/15/18, 11:29:45:541] info: Store: SET_FULL_SCREEN
[06/15/18, 11:29:45:542] info: Store: SET_FULL_SCREEN
[06/15/18, 11:29:45:542] info: Store: SET_FULL_SCREEN
[06/15/18, 11:29:45:542] info: Store: SET_FULL_SCREEN
[06/15/18, 11:29:45:542] info: Store: SET_FULL_SCREEN
[06/15/18, 11:29:45:543] info: Store: SET_FULL_SCREEN
[06/15/18, 11:29:45:543] info: Store: SET_FULL_SCREEN
[06/15/18, 11:29:45:543] info: Store: SET_FULL_SCREEN
[06/15/18, 11:29:45:543] info: Store: SET_FULL_SCREEN
[06/15/18, 11:29:45:543] info: Store: SET_FULL_SCREEN
[06/15/18, 11:29:45:544] info: Store: SET_FULL_SCREEN
[06/15/18, 11:29:45:544] info: Store: SET_FULL_SCREEN
[06/15/18, 11:29:45:544] info: Store: SET_FULL_SCREEN
[06/15/18, 11:29:46:426] info: Store: SAVE_WINDOW_SETTINGS
{
  "isMaximized": false,
  "position": [
    24,
    24
  ],
  "size": [
    2512,
    1360
  ]
}
[06/15/18, 11:29:46:636] info: Store: SET_FULL_SCREEN
[06/15/18, 11:29:46:637] info: Store: SET_FULL_SCREEN
[06/15/18, 11:29:46:638] info: Store: SET_FULL_SCREEN
[06/15/18, 11:29:52:953] info: Store: FOREGROUND_APP
[06/15/18, 11:29:53:962] info: Store: SAVE_WINDOW_SETTINGS
{
  "isMaximized": false,
  "position": [
    24,
    24
  ],
  "size": [
    2512,
    1360
  ]
}
[06/15/18, 11:29:58:372] info: Store: SET_FULL_SCREEN
[06/15/18, 11:29:58:373] info: Store: SET_FULL_SCREEN
[06/15/18, 11:29:59:676] info: Store: SET_FULL_SCREEN
[06/15/18, 11:30:21:535] info: Store: SAVE_WINDOW_SETTINGS
{
  "isMaximized": false,
  "position": [
    24,
    24
  ],
  "size": [
    2512,
    1360
  ]
}
[06/15/18, 11:30:22:541] info: Store: SET_FULL_SCREEN
[06/15/18, 11:30:24:021] info: Store: SET_FULL_SCREEN
[06/15/18, 11:30:24:021] info: Store: SET_FULL_SCREEN
[06/15/18, 11:30:24:022] info: Store: SET_FULL_SCREEN
[06/15/18, 11:30:26:815] info: Store: FOREGROUND_APP
[06/15/18, 11:30:27:821] info: Store: SAVE_WINDOW_SETTINGS
{
  "isMaximized": false,
  "position": [
    24,
    24
  ],
  "size": [
    2512,
    1360
  ]
}
[06/15/18, 11:30:36:629] info: Store: SET_FULL_SCREEN
[06/15/18, 11:30:36:761] info: Store: SAVE_WINDOW_SETTINGS
{
  "isMaximized": false,
  "position": [
    24,
    24
  ],
  "size": [
    1244,
    1360
  ]
}
[06/15/18, 11:30:37:473] info: Store: SET_FULL_SCREEN
[06/15/18, 11:30:37:475] info: Store: SET_FULL_SCREEN
[06/15/18, 11:30:37:813] info: Store: SET_FULL_SCREEN
[06/15/18, 11:30:37:815] info: Store: SET_FULL_SCREEN
[06/15/18, 11:30:37:816] info: Store: SET_FULL_SCREEN
[06/15/18, 11:30:38:885] info: Store: SET_FULL_SCREEN
[06/15/18, 11:30:38:886] info: Store: SET_FULL_SCREEN
[06/15/18, 11:30:39:294] info: Store: SET_FULL_SCREEN
[06/15/18, 11:30:39:296] info: Store: SET_FULL_SCREEN
[06/15/18, 11:30:39:297] info: Store: SET_FULL_SCREEN
[06/15/18, 11:30:39:851] info: Store: SET_FULL_SCREEN
[06/15/18, 11:30:39:854] info: Store: SET_FULL_SCREEN
[06/15/18, 11:30:40:538] info: Store: SET_FULL_SCREEN
[06/15/18, 11:30:40:539] info: Store: SET_FULL_SCREEN
[06/15/18, 11:30:40:540] info: Store: SET_FULL_SCREEN
[06/15/18, 11:30:41:224] info: Store: SET_FULL_SCREEN
[06/15/18, 11:30:41:998] info: Store: SET_FULL_SCREEN
[06/15/18, 11:30:42:144] info: Store: SET_FULL_SCREEN
[06/15/18, 11:30:42:147] info: Store: SET_FULL_SCREEN
[06/15/18, 11:32:29:154] info: Store: SET_FULL_SCREEN
[06/15/18, 11:32:29:155] info: Store: SET_FULL_SCREEN
[06/15/18, 11:32:30:092] info: Store: SET_FULL_SCREEN
[06/15/18, 11:32:31:135] info: Store: SET_FULL_SCREEN
[06/15/18, 11:32:31:136] info: Store: SET_FULL_SCREEN
[06/15/18, 11:32:31:136] info: Store: SET_FULL_SCREEN
[06/15/18, 11:32:31:136] info: Store: SET_FULL_SCREEN
[06/15/18, 11:32:31:137] info: Store: SET_FULL_SCREEN
[06/15/18, 11:32:31:137] info: Store: SET_FULL_SCREEN
[06/15/18, 11:32:31:137] info: Store: SET_FULL_SCREEN
[06/15/18, 11:32:31:137] info: Store: SET_FULL_SCREEN
[06/15/18, 11:32:31:138] info: Store: SET_FULL_SCREEN
[06/15/18, 11:32:31:138] info: Store: SET_FULL_SCREEN
[06/15/18, 11:32:31:138] info: Store: SET_FULL_SCREEN
[06/15/18, 11:32:31:139] info: Store: SET_FULL_SCREEN
[06/15/18, 11:32:31:139] info: Store: SET_FULL_SCREEN
[06/15/18, 11:32:31:190] info: Store: SET_FULL_SCREEN
[06/15/18, 11:32:31:190] info: Store: SET_FULL_SCREEN
[06/15/18, 11:32:31:191] info: Store: SET_FULL_SCREEN
[06/15/18, 11:32:31:935] info: Store: SAVE_WINDOW_SETTINGS
{
  "isMaximized": false,
  "position": [
    24,
    24
  ],
  "size": [
    2512,
    1360
  ]
}
[06/15/18, 16:56:14:334] info: ╔══════════════════════════════════════════════════════════════════════════════╗
[06/15/18, 16:56:14:336] info: ║      Slack 3.2.1, linux 4.16.13-2-ARCH on x64 at 06/15/18, 16:56:14:329      ║
[06/15/18, 16:56:14:337] info: ╚══════════════════════════════════════════════════════════════════════════════╝
[06/15/18, 16:56:14:586] info: Initializing local storage instance at path: /home/meach/.config/Slack/local-settings.json
[06/15/18, 16:56:14:847] info: NetworkStatus: Waiting for network online…
[06/15/18, 16:56:15:284] info: Don't start background client because T70J8333P is selected team
[06/15/18, 16:56:15:286] info: Store: BACKGROUND_CLIENTS_INITIALIZED
[06/15/18, 16:56:15:295] info: Store: BACKGROUND_CLIENTS_INITIALIZED true
[06/15/18, 16:56:15:361] info: NetworkStatus: Response from api.test
{
  "status": "online"
}
[06/15/18, 16:56:16:553] info: Store: SET_NETWORK_STATUS online
[06/15/18, 16:56:19:396] info: Store: UPSERT_WEB_CONTENTS
{
  "id": 3,
  "state": "loaded",
  "teamId": "T70J8333P"
}
[06/15/18, 16:56:19:402] info: Store: MAIN_WINDOW_SHOWN
[06/15/18, 16:56:19:583] info: Store: UPDATE_SESSION_STATUS
{
  "hasValidSession": true,
  "teamId": "T70J8333P"
}
[06/15/18, 16:56:19:997] info: Store: SELECT_CHANNEL CAJFPPJFN
[06/15/18, 16:56:20:000] info: Store: UPDATE_TEAM_LOCALE
{
  "locale": "en-US",
  "teamId": "T70J8333P"
}
[06/15/18, 16:56:20:001] info: Store: UPDATE_SETTINGS
{
  "locale": "en-US"
}
[06/15/18, 16:56:20:005] info: Store: UPDATE_TEAM_THEME
{
  "teamId": "T70J8333P",
  "theme": {
    "active_item": "#4C9689",
    "active_item_text": "#FFFFFF",
    "active_presence": "#38978D",
    "badge": "#EB4D5C",
    "column_bg": "#4D394B",
    "hover_item": "#3E313C",
    "menu_bg": "#3E313C",
    "text_color": "#FFFFFF"
  }
}
[06/15/18, 16:56:20:410] info: Store: SAVE_WINDOW_SETTINGS
{
  "isMaximized": false,
  "position": [
    1292,
    24
  ],
  "size": [
    1244,
    1360
  ]
}
[06/15/18, 16:56:20:678] info: Store: UPDATE_TEAM_ICONS
{
  "icons": {
    "image_102": "https://slack-files2.s3-us-west-2.amazonaws.com/avatars/2017-09-08/238498482194_b1fd671c2dae558fbfa3_102.gif",
    "image_132": "https://slack-files2.s3-us-west-2.amazonaws.com/avatars/2017-09-08/238498482194_b1fd671c2dae558fbfa3_132.gif",
    "image_230": "https://slack-files2.s3-us-west-2.amazonaws.com/avatars/2017-09-08/238498482194_b1fd671c2dae558fbfa3_230.gif",
    "image_34": "https://slack-files2.s3-us-west-2.amazonaws.com/avatars/2017-09-08/238498482194_b1fd671c2dae558fbfa3_34.gif",
    "image_44": "https://slack-files2.s3-us-west-2.amazonaws.com/avatars/2017-09-08/238498482194_b1fd671c2dae558fbfa3_44.gif",
    "image_68": "https://slack-files2.s3-us-west-2.amazonaws.com/avatars/2017-09-08/238498482194_b1fd671c2dae558fbfa3_68.gif",
    "image_88": "https://slack-files2.s3-us-west-2.amazonaws.com/avatars/2017-09-08/238498482194_b1fd671c2dae558fbfa3_88.gif",
    "image_original": "https://slack-files2.s3-us-west-2.amazonaws.com/avatars/2017-09-08/238498482194_b1fd671c2dae558fbfa3_original.gif"
  },
  "teamId": "T70J8333P"
}
[06/15/18, 16:56:20:844] info: Store: UPDATE_TEAM_LOCALE
{
  "locale": "en-US",
  "teamId": "T70J8333P"
}
[06/15/18, 16:56:20:851] info: Store: UPSERT_WEB_CONTENTS
{
  "id": 3,
  "state": "webapp-loaded",
  "teamId": "T70J8333P"
}
[06/15/18, 16:56:21:004] info: Store: STORE_ENTERPRISE_ID_PAIR
{
  "enterpriseId": "",
  "teamId": "T70J8333P"
}
[06/15/18, 16:56:21:005] info: Store: STORE_API_TOKEN
{
  "teamId": "T70J8333P",
  "token": "xoxs-⋯"
}
[06/15/18, 17:43:52:492] info: Store: SET_SUSPEND_STATUS
[06/15/18, 17:50:43:584] info: Store: SET_NETWORK_STATUS offline
[06/15/18, 17:52:26:972] info: Store: SAVE_WINDOW_SETTINGS
{
  "isMaximized": false,
  "position": [
    1292,
    24
  ],
  "size": [
    1244,
    1392
  ]
}
