[06/15/18, 22:12:10:025] info: ╔══════════════════════════════════════════════════════════════════════════════╗
[06/15/18, 22:12:10:026] info: ║      Slack 3.2.1, linux 4.16.13-2-ARCH on x64 at 06/15/18, 22:12:10:022      ║
[06/15/18, 22:12:10:026] info: ╚══════════════════════════════════════════════════════════════════════════════╝
[06/15/18, 22:12:10:221] info: Initializing local storage instance at path: /home/meach/.config/Slack/local-settings.json
[06/15/18, 22:12:10:378] info: NetworkStatus: Waiting for network online…
[06/15/18, 22:12:10:614] info: Don't start background client because T70J8333P is selected team
[06/15/18, 22:12:10:655] info: Store: BACKGROUND_CLIENTS_INITIALIZED
[06/15/18, 22:12:10:658] info: Store: BACKGROUND_CLIENTS_INITIALIZED true
[06/15/18, 22:12:10:713] info: NetworkStatus: Response from api.test
{
  "status": "online"
}
[06/15/18, 22:12:11:116] info: Store: SET_NETWORK_STATUS online
[06/15/18, 22:12:14:502] info: Store: UPSERT_WEB_CONTENTS
{
  "id": 3,
  "state": "loaded",
  "teamId": "T70J8333P"
}
[06/15/18, 22:12:14:507] info: Store: MAIN_WINDOW_SHOWN
[06/15/18, 22:12:14:696] info: Store: UPDATE_SESSION_STATUS
{
  "hasValidSession": true,
  "teamId": "T70J8333P"
}
[06/15/18, 22:12:15:415] info: Store: SELECT_CHANNEL CAJFPPJFN
[06/15/18, 22:12:15:418] info: Store: UPDATE_TEAM_LOCALE
{
  "locale": "en-US"
}
[06/15/18, 22:12:15:420] info: Store: UPDATE_SETTINGS
{
  "locale": "en-US"
}
[06/15/18, 22:12:15:520] info: Store: SAVE_WINDOW_SETTINGS
{
  "isMaximized": false,
  "position": [
    1292,
    24
  ],
  "size": [
    1244,
    1360
  ]
}
[06/15/18, 22:12:16:882] info: Store: UPDATE_TEAM_ICONS
{
  "icons": {
    "image_102": "https://slack-files2.s3-us-west-2.amazonaws.com/avatars/2017-09-08/238498482194_b1fd671c2dae558fbfa3_102.gif",
    "image_132": "https://slack-files2.s3-us-west-2.amazonaws.com/avatars/2017-09-08/238498482194_b1fd671c2dae558fbfa3_132.gif",
    "image_230": "https://slack-files2.s3-us-west-2.amazonaws.com/avatars/2017-09-08/238498482194_b1fd671c2dae558fbfa3_230.gif",
    "image_34": "https://slack-files2.s3-us-west-2.amazonaws.com/avatars/2017-09-08/238498482194_b1fd671c2dae558fbfa3_34.gif",
    "image_44": "https://slack-files2.s3-us-west-2.amazonaws.com/avatars/2017-09-08/238498482194_b1fd671c2dae558fbfa3_44.gif",
    "image_68": "https://slack-files2.s3-us-west-2.amazonaws.com/avatars/2017-09-08/238498482194_b1fd671c2dae558fbfa3_68.gif",
    "image_88": "https://slack-files2.s3-us-west-2.amazonaws.com/avatars/2017-09-08/238498482194_b1fd671c2dae558fbfa3_88.gif",
    "image_original": "https://slack-files2.s3-us-west-2.amazonaws.com/avatars/2017-09-08/238498482194_b1fd671c2dae558fbfa3_original.gif"
  },
  "teamId": "T70J8333P"
}
[06/15/18, 22:12:17:101] info: Store: UPDATE_TEAM_LOCALE
{
  "locale": "en-US",
  "teamId": "T70J8333P"
}
[06/15/18, 22:12:17:114] info: Store: UPSERT_WEB_CONTENTS
{
  "id": 3,
  "state": "webapp-loaded",
  "teamId": "T70J8333P"
}
[06/15/18, 22:12:17:280] info: Store: UPDATE_TEAM_THEME
{
  "teamId": "T70J8333P",
  "theme": {
    "active_item": "#4C9689",
    "active_item_text": "#FFFFFF",
    "active_presence": "#38978D",
    "badge": "#EB4D5C",
    "column_bg": "#4D394B",
    "hover_item": "#3E313C",
    "menu_bg": "#3E313C",
    "text_color": "#FFFFFF"
  }
}
[06/15/18, 22:12:17:369] info: Store: STORE_ENTERPRISE_ID_PAIR
{
  "enterpriseId": "",
  "teamId": "T70J8333P"
}
[06/15/18, 22:12:17:371] info: Store: STORE_API_TOKEN
{
  "teamId": "T70J8333P",
  "token": "xoxs-⋯"
}
[06/15/18, 22:21:20:668] info: Store: SET_FULL_SCREEN
[06/15/18, 22:21:21:343] info: Store: SELECT_CHANNEL D71AT5NQG
[06/15/18, 22:21:26:728] info: Store: SET_FULL_SCREEN
[06/15/18, 22:21:26:733] info: Store: SET_FULL_SCREEN
[06/15/18, 22:21:26:736] info: Store: SET_FULL_SCREEN
[06/15/18, 22:21:28:909] info: Store: FOREGROUND_APP
[06/15/18, 22:21:28:913] info: Store: SET_FULL_SCREEN
[06/15/18, 22:21:29:917] info: Store: SAVE_WINDOW_SETTINGS
{
  "isMaximized": false,
  "position": [
    24,
    24
  ],
  "size": [
    2512,
    1360
  ]
}
[06/15/18, 22:21:31:581] info: Store: SET_FULL_SCREEN
[06/15/18, 22:21:31:585] info: Store: SET_FULL_SCREEN
[06/15/18, 22:21:31:587] info: Store: SET_FULL_SCREEN
[06/15/18, 22:21:33:625] info: Store: FOREGROUND_APP
[06/15/18, 22:21:33:636] info: Store: SET_FULL_SCREEN
[06/15/18, 22:21:34:160] info: Store: SET_FULL_SCREEN
[06/15/18, 22:21:34:163] info: Store: SET_FULL_SCREEN
[06/15/18, 22:21:34:311] info: Store: SET_FULL_SCREEN
[06/15/18, 22:21:34:313] info: Store: SET_FULL_SCREEN
[06/15/18, 22:21:37:267] info: Store: SAVE_WINDOW_SETTINGS
{
  "isMaximized": false,
  "position": [
    24,
    24
  ],
  "size": [
    1244,
    1360
  ]
}
[06/15/18, 22:21:49:926] info: Store: SAVE_WINDOW_SETTINGS
{
  "isMaximized": false,
  "position": [
    24,
    24
  ],
  "size": [
    818,
    1360
  ]
}
[06/15/18, 22:21:50:133] info: Store: SET_FULL_SCREEN
[06/15/18, 22:21:51:018] info: Store: SET_FULL_SCREEN
[06/15/18, 22:21:51:022] info: Store: SET_FULL_SCREEN
[06/15/18, 22:21:54:388] info: Store: SET_FULL_SCREEN
[06/15/18, 22:21:54:500] info: Store: SAVE_WINDOW_SETTINGS
{
  "isMaximized": false,
  "position": [
    24,
    24
  ],
  "size": [
    1244,
    668
  ]
}
[06/15/18, 22:21:54:777] info: Store: SET_FULL_SCREEN
[06/15/18, 22:21:54:784] info: Store: SET_FULL_SCREEN
[06/15/18, 22:21:55:185] info: Store: SET_FULL_SCREEN
[06/15/18, 22:21:55:614] info: Store: SET_FULL_SCREEN
[06/15/18, 22:21:55:617] info: Store: SET_FULL_SCREEN
[06/15/18, 22:21:55:903] info: Store: SET_FULL_SCREEN
[06/15/18, 22:21:56:571] info: Store: SET_FULL_SCREEN
[06/15/18, 22:21:56:575] info: Store: SET_FULL_SCREEN
[06/15/18, 22:23:21:576] info: Store: SET_FULL_SCREEN
[06/15/18, 22:23:21:907] info: Store: SET_FULL_SCREEN
[06/15/18, 22:23:21:911] info: Store: SET_FULL_SCREEN
[06/15/18, 22:23:24:551] info: Store: SET_FULL_SCREEN
[06/15/18, 22:23:25:078] info: Store: SET_FULL_SCREEN
[06/15/18, 22:23:25:081] info: Store: SET_FULL_SCREEN
[06/15/18, 22:23:25:089] info: Store: SET_FULL_SCREEN
[06/15/18, 22:25:36:768] info: Store: FOREGROUND_APP
[06/15/18, 22:25:36:775] info: Store: SET_FULL_SCREEN
[06/15/18, 22:25:37:774] info: Store: SAVE_WINDOW_SETTINGS
{
  "isMaximized": false,
  "position": [
    24,
    951
  ],
  "size": [
    2512,
    433
  ]
}
[06/15/18, 22:25:38:662] info: Store: SET_FULL_SCREEN
[06/15/18, 22:25:38:665] info: Store: SET_FULL_SCREEN
[06/15/18, 22:25:39:554] info: Store: SET_FULL_SCREEN
[06/15/18, 22:25:40:395] info: Store: SET_FULL_SCREEN
[06/15/18, 22:25:40:398] info: Store: SET_FULL_SCREEN
[06/15/18, 22:25:40:421] info: Store: SET_FULL_SCREEN
[06/15/18, 22:25:43:992] info: Store: FOREGROUND_APP
[06/15/18, 22:25:44:001] info: Store: SET_FULL_SCREEN
[06/15/18, 22:25:45:136] info: Store: SET_FULL_SCREEN
[06/15/18, 22:25:45:139] info: Store: SET_FULL_SCREEN
[06/15/18, 22:25:45:927] info: Store: SET_FULL_SCREEN
[06/15/18, 22:25:46:161] info: Store: SET_FULL_SCREEN
[06/15/18, 22:25:46:164] info: Store: SET_FULL_SCREEN
[06/15/18, 22:25:46:933] info: Store: SET_FULL_SCREEN
[06/15/18, 22:25:47:464] info: Store: SET_FULL_SCREEN
[06/15/18, 22:25:47:467] info: Store: SET_FULL_SCREEN
[06/15/18, 22:25:47:589] info: Store: SET_FULL_SCREEN
[06/15/18, 22:25:47:593] info: Store: SET_FULL_SCREEN
[06/15/18, 22:25:50:300] info: Store: SET_FULL_SCREEN
[06/15/18, 22:25:50:608] info: Store: SET_FULL_SCREEN
[06/15/18, 22:25:50:610] info: Store: SET_FULL_SCREEN
[06/15/18, 22:25:50:611] info: Store: SET_FULL_SCREEN
[06/15/18, 22:25:51:610] info: Store: SAVE_WINDOW_SETTINGS
{
  "isMaximized": false,
  "position": [
    0,
    0
  ],
  "size": [
    2560,
    1440
  ]
}
[06/15/18, 22:25:51:769] info: Store: SET_FULL_SCREEN
[06/15/18, 22:25:51:770] info: Store: SET_FULL_SCREEN
[06/15/18, 22:25:51:772] info: Store: SET_FULL_SCREEN
[06/15/18, 22:25:52:765] info: Store: SAVE_WINDOW_SETTINGS
{
  "isMaximized": false,
  "position": [
    24,
    951
  ],
  "size": [
    2512,
    433
  ]
}
[06/15/18, 22:25:52:870] info: Store: SET_FULL_SCREEN
[06/15/18, 22:25:52:872] info: Store: SET_FULL_SCREEN
[06/15/18, 22:25:55:939] info: Store: SET_FULL_SCREEN
[06/15/18, 22:25:59:579] info: Store: SET_FULL_SCREEN
[06/15/18, 22:25:59:584] info: Store: SET_FULL_SCREEN
[06/15/18, 22:25:59:586] info: Store: SET_FULL_SCREEN
[06/15/18, 22:26:05:546] info: Store: FOREGROUND_APP
[06/15/18, 22:26:05:568] info: Store: SET_FULL_SCREEN
[06/15/18, 22:26:10:785] info: Store: SET_FULL_SCREEN
[06/15/18, 22:26:10:788] info: Store: SET_FULL_SCREEN
[06/15/18, 22:26:10:794] info: Store: SET_FULL_SCREEN
