[06/13/18, 19:18:45:403] info: ╔══════════════════════════════════════════════════════════════════════════════╗
[06/13/18, 19:18:45:403] info: ║      Slack 3.2.1, linux 4.16.13-2-ARCH on x64 at 06/13/18, 19:18:45:400      ║
[06/13/18, 19:18:45:403] info: ╚══════════════════════════════════════════════════════════════════════════════╝
[06/13/18, 19:18:45:472] info: Initializing local storage instance at path: /home/meach/.config/Slack/local-settings.json
[06/13/18, 19:18:45:719] error: Desktop module calls failed to load
{
  "error": {
    "message": "libCallsCore.so: cannot open shared object file: No such file or directory",
    "stack": "Error: libCallsCore.so: cannot open shared object file: No such file or directory\n    at process.module.(anonymous function) [as dlopen] (ELECTRON_ASAR.js:172:20)\n    at Object.Module._extensions..node (module.js:671:18)\n    at Object.module.(anonymous function) [as .node] (ELECTRON_ASAR.js:186:18)\n    at Module.load (module.js:561:32)\n    at tryModuleLoad (module.js:504:12)\n    at Function.Module._load (module.js:496:3)\n    at Module.require (module.js:586:17)\n    at require (internal/module.js:11:18)\n    at bindings (/usr/lib/slack/resources/app.asar/node_modules/@slack/slack-calls-prebuilt/modules/@slack/slack-calls/node_modules/bindings/bindings.js:81:44)\n    at Object.<anonymous> (/usr/lib/slack/resources/app.asar/node_modules/@slack/slack-calls-prebuilt/modules/@slack/slack-calls/index.js:1:192)"
  }
}
[06/13/18, 19:18:45:719] error: Desktop module calls failed to load
[06/13/18, 19:18:45:736] info: cld3::loadModule: loading cld3 module
[06/13/18, 19:18:45:758] info: cld3Loader::loadModule: running environment is NODE
[06/13/18, 19:18:45:758] info: cld3Loader::loadModule: constructed module object for runtime
[06/13/18, 19:18:45:878] info: cld3Loader::initializeRuntime: successfully initialized module
[06/13/18, 19:18:45:878] info: cld3Loader::loadModule: initialized wasm binary Runtime
[06/13/18, 19:18:45:888] info: SpellChecker:: updateSpellcheckerLanguage: Skip to set new language null, v2 spellchecker is not available
[06/13/18, 19:18:45:898] info: Main window preload script finished
{
  "readyTime": 715.143857
}
[06/13/18, 19:18:49:362] info: Skipping request to provide hint content for channel for spellchecker
{
  "version": "V2"
}
[06/13/18, 19:18:49:613] info: Store: UPSERT_WEB_CONTENTS
{
  "id": 3,
  "state": "loaded",
  "teamId": "T70J8333P"
}
[06/13/18, 19:18:49:620] info: Store: MAIN_WINDOW_SHOWN
[06/13/18, 19:18:49:745] info: Store: SET_FULL_SCREEN
[06/13/18, 19:18:49:745] info: Store: SET_FULL_SCREEN
[06/13/18, 19:18:49:746] info: Store: SET_FULL_SCREEN
[06/13/18, 19:18:50:127] info: Store: UPDATE_SESSION_STATUS
{
  "hasValidSession": true,
  "teamId": "T70J8333P"
}
[06/13/18, 19:18:50:359] info: postLoadTaskSetup: Desktop client fully loaded
{
  "loadedTime": 7874.224693
}
[06/13/18, 19:18:50:475] info: Store: SELECT_CHANNEL DALCP3P2S
[06/13/18, 19:18:50:476] info: Store: UPDATE_TEAM_LOCALE
{
  "locale": "en-US"
}
[06/13/18, 19:18:50:476] info: Store: UPDATE_SETTINGS
{
  "locale": "en-US"
}
[06/13/18, 19:18:50:477] info: Store: SAVE_WINDOW_SETTINGS
{
  "isMaximized": false,
  "position": [
    1290,
    15
  ],
  "size": [
    1255,
    1384
  ]
}
[06/13/18, 19:18:50:577] info: Store: UPDATE_TEAM_ICONS
{
  "icons": {
    "image_102": "https://slack-files2.s3-us-west-2.amazonaws.com/avatars/2017-09-08/238498482194_b1fd671c2dae558fbfa3_102.gif",
    "image_132": "https://slack-files2.s3-us-west-2.amazonaws.com/avatars/2017-09-08/238498482194_b1fd671c2dae558fbfa3_132.gif",
    "image_230": "https://slack-files2.s3-us-west-2.amazonaws.com/avatars/2017-09-08/238498482194_b1fd671c2dae558fbfa3_230.gif",
    "image_34": "https://slack-files2.s3-us-west-2.amazonaws.com/avatars/2017-09-08/238498482194_b1fd671c2dae558fbfa3_34.gif",
    "image_44": "https://slack-files2.s3-us-west-2.amazonaws.com/avatars/2017-09-08/238498482194_b1fd671c2dae558fbfa3_44.gif",
    "image_68": "https://slack-files2.s3-us-west-2.amazonaws.com/avatars/2017-09-08/238498482194_b1fd671c2dae558fbfa3_68.gif",
    "image_88": "https://slack-files2.s3-us-west-2.amazonaws.com/avatars/2017-09-08/238498482194_b1fd671c2dae558fbfa3_88.gif",
    "image_original": "https://slack-files2.s3-us-west-2.amazonaws.com/avatars/2017-09-08/238498482194_b1fd671c2dae558fbfa3_original.gif"
  },
  "teamId": "T70J8333P"
}
[06/13/18, 19:18:50:579] info: Store: UPDATE_TEAM_LOCALE
{
  "locale": "en-US",
  "teamId": "T70J8333P"
}
[06/13/18, 19:18:50:579] info: Store: UPSERT_WEB_CONTENTS
{
  "id": 3,
  "state": "webapp-loaded",
  "teamId": "T70J8333P"
}
[06/13/18, 19:18:50:754] info: Store: UPDATE_TEAM_THEME
{
  "teamId": "T70J8333P",
  "theme": {
    "active_item": "#4C9689",
    "active_item_text": "#FFFFFF",
    "active_presence": "#38978D",
    "badge": "#EB4D5C",
    "column_bg": "#4D394B",
    "hover_item": "#3E313C",
    "menu_bg": "#3E313C",
    "text_color": "#FFFFFF"
  }
}
[06/13/18, 19:18:50:759] info: Store: STORE_ENTERPRISE_ID_PAIR
{
  "enterpriseId": "",
  "teamId": "T70J8333P"
}
[06/13/18, 19:18:50:759] info: Store: STORE_API_TOKEN
{
  "teamId": "T70J8333P",
  "token": "xoxs-⋯"
}
[06/13/18, 19:18:50:978] info: postLoadTaskSetup: Setup spellchecker
{
  "version": "V2"
}
[06/13/18, 19:18:50:990] info: loadAsmModule: loading hunspell-asm module
[06/13/18, 19:18:51:153] info: loadAsmModule: asm module loaded successfully
[06/13/18, 19:18:51:153] info: SpellChecker: Starting spellchecker with language detector
[06/13/18, 19:18:51:153] info: SpellChecker::enableSpellCheckerLanguageDetector: enable spellchecker language detector
[06/13/18, 19:18:51:153] info: SpellChecker::startWithDictionary: Starting language detector with preloaded dict from last used language en
[06/13/18, 19:18:51:279] info: download: downloading dictionary for 'en-us'
[06/13/18, 19:18:51:279] info: fetchResourceAsBuffer: downloading
{
  "filePath": "https://spellcheck.slack-edge.com/dictionaries/en-us/1/en-us.aff",
  "cachePolicy": "default"
}
[06/13/18, 19:18:51:291] info: fetchResourceAsBuffer: downloading
{
  "filePath": "https://spellcheck.slack-edge.com/dictionaries/en-us/1/en-us.dic",
  "cachePolicy": "default"
}
[06/13/18, 19:18:51:298] info: dictionaryDownloader: verifying hash
[06/13/18, 19:18:51:327] info: SpellChecker::downloadDictionary: Dictionary is ready for 
{
  "language": "en"
}
[06/13/18, 19:18:51:361] info: assignSpellchecker: spellCheckerTable added new checker for 'en'
[06/13/18, 19:18:51:363] info: SpellChecker::prepareDictionary: Dictionary buffer for 'en' is loaded into spellchecker
[06/13/18, 19:18:51:363] info: switchDictionary: switching dictionary to check spell from 'null' to 'en'
[06/13/18, 19:18:51:363] info: SpellChecker::switchDictionary: SpellChecker enabled for language
{
  "language": "en"
}
[06/13/18, 19:18:55:455] info: Store: SET_FULL_SCREEN
[06/13/18, 19:18:55:457] info: Store: SET_FULL_SCREEN
[06/13/18, 19:22:46:587] info: Store: SET_FULL_SCREEN
[06/13/18, 19:22:49:823] info: Store: SET_FULL_SCREEN
[06/13/18, 19:24:35:317] info: Store: SAVE_WINDOW_SETTINGS
{
  "isMaximized": false,
  "position": [
    1717,
    15
  ],
  "size": [
    828,
    1384
  ]
}
[06/13/18, 19:24:39:735] info: Store: SET_FULL_SCREEN
[06/13/18, 19:24:40:156] info: Store: SET_FULL_SCREEN
[06/13/18, 19:25:43:543] info: Store: SET_FULL_SCREEN
[06/13/18, 19:25:43:543] info: Store: SET_FULL_SCREEN
[06/13/18, 19:25:43:543] info: Store: SET_FULL_SCREEN
[06/13/18, 19:25:43:544] info: Store: SET_FULL_SCREEN
[06/13/18, 19:25:43:544] info: Store: SET_FULL_SCREEN
[06/13/18, 19:25:43:544] info: Store: SET_FULL_SCREEN
[06/13/18, 19:25:43:544] info: Store: SET_FULL_SCREEN
[06/13/18, 19:25:43:545] info: Store: SET_FULL_SCREEN
[06/13/18, 19:25:43:545] info: Store: SET_FULL_SCREEN
[06/13/18, 19:25:43:545] info: Store: SET_FULL_SCREEN
[06/13/18, 19:25:43:545] info: Store: SET_FULL_SCREEN
[06/13/18, 19:25:43:545] info: Store: SET_FULL_SCREEN
[06/13/18, 19:25:43:546] info: Store: SET_FULL_SCREEN
[06/13/18, 19:25:43:885] info: Store: SET_FULL_SCREEN
[06/13/18, 19:25:43:888] info: Store: SET_FULL_SCREEN
[06/13/18, 19:25:44:385] info: Store: SAVE_WINDOW_SETTINGS
{
  "isMaximized": false,
  "position": [
    15,
    30
  ],
  "size": [
    2530,
    1369
  ]
}
[06/13/18, 19:25:47:207] info: Store: SET_FULL_SCREEN
[06/13/18, 19:25:47:208] info: Store: SET_FULL_SCREEN
[06/13/18, 19:25:52:823] info: Store: SET_FULL_SCREEN
[06/13/18, 19:25:52:824] info: Store: SET_FULL_SCREEN
[06/13/18, 19:25:52:825] info: Store: SET_FULL_SCREEN
[06/13/18, 19:25:53:517] info: Store: SET_FULL_SCREEN
[06/13/18, 19:25:53:723] info: Store: SET_FULL_SCREEN
[06/13/18, 19:25:53:724] info: Store: SET_FULL_SCREEN
[06/13/18, 19:25:53:726] info: Store: SET_FULL_SCREEN
[06/13/18, 19:25:54:351] info: Store: SAVE_WINDOW_SETTINGS
{
  "isMaximized": false,
  "position": [
    15,
    30
  ],
  "size": [
    2530,
    1369
  ]
}
[06/13/18, 19:25:55:720] info: Store: SET_FULL_SCREEN
[06/13/18, 19:25:56:057] info: Store: SET_FULL_SCREEN
[06/13/18, 19:25:56:058] info: Store: SET_FULL_SCREEN
[06/13/18, 19:25:56:060] info: Store: SET_FULL_SCREEN
[06/13/18, 19:25:56:629] info: Store: SAVE_WINDOW_SETTINGS
{
  "isMaximized": false,
  "position": [
    15,
    30
  ],
  "size": [
    2530,
    1369
  ]
}
[06/13/18, 19:56:26:088] info: Store: SET_SUSPEND_STATUS
[06/13/18, 19:56:26:093] error: Jun-13 19:56:26.920 SOCKET-MANAGER (T70J8333P) Closing socket because #4102: client is going to sleep
[06/13/18, 20:36:28:329] info: Store: SET_NETWORK_STATUS offline
[06/13/18, 20:36:28:331] info: Store: SET_SUSPEND_STATUS true
[06/13/18, 20:36:28:352] error: Jun-13 20:36:28.352 SOCKET-MANAGER (T70J8333P) Closing socket because #4108: unexpected socket closure
[06/13/18, 20:36:36:012] info: Store: SET_NETWORK_STATUS online
[06/13/18, 20:36:36:502] info: Store: UPDATE_TEAM_ICONS
{
  "icons": {
    "image_102": "https://slack-files2.s3-us-west-2.amazonaws.com/avatars/2017-09-08/238498482194_b1fd671c2dae558fbfa3_102.gif",
    "image_132": "https://slack-files2.s3-us-west-2.amazonaws.com/avatars/2017-09-08/238498482194_b1fd671c2dae558fbfa3_132.gif",
    "image_230": "https://slack-files2.s3-us-west-2.amazonaws.com/avatars/2017-09-08/238498482194_b1fd671c2dae558fbfa3_230.gif",
    "image_34": "https://slack-files2.s3-us-west-2.amazonaws.com/avatars/2017-09-08/238498482194_b1fd671c2dae558fbfa3_34.gif",
    "image_44": "https://slack-files2.s3-us-west-2.amazonaws.com/avatars/2017-09-08/238498482194_b1fd671c2dae558fbfa3_44.gif",
    "image_68": "https://slack-files2.s3-us-west-2.amazonaws.com/avatars/2017-09-08/238498482194_b1fd671c2dae558fbfa3_68.gif",
    "image_88": "https://slack-files2.s3-us-west-2.amazonaws.com/avatars/2017-09-08/238498482194_b1fd671c2dae558fbfa3_88.gif",
    "image_original": "https://slack-files2.s3-us-west-2.amazonaws.com/avatars/2017-09-08/238498482194_b1fd671c2dae558fbfa3_original.gif"
  },
  "teamId": "T70J8333P"
}
[06/13/18, 20:36:36:503] info: Store: UPDATE_TEAM_LOCALE
{
  "locale": "en-US",
  "teamId": "T70J8333P"
}
[06/13/18, 20:51:47:249] info: Store: SAVE_WINDOW_SETTINGS
{
  "isMaximized": false,
  "position": [
    15,
    30
  ],
  "size": [
    2530,
    1395
  ]
}
[06/13/18, 20:55:15:414] info: Store: SAVE_WINDOW_SETTINGS
{
  "isMaximized": false,
  "position": [
    15,
    30
  ],
  "size": [
    2530,
    1219
  ]
}
[06/13/18, 20:56:01:357] info: Store: SET_FULL_SCREEN
[06/13/18, 20:56:01:358] info: Store: SET_FULL_SCREEN
[06/13/18, 20:56:01:360] info: Store: SET_FULL_SCREEN
[06/13/18, 20:56:02:342] info: Store: SAVE_WINDOW_SETTINGS
{
  "isMaximized": false,
  "position": [
    15,
    30
  ],
  "size": [
    2530,
    1219
  ]
}
[06/13/18, 20:58:00:328] info: Store: SAVE_WINDOW_SETTINGS
{
  "isMaximized": false,
  "position": [
    15,
    30
  ],
  "size": [
    2530,
    1395
  ]
}
[06/13/18, 20:58:59:195] info: Store: SET_FULL_SCREEN
[06/13/18, 20:59:00:147] info: Store: SAVE_WINDOW_SETTINGS
{
  "isMaximized": false,
  "position": [
    15,
    30
  ],
  "size": [
    2530,
    1219
  ]
}
[06/13/18, 20:59:01:999] info: Store: SET_FULL_SCREEN
[06/13/18, 20:59:02:000] info: Store: SET_FULL_SCREEN
[06/13/18, 20:59:02:001] info: Store: SET_FULL_SCREEN
