[06/16/18, 13:04:49:323] info: ╔══════════════════════════════════════════════════════════════════════════════╗
[06/16/18, 13:04:49:324] info: ║      Slack 3.2.1, linux 4.16.13-2-ARCH on x64 at 06/16/18, 13:04:49:321      ║
[06/16/18, 13:04:49:324] info: ╚══════════════════════════════════════════════════════════════════════════════╝
[06/16/18, 13:04:49:523] info: Initializing local storage instance at path: /home/meach/.config/Slack/local-settings.json
[06/16/18, 13:04:49:719] info: NetworkStatus: Waiting for network online…
[06/16/18, 13:04:50:003] info: Store: BACKGROUND_CLIENTS_INITIALIZED
[06/16/18, 13:04:50:006] info: Don't start background client because T70J8333P is selected team
[06/16/18, 13:04:50:019] info: Store: BACKGROUND_CLIENTS_INITIALIZED true
[06/16/18, 13:04:50:086] info: NetworkStatus: Response from api.test
{
  "status": "online"
}
[06/16/18, 13:04:50:491] info: Store: SET_NETWORK_STATUS online
[06/16/18, 13:04:52:844] info: Store: UPSERT_WEB_CONTENTS
{
  "id": 3,
  "state": "loaded",
  "teamId": "T70J8333P"
}
[06/16/18, 13:04:52:850] info: Store: MAIN_WINDOW_SHOWN
[06/16/18, 13:04:53:118] info: Store: UPDATE_SESSION_STATUS
{
  "hasValidSession": true,
  "teamId": "T70J8333P"
}
[06/16/18, 13:04:53:453] info: Store: SELECT_CHANNEL D71AT5NQG
[06/16/18, 13:04:53:455] info: Store: UPDATE_TEAM_LOCALE
{
  "locale": "en-US"
}
[06/16/18, 13:04:53:457] info: Store: UPDATE_SETTINGS
{
  "locale": "en-US"
}
[06/16/18, 13:04:53:801] info: Store: UPDATE_TEAM_ICONS
{
  "icons": {
    "image_102": "https://slack-files2.s3-us-west-2.amazonaws.com/avatars/2017-09-08/238498482194_b1fd671c2dae558fbfa3_102.gif",
    "image_132": "https://slack-files2.s3-us-west-2.amazonaws.com/avatars/2017-09-08/238498482194_b1fd671c2dae558fbfa3_132.gif",
    "image_230": "https://slack-files2.s3-us-west-2.amazonaws.com/avatars/2017-09-08/238498482194_b1fd671c2dae558fbfa3_230.gif",
    "image_34": "https://slack-files2.s3-us-west-2.amazonaws.com/avatars/2017-09-08/238498482194_b1fd671c2dae558fbfa3_34.gif",
    "image_44": "https://slack-files2.s3-us-west-2.amazonaws.com/avatars/2017-09-08/238498482194_b1fd671c2dae558fbfa3_44.gif",
    "image_68": "https://slack-files2.s3-us-west-2.amazonaws.com/avatars/2017-09-08/238498482194_b1fd671c2dae558fbfa3_68.gif",
    "image_88": "https://slack-files2.s3-us-west-2.amazonaws.com/avatars/2017-09-08/238498482194_b1fd671c2dae558fbfa3_88.gif",
    "image_original": "https://slack-files2.s3-us-west-2.amazonaws.com/avatars/2017-09-08/238498482194_b1fd671c2dae558fbfa3_original.gif"
  },
  "teamId": "T70J8333P"
}
[06/16/18, 13:04:53:860] info: Store: SAVE_WINDOW_SETTINGS
{
  "isMaximized": false,
  "position": [
    812,
    25
  ],
  "size": [
    763,
    830
  ]
}
[06/16/18, 13:04:53:890] info: Store: UPDATE_TEAM_LOCALE
{
  "locale": "en-US",
  "teamId": "T70J8333P"
}
[06/16/18, 13:04:53:895] info: Store: UPSERT_WEB_CONTENTS
{
  "id": 3,
  "state": "webapp-loaded",
  "teamId": "T70J8333P"
}
[06/16/18, 13:04:54:031] info: Store: STORE_ENTERPRISE_ID_PAIR
{
  "enterpriseId": "",
  "teamId": "T70J8333P"
}
[06/16/18, 13:04:54:032] info: Store: STORE_API_TOKEN
{
  "teamId": "T70J8333P",
  "token": "xoxs-⋯"
}
[06/16/18, 13:04:54:076] info: Store: UPDATE_TEAM_THEME
{
  "teamId": "T70J8333P",
  "theme": {
    "active_item": "#4C9689",
    "active_item_text": "#FFFFFF",
    "active_presence": "#38978D",
    "badge": "#EB4D5C",
    "column_bg": "#4D394B",
    "hover_item": "#3E313C",
    "menu_bg": "#3E313C",
    "text_color": "#FFFFFF"
  }
}
[06/16/18, 13:31:37:723] info: Store: SET_FULL_SCREEN
[06/16/18, 13:31:39:317] info: Store: SET_FULL_SCREEN
[06/16/18, 13:31:39:321] info: Store: SET_FULL_SCREEN
[06/16/18, 14:05:34:413] info: Store: SET_FULL_SCREEN
[06/16/18, 14:05:34:413] info: Store: SET_FULL_SCREEN
[06/16/18, 14:05:36:473] info: Store: SET_FULL_SCREEN
[06/16/18, 14:05:37:014] info: Store: SET_FULL_SCREEN
[06/16/18, 14:05:39:640] info: Store: SET_FULL_SCREEN
[06/16/18, 14:05:39:644] info: Store: SET_FULL_SCREEN
[06/16/18, 14:06:58:164] info: Store: SET_SUSPEND_STATUS
[06/16/18, 17:33:49:280] info: Store: SET_NETWORK_STATUS offline
[06/16/18, 17:33:49:287] info: Store: SET_SUSPEND_STATUS true
[06/16/18, 17:33:56:017] info: NetworkStatus: Waiting for network online…
[06/16/18, 17:33:56:027] info: NetworkStatus: Network check failed
{
  "error": {
    "message": "Failed to fetch",
    "stack": "TypeError: Failed to fetch"
  }
}
[06/16/18, 17:33:56:028] info: NetworkStatus: Response from api.test
{
  "status": "offline"
}
[06/16/18, 17:33:56:889] info: Store: UPDATE_TEAM_ICONS
{
  "icons": {
    "image_102": "https://slack-files2.s3-us-west-2.amazonaws.com/avatars/2017-09-08/238498482194_b1fd671c2dae558fbfa3_102.gif",
    "image_132": "https://slack-files2.s3-us-west-2.amazonaws.com/avatars/2017-09-08/238498482194_b1fd671c2dae558fbfa3_132.gif",
    "image_230": "https://slack-files2.s3-us-west-2.amazonaws.com/avatars/2017-09-08/238498482194_b1fd671c2dae558fbfa3_230.gif",
    "image_34": "https://slack-files2.s3-us-west-2.amazonaws.com/avatars/2017-09-08/238498482194_b1fd671c2dae558fbfa3_34.gif",
    "image_44": "https://slack-files2.s3-us-west-2.amazonaws.com/avatars/2017-09-08/238498482194_b1fd671c2dae558fbfa3_44.gif",
    "image_68": "https://slack-files2.s3-us-west-2.amazonaws.com/avatars/2017-09-08/238498482194_b1fd671c2dae558fbfa3_68.gif",
    "image_88": "https://slack-files2.s3-us-west-2.amazonaws.com/avatars/2017-09-08/238498482194_b1fd671c2dae558fbfa3_88.gif",
    "image_original": "https://slack-files2.s3-us-west-2.amazonaws.com/avatars/2017-09-08/238498482194_b1fd671c2dae558fbfa3_original.gif"
  },
  "teamId": "T70J8333P"
}
[06/16/18, 17:33:56:977] info: Store: UPDATE_TEAM_LOCALE
{
  "locale": "en-US",
  "teamId": "T70J8333P"
}
[06/16/18, 17:33:59:175] info: Store: SET_FULL_SCREEN
[06/16/18, 17:34:00:054] info: Store: SET_FULL_SCREEN
[06/16/18, 17:34:00:056] info: Store: SET_FULL_SCREEN
[06/16/18, 17:34:01:175] info: NetworkStatus: Response from api.test
{
  "status": "online"
}
[06/16/18, 17:34:01:578] info: Store: SET_NETWORK_STATUS online
[06/16/18, 17:34:01:581] warn: Base Component: Attempting to update LoadingScreen when unmounted.
[06/16/18, 17:34:08:466] info: Store: SET_FULL_SCREEN
[06/16/18, 17:34:08:469] info: Store: SET_FULL_SCREEN
[06/16/18, 17:34:09:146] info: Store: SET_FULL_SCREEN
