[06/15/18, 15:48:17:146] info: ╔══════════════════════════════════════════════════════════════════════════════╗
[06/15/18, 15:48:17:147] info: ║      Slack 3.2.1, linux 4.16.13-2-ARCH on x64 at 06/15/18, 15:48:17:142      ║
[06/15/18, 15:48:17:147] info: ╚══════════════════════════════════════════════════════════════════════════════╝
[06/15/18, 15:48:17:248] info: Initializing local storage instance at path: /home/meach/.config/Slack/local-settings.json
[06/15/18, 15:48:17:425] info: Main window preload script finished
{
  "readyTime": 613.977605
}
[06/15/18, 15:48:17:430] info: Store: BACKGROUND_CLIENTS_INITIALIZED
[06/15/18, 15:48:17:430] info: Store: BACKGROUND_CLIENTS_INITIALIZED true
[06/15/18, 15:48:17:431] info: Store: UPDATE_SESSION_STATUS
{
  "hasValidSession": null,
  "teamId": "T70J8333P"
}
[06/15/18, 15:48:17:431] info: Store: SET_NETWORK_STATUS offline
[06/15/18, 15:48:17:431] info: Store: UPSERT_WEB_CONTENTS
{
  "id": 3,
  "state": "loaded",
  "teamId": "T70J8333P"
}
[06/15/18, 15:48:17:434] info: Store: UPSERT_WEB_CONTENTS
{
  "id": 3,
  "state": "empty-page",
  "teamId": "T70J8333P"
}
[06/15/18, 15:48:17:696] info: Store: UPDATE_SESSION_STATUS
{
  "hasValidSession": null,
  "teamId": "T70J8333P"
}
[06/15/18, 15:48:22:591] info: Store: SET_NETWORK_STATUS online
[06/15/18, 15:48:22:595] info: Store: MAIN_WINDOW_SHOWN
[06/15/18, 15:48:22:626] info: Store: UPSERT_WEB_CONTENTS
{
  "id": 3,
  "state": "page-will-navigate",
  "teamId": "T70J8333P"
}
[06/15/18, 15:48:22:630] info: Window is unloading, window.desktop is no longer accessible
[06/15/18, 15:48:22:792] info: Store: UPDATE_SESSION_STATUS
{
  "hasValidSession": true,
  "teamId": "T70J8333P"
}
