[06/13/18, 08:45:19:979] info: ╔══════════════════════════════════════════════════════════════════════════════╗
[06/13/18, 08:45:19:980] info: ║      Slack 3.2.1, linux 4.16.13-2-ARCH on x64 at 06/13/18, 08:45:19:977      ║
[06/13/18, 08:45:19:980] info: ╚══════════════════════════════════════════════════════════════════════════════╝
[06/13/18, 08:45:20:037] info: Initializing local storage instance at path: /home/meach/.config/Slack/local-settings.json
[06/13/18, 08:45:20:144] info: Main window preload script finished
{
  "readyTime": 359.707147
}
[06/13/18, 08:45:20:149] info: Store: UPSERT_WEB_CONTENTS
{
  "id": 3,
  "state": "loaded",
  "teamId": "T70J8333P"
}
[06/13/18, 08:45:20:154] info: Store: UPSERT_WEB_CONTENTS
{
  "id": 3,
  "state": "empty-page",
  "teamId": "T70J8333P"
}
[06/13/18, 08:45:20:157] info: Store: UPSERT_WEB_CONTENTS
{
  "id": 3,
  "state": "page-will-navigate",
  "teamId": "T70J8333P"
}
