[06/13/18, 08:45:19:950] info: ╔══════════════════════════════════════════════════════════════════════════════╗
[06/13/18, 08:45:19:951] info: ║      Slack 3.2.1, linux 4.16.13-2-ARCH on x64 at 06/13/18, 08:45:19:948      ║
[06/13/18, 08:45:19:951] info: ╚══════════════════════════════════════════════════════════════════════════════╝
[06/13/18, 08:45:20:072] info: Initializing local storage instance at path: /home/meach/.config/Slack/local-settings.json
[06/13/18, 08:45:20:355] info: Store: UPSERT_WEB_CONTENTS
{
  "id": 3,
  "state": "loaded",
  "teamId": "T70J8333P"
}
[06/13/18, 08:45:20:357] info: Store: UPSERT_WEB_CONTENTS
{
  "id": 3,
  "state": "empty-page",
  "teamId": "T70J8333P"
}
[06/13/18, 08:45:20:357] info: Store: UPSERT_WEB_CONTENTS
{
  "id": 3,
  "state": "page-will-navigate",
  "teamId": "T70J8333P"
}
[06/13/18, 08:45:20:359] info: Store: BACKGROUND_CLIENTS_INITIALIZED
[06/13/18, 08:45:20:360] info: Don't start background client because T70J8333P is selected team
[06/13/18, 08:45:20:362] info: Store: BACKGROUND_CLIENTS_INITIALIZED true
[06/13/18, 08:45:20:462] warn: Tried to determine signed in status, but errored.
{
  "error": {
    "message": "Failed to fetch",
    "stack": "TypeError: Failed to fetch"
  }
}
[06/13/18, 08:45:20:463] info: Store: UPDATE_SESSION_STATUS
{
  "hasValidSession": null,
  "teamId": "T70J8333P"
}
[06/13/18, 08:45:20:598] info: Store: SET_NETWORK_STATUS offline
[06/13/18, 08:45:20:757] info: Store: UPSERT_WEB_CONTENTS
{
  "id": 3,
  "state": "loaded",
  "teamId": "T70J8333P"
}
[06/13/18, 08:45:20:758] info: Store: UPSERT_WEB_CONTENTS
{
  "id": 3,
  "state": "empty-page",
  "teamId": "T70J8333P"
}
[06/13/18, 08:45:20:860] warn: Tried to determine signed in status, but errored.
{
  "error": {
    "message": "Failed to fetch",
    "stack": "TypeError: Failed to fetch"
  }
}
[06/13/18, 08:45:20:861] info: Store: UPDATE_SESSION_STATUS
{
  "hasValidSession": null,
  "teamId": "T70J8333P"
}
[06/13/18, 08:47:13:618] info: NetworkStatus: Waiting for network online…
[06/13/18, 08:47:13:632] info: NetworkStatus: Network check failed
{
  "error": {
    "message": "Failed to fetch",
    "stack": "TypeError: Failed to fetch"
  }
}
[06/13/18, 08:47:13:634] info: NetworkStatus: Response from api.test
{
  "status": "offline"
}
[06/13/18, 08:47:18:736] info: NetworkStatus: Response from api.test
{
  "status": "online"
}
[06/13/18, 08:47:19:141] info: Store: SET_NETWORK_STATUS online
[06/13/18, 08:47:19:144] warn: Base Component: Attempting to update LoadingScreen when unmounted.
[06/13/18, 08:47:19:149] info: Store: MAIN_WINDOW_SHOWN
[06/13/18, 08:47:19:179] info: Store: SET_FULL_SCREEN
[06/13/18, 08:47:19:182] info: Store: SET_FULL_SCREEN
[06/13/18, 08:47:19:185] info: Store: SET_FULL_SCREEN
[06/13/18, 08:47:19:212] info: Store: UPSERT_WEB_CONTENTS
{
  "id": 3,
  "state": "page-will-navigate",
  "teamId": "T70J8333P"
}
[06/13/18, 08:47:19:374] info: Store: SET_FULL_SCREEN
[06/13/18, 08:47:19:449] info: Store: UPDATE_SESSION_STATUS
{
  "hasValidSession": true,
  "teamId": "T70J8333P"
}
[06/13/18, 08:47:20:196] info: Store: SAVE_WINDOW_SETTINGS
{
  "isMaximized": false,
  "position": [
    1290,
    15
  ],
  "size": [
    620,
    1410
  ]
}
[06/13/18, 08:47:20:744] info: Store: SET_FULL_SCREEN
[06/13/18, 08:47:21:015] info: Store: SET_FULL_SCREEN
[06/13/18, 08:47:22:531] info: Store: SET_FULL_SCREEN
[06/13/18, 08:47:22:532] info: Store: SET_FULL_SCREEN
[06/13/18, 08:47:22:533] info: Store: SET_FULL_SCREEN
[06/13/18, 08:47:22:533] info: Store: SET_FULL_SCREEN
[06/13/18, 08:47:22:534] info: Store: SET_FULL_SCREEN
[06/13/18, 08:47:22:535] info: Store: SET_FULL_SCREEN
[06/13/18, 08:47:22:536] info: Store: SET_FULL_SCREEN
[06/13/18, 08:47:22:965] info: Store: UPSERT_WEB_CONTENTS
{
  "id": 3,
  "state": "loaded",
  "teamId": "T70J8333P"
}
[06/13/18, 08:47:23:171] info: Store: UPDATE_SESSION_STATUS
{
  "hasValidSession": true,
  "teamId": "T70J8333P"
}
[06/13/18, 08:47:23:477] info: Store: SELECT_CHANNEL D712QSWTV
[06/13/18, 08:47:23:481] info: Store: UPDATE_TEAM_LOCALE
{
  "locale": "en-US",
  "teamId": "T70J8333P"
}
[06/13/18, 08:47:23:483] info: Store: UPDATE_SETTINGS
{
  "locale": "en-US"
}
[06/13/18, 08:47:23:488] info: Store: UPDATE_TEAM_THEME
{
  "teamId": "T70J8333P",
  "theme": {
    "active_item": "#4C9689",
    "active_item_text": "#FFFFFF",
    "active_presence": "#38978D",
    "badge": "#EB4D5C",
    "column_bg": "#4D394B",
    "hover_item": "#3E313C",
    "menu_bg": "#3E313C",
    "text_color": "#FFFFFF"
  }
}
[06/13/18, 08:47:23:903] info: Store: SET_FULL_SCREEN
[06/13/18, 08:47:24:000] info: Store: SET_FULL_SCREEN
[06/13/18, 08:47:24:088] info: Store: UPDATE_TEAM_ICONS
{
  "icons": {
    "image_102": "https://slack-files2.s3-us-west-2.amazonaws.com/avatars/2017-09-08/238498482194_b1fd671c2dae558fbfa3_102.gif",
    "image_132": "https://slack-files2.s3-us-west-2.amazonaws.com/avatars/2017-09-08/238498482194_b1fd671c2dae558fbfa3_132.gif",
    "image_230": "https://slack-files2.s3-us-west-2.amazonaws.com/avatars/2017-09-08/238498482194_b1fd671c2dae558fbfa3_230.gif",
    "image_34": "https://slack-files2.s3-us-west-2.amazonaws.com/avatars/2017-09-08/238498482194_b1fd671c2dae558fbfa3_34.gif",
    "image_44": "https://slack-files2.s3-us-west-2.amazonaws.com/avatars/2017-09-08/238498482194_b1fd671c2dae558fbfa3_44.gif",
    "image_68": "https://slack-files2.s3-us-west-2.amazonaws.com/avatars/2017-09-08/238498482194_b1fd671c2dae558fbfa3_68.gif",
    "image_88": "https://slack-files2.s3-us-west-2.amazonaws.com/avatars/2017-09-08/238498482194_b1fd671c2dae558fbfa3_88.gif",
    "image_original": "https://slack-files2.s3-us-west-2.amazonaws.com/avatars/2017-09-08/238498482194_b1fd671c2dae558fbfa3_original.gif"
  },
  "teamId": "T70J8333P"
}
[06/13/18, 08:47:24:191] info: Store: UPDATE_TEAM_LOCALE
{
  "locale": "en-US",
  "teamId": "T70J8333P"
}
[06/13/18, 08:47:24:198] info: Store: UPSERT_WEB_CONTENTS
{
  "id": 3,
  "state": "webapp-loaded",
  "teamId": "T70J8333P"
}
[06/13/18, 08:47:24:265] info: Store: STORE_ENTERPRISE_ID_PAIR
{
  "enterpriseId": "",
  "teamId": "T70J8333P"
}
[06/13/18, 08:47:24:266] info: Store: STORE_API_TOKEN
{
  "teamId": "T70J8333P",
  "token": "xoxs-⋯"
}
[06/13/18, 08:47:26:833] info: Store: SET_FULL_SCREEN
[06/13/18, 08:47:27:208] info: Store: SET_FULL_SCREEN
[06/13/18, 08:47:28:549] info: Store: SET_FULL_SCREEN
[06/13/18, 08:47:28:550] info: Store: SET_FULL_SCREEN
[06/13/18, 08:47:28:550] info: Store: SET_FULL_SCREEN
[06/13/18, 08:47:28:551] info: Store: SET_FULL_SCREEN
[06/13/18, 08:47:28:551] info: Store: SET_FULL_SCREEN
[06/13/18, 08:47:28:551] info: Store: SET_FULL_SCREEN
[06/13/18, 08:47:28:552] info: Store: SET_FULL_SCREEN
[06/13/18, 08:47:53:688] info: Store: SET_FULL_SCREEN
[06/13/18, 08:47:53:814] info: Store: SET_FULL_SCREEN
[06/13/18, 08:48:12:137] info: Store: SET_FULL_SCREEN
[06/13/18, 08:48:12:139] info: Store: SET_FULL_SCREEN
[06/13/18, 08:48:12:140] info: Store: SET_FULL_SCREEN
[06/13/18, 08:48:12:141] info: Store: SET_FULL_SCREEN
[06/13/18, 08:48:12:141] info: Store: SET_FULL_SCREEN
[06/13/18, 08:48:12:142] info: Store: SET_FULL_SCREEN
[06/13/18, 08:48:12:143] info: Store: SET_FULL_SCREEN
[06/13/18, 08:48:31:044] info: Store: SET_FULL_SCREEN
[06/13/18, 08:48:31:068] info: Store: SET_FULL_SCREEN
[06/13/18, 08:48:35:675] info: Store: SET_FULL_SCREEN
[06/13/18, 08:48:36:365] info: Store: SET_FULL_SCREEN
[06/13/18, 08:48:37:081] info: Store: SET_FULL_SCREEN
[06/13/18, 08:48:37:082] info: Store: SET_FULL_SCREEN
[06/13/18, 08:48:37:085] info: Store: SET_FULL_SCREEN
[06/13/18, 08:48:37:087] info: Store: SET_FULL_SCREEN
[06/13/18, 08:48:37:089] info: Store: SET_FULL_SCREEN
[06/13/18, 08:48:37:094] info: Store: SET_FULL_SCREEN
[06/13/18, 08:48:37:097] info: Store: SET_FULL_SCREEN
[06/13/18, 08:48:39:290] info: Store: SET_FULL_SCREEN
[06/13/18, 08:48:39:345] info: Store: SET_FULL_SCREEN
[06/13/18, 08:48:41:534] info: Store: SET_FULL_SCREEN
[06/13/18, 08:48:41:535] info: Store: SET_FULL_SCREEN
[06/13/18, 08:48:41:535] info: Store: SET_FULL_SCREEN
[06/13/18, 08:48:41:536] info: Store: SET_FULL_SCREEN
[06/13/18, 08:48:41:536] info: Store: SET_FULL_SCREEN
[06/13/18, 08:48:41:537] info: Store: SET_FULL_SCREEN
[06/13/18, 08:48:41:537] info: Store: SET_FULL_SCREEN
[06/13/18, 08:48:42:474] info: Store: SET_FULL_SCREEN
[06/13/18, 08:48:42:843] info: Store: SET_FULL_SCREEN
[06/13/18, 08:48:52:382] info: Store: SET_FULL_SCREEN
[06/13/18, 08:48:52:790] info: Store: SET_FULL_SCREEN
[06/13/18, 08:48:52:790] info: Store: SET_FULL_SCREEN
[06/13/18, 08:49:05:427] info: Store: SET_FULL_SCREEN
[06/13/18, 08:49:05:484] info: Store: SET_FULL_SCREEN
[06/13/18, 08:49:17:126] info: Store: SET_FULL_SCREEN
[06/13/18, 08:49:17:181] info: Store: SET_FULL_SCREEN
[06/13/18, 08:49:40:086] info: Store: SET_FULL_SCREEN
[06/13/18, 08:49:40:405] info: Store: SET_FULL_SCREEN
[06/13/18, 08:49:51:455] info: Store: SET_FULL_SCREEN
[06/13/18, 08:49:51:935] info: Store: SET_FULL_SCREEN
[06/13/18, 08:49:51:937] info: Store: SET_FULL_SCREEN
[06/13/18, 08:49:52:435] info: Store: SET_FULL_SCREEN
[06/13/18, 08:49:52:437] info: Store: SET_FULL_SCREEN
[06/13/18, 08:50:00:643] info: Store: SET_FULL_SCREEN
[06/13/18, 08:50:00:685] info: Store: SET_FULL_SCREEN
[06/13/18, 08:50:17:103] info: Store: SET_FULL_SCREEN
[06/13/18, 08:50:17:519] info: Store: SET_FULL_SCREEN
[06/13/18, 08:50:18:391] info: Store: SET_FULL_SCREEN
[06/13/18, 08:50:18:392] info: Store: SET_FULL_SCREEN
[06/13/18, 08:50:18:392] info: Store: SET_FULL_SCREEN
[06/13/18, 08:50:18:393] info: Store: SET_FULL_SCREEN
[06/13/18, 08:50:18:394] info: Store: SET_FULL_SCREEN
[06/13/18, 08:50:18:396] info: Store: SET_FULL_SCREEN
[06/13/18, 08:50:18:397] info: Store: SET_FULL_SCREEN
[06/13/18, 08:50:18:398] info: Store: SET_FULL_SCREEN
[06/13/18, 08:50:18:399] info: Store: SET_FULL_SCREEN
[06/13/18, 08:50:18:400] info: Store: SET_FULL_SCREEN
[06/13/18, 08:50:18:400] info: Store: SET_FULL_SCREEN
[06/13/18, 08:50:18:401] info: Store: SET_FULL_SCREEN
[06/13/18, 08:50:18:402] info: Store: SET_FULL_SCREEN
[06/13/18, 08:50:19:361] info: Store: SAVE_WINDOW_SETTINGS
{
  "isMaximized": false,
  "position": [
    864,
    15
  ],
  "size": [
    833,
    1410
  ]
}
[06/13/18, 08:55:24:912] info: Store: SET_FULL_SCREEN
[06/13/18, 08:55:25:224] info: Store: SET_FULL_SCREEN
[06/13/18, 08:55:25:227] info: Store: SET_FULL_SCREEN
[06/13/18, 08:55:26:349] info: Store: SET_FULL_SCREEN
[06/13/18, 08:55:26:781] info: Store: SET_FULL_SCREEN
[06/13/18, 08:55:34:459] info: Store: SET_FULL_SCREEN
[06/13/18, 08:55:34:823] info: Store: SET_FULL_SCREEN
[06/13/18, 08:55:34:826] info: Store: SET_FULL_SCREEN
[06/13/18, 08:55:36:429] info: Store: SET_FULL_SCREEN
[06/13/18, 08:55:36:780] info: Store: SET_FULL_SCREEN
[06/13/18, 08:55:36:782] info: Store: SET_FULL_SCREEN
[06/13/18, 08:55:58:949] info: Store: SET_FULL_SCREEN
[06/13/18, 08:55:59:374] info: Store: SET_FULL_SCREEN
[06/13/18, 08:56:28:062] info: Store: SET_FULL_SCREEN
[06/13/18, 08:56:28:884] info: Store: SET_FULL_SCREEN
[06/13/18, 08:56:28:888] info: Store: SET_FULL_SCREEN
