[06/15/18, 15:48:16:270] info: ╔══════════════════════════════════════════════════════════════════════════════╗
[06/15/18, 15:48:16:271] info: ║      Slack 3.2.1, linux 4.16.13-2-ARCH on x64 at 06/15/18, 15:48:16:266      ║
[06/15/18, 15:48:16:271] info: ╚══════════════════════════════════════════════════════════════════════════════╝
[06/15/18, 15:48:16:504] info: Initializing local storage instance at path: /home/meach/.config/Slack/local-settings.json
[06/15/18, 15:48:16:702] info: NetworkStatus: Waiting for network online…
[06/15/18, 15:48:16:966] info: Store: UPSERT_WEB_CONTENTS
{
  "id": 3,
  "state": "loaded",
  "teamId": "T70J8333P"
}
[06/15/18, 15:48:16:971] info: Store: UPSERT_WEB_CONTENTS
{
  "id": 3,
  "state": "empty-page",
  "teamId": "T70J8333P"
}
[06/15/18, 15:48:16:971] info: Store: UPSERT_WEB_CONTENTS
{
  "id": 3,
  "state": "page-will-navigate",
  "teamId": "T70J8333P"
}
[06/15/18, 15:48:16:980] info: Don't start background client because T70J8333P is selected team
[06/15/18, 15:48:16:981] info: NetworkStatus: Network check failed
{
  "error": {
    "message": "Failed to fetch",
    "stack": "TypeError: Failed to fetch"
  }
}
[06/15/18, 15:48:16:981] info: NetworkStatus: Response from api.test
{
  "status": "offline"
}
[06/15/18, 15:48:16:982] info: Store: BACKGROUND_CLIENTS_INITIALIZED
[06/15/18, 15:48:16:989] info: Store: BACKGROUND_CLIENTS_INITIALIZED true
[06/15/18, 15:48:17:076] warn: Tried to determine signed in status, but errored.
{
  "error": {
    "message": "Failed to fetch",
    "stack": "TypeError: Failed to fetch"
  }
}
[06/15/18, 15:48:17:078] info: Store: UPDATE_SESSION_STATUS
{
  "hasValidSession": null,
  "teamId": "T70J8333P"
}
[06/15/18, 15:48:17:383] info: Store: SET_NETWORK_STATUS offline
[06/15/18, 15:48:17:591] info: Store: UPSERT_WEB_CONTENTS
{
  "id": 3,
  "state": "loaded",
  "teamId": "T70J8333P"
}
[06/15/18, 15:48:17:592] info: Store: UPSERT_WEB_CONTENTS
{
  "id": 3,
  "state": "empty-page",
  "teamId": "T70J8333P"
}
[06/15/18, 15:48:17:695] warn: Tried to determine signed in status, but errored.
{
  "error": {
    "message": "Failed to fetch",
    "stack": "TypeError: Failed to fetch"
  }
}
[06/15/18, 15:48:17:696] info: Store: UPDATE_SESSION_STATUS
{
  "hasValidSession": null,
  "teamId": "T70J8333P"
}
[06/15/18, 15:48:22:185] info: NetworkStatus: Response from api.test
{
  "status": "online"
}
[06/15/18, 15:48:22:591] info: Store: SET_NETWORK_STATUS online
[06/15/18, 15:48:22:594] warn: Base Component: Attempting to update LoadingScreen when unmounted.
[06/15/18, 15:48:22:595] info: Store: MAIN_WINDOW_SHOWN
[06/15/18, 15:48:22:627] info: Store: UPSERT_WEB_CONTENTS
{
  "id": 3,
  "state": "page-will-navigate",
  "teamId": "T70J8333P"
}
[06/15/18, 15:48:22:793] info: Store: UPDATE_SESSION_STATUS
{
  "hasValidSession": true,
  "teamId": "T70J8333P"
}
[06/15/18, 15:48:23:616] info: Store: SAVE_WINDOW_SETTINGS
{
  "isMaximized": false,
  "position": [
    1292,
    24
  ],
  "size": [
    1244,
    1360
  ]
}
[06/15/18, 15:48:26:072] info: Store: UPSERT_WEB_CONTENTS
{
  "id": 3,
  "state": "loaded",
  "teamId": "T70J8333P"
}
[06/15/18, 15:48:26:233] info: Store: UPDATE_SESSION_STATUS
{
  "hasValidSession": true,
  "teamId": "T70J8333P"
}
[06/15/18, 15:48:26:516] info: Store: SELECT_CHANNEL CAJFPPJFN
[06/15/18, 15:48:26:518] info: Store: UPDATE_TEAM_LOCALE
{
  "locale": "en-US"
}
[06/15/18, 15:48:26:522] info: Store: UPDATE_SETTINGS
{
  "locale": "en-US"
}
[06/15/18, 15:48:27:127] info: Store: UPDATE_TEAM_THEME
{
  "teamId": "T70J8333P",
  "theme": {
    "active_item": "#4C9689",
    "active_item_text": "#FFFFFF",
    "active_presence": "#38978D",
    "badge": "#EB4D5C",
    "column_bg": "#4D394B",
    "hover_item": "#3E313C",
    "menu_bg": "#3E313C",
    "text_color": "#FFFFFF"
  }
}
[06/15/18, 15:48:27:248] info: Store: UPDATE_TEAM_ICONS
{
  "icons": {
    "image_102": "https://slack-files2.s3-us-west-2.amazonaws.com/avatars/2017-09-08/238498482194_b1fd671c2dae558fbfa3_102.gif",
    "image_132": "https://slack-files2.s3-us-west-2.amazonaws.com/avatars/2017-09-08/238498482194_b1fd671c2dae558fbfa3_132.gif",
    "image_230": "https://slack-files2.s3-us-west-2.amazonaws.com/avatars/2017-09-08/238498482194_b1fd671c2dae558fbfa3_230.gif",
    "image_34": "https://slack-files2.s3-us-west-2.amazonaws.com/avatars/2017-09-08/238498482194_b1fd671c2dae558fbfa3_34.gif",
    "image_44": "https://slack-files2.s3-us-west-2.amazonaws.com/avatars/2017-09-08/238498482194_b1fd671c2dae558fbfa3_44.gif",
    "image_68": "https://slack-files2.s3-us-west-2.amazonaws.com/avatars/2017-09-08/238498482194_b1fd671c2dae558fbfa3_68.gif",
    "image_88": "https://slack-files2.s3-us-west-2.amazonaws.com/avatars/2017-09-08/238498482194_b1fd671c2dae558fbfa3_88.gif",
    "image_original": "https://slack-files2.s3-us-west-2.amazonaws.com/avatars/2017-09-08/238498482194_b1fd671c2dae558fbfa3_original.gif"
  },
  "teamId": "T70J8333P"
}
[06/15/18, 15:48:27:335] info: Store: UPDATE_TEAM_LOCALE
{
  "locale": "en-US",
  "teamId": "T70J8333P"
}
[06/15/18, 15:48:27:340] info: Store: UPSERT_WEB_CONTENTS
{
  "id": 3,
  "state": "webapp-loaded",
  "teamId": "T70J8333P"
}
[06/15/18, 15:48:27:526] info: Store: STORE_ENTERPRISE_ID_PAIR
{
  "enterpriseId": "",
  "teamId": "T70J8333P"
}
[06/15/18, 15:48:27:527] info: Store: STORE_API_TOKEN
{
  "teamId": "T70J8333P",
  "token": "xoxs-⋯"
}
[06/15/18, 16:18:46:491] info: Store: SET_FULL_SCREEN
[06/15/18, 16:18:46:937] info: Store: SET_FULL_SCREEN
[06/15/18, 16:18:46:939] info: Store: SET_FULL_SCREEN
[06/15/18, 16:18:47:187] info: Store: SET_FULL_SCREEN
[06/15/18, 16:18:47:412] info: Store: SET_FULL_SCREEN
[06/15/18, 16:18:47:419] info: Store: SET_FULL_SCREEN
[06/15/18, 16:19:54:081] info: Store: SET_FULL_SCREEN
[06/15/18, 16:19:54:083] info: Store: SET_FULL_SCREEN
[06/15/18, 16:19:54:331] info: Store: SET_FULL_SCREEN
[06/15/18, 16:19:54:334] info: Store: SET_FULL_SCREEN
[06/15/18, 16:19:54:337] info: Store: SET_FULL_SCREEN
